#
# There is insufficient memory for the Java Runtime Environment to continue.
# Native memory allocation (mmap) failed to map 67108864 bytes for Failed to commit area from 0x000000008de00000 to 0x0000000091e00000 of length 67108864.
# Possible reasons:
#   The system is out of physical RAM or swap space
#   The process is running with CompressedOops enabled, and the Java Heap may be blocking the growth of the native heap
# Possible solutions:
#   Reduce memory load on the system
#   Increase physical memory or swap space
#   Check if swap backing store is full
#   Decrease Java heap size (-Xmx/-Xms)
#   Decrease number of Java threads
#   Decrease Java thread stack sizes (-Xss)
#   Set larger code cache with -XX:ReservedCodeCacheSize=
#   JVM is running with Unscaled Compressed Oops mode in which the Java heap is
#     placed in the first 4GB address space. The Java Heap base address is the
#     maximum limit for the native heap growth. Please use -XX:HeapBaseMinAddress
#     to set the Java Heap base and to place the Java Heap above 4GB virtual address.
# This output file may be truncated or incomplete.
#
#  Out of Memory Error (./src/hotspot/os/windows/os_windows.cpp:3521), pid=6136, tid=4232
#
# JRE version: OpenJDK Runtime Environment (11.0.12+7) (build 11.0.12+7-b1504.28-7817840)
# Java VM: OpenJDK 64-Bit Server VM (11.0.12+7-b1504.28-7817840, mixed mode, tiered, compressed oops, g1 gc, windows-amd64)
# No core dump will be written. Minidumps are not enabled by default on client versions of Windows
#

---------------  S U M M A R Y ------------

Command Line: --add-opens=java.base/java.util=ALL-UNNAMED --add-opens=java.base/java.lang=ALL-UNNAMED --add-opens=java.base/java.lang.invoke=ALL-UNNAMED --add-opens=java.base/java.util=ALL-UNNAMED --add-opens=java.prefs/java.util.prefs=ALL-UNNAMED --add-opens=java.prefs/java.util.prefs=ALL-UNNAMED --add-opens=java.base/java.nio.charset=ALL-UNNAMED --add-opens=java.base/java.net=ALL-UNNAMED --add-opens=java.base/java.util.concurrent.atomic=ALL-UNNAMED -Xmx2048m -Dfile.encoding=UTF-8 -Duser.country=RU -Duser.language=ru -Duser.variant org.gradle.launcher.daemon.bootstrap.GradleDaemon 7.3.3

Host: Intel(R) Core(TM) i5-8250U CPU @ 1.60GHz, 8 cores, 7G,  Windows 10 , 64 bit Build 19041 (10.0.19041.1806)
Time: Tue Aug 16 16:30:50 2022 RTZ 2 (зима) elapsed time: 12.888642 seconds (0d 0h 0m 12s)

---------------  T H R E A D  ---------------

Current thread (0x000002b9cf060800):  VMThread "VM Thread" [stack: 0x000000dcf8b00000,0x000000dcf8c00000] [id=4232]

Stack: [0x000000dcf8b00000,0x000000dcf8c00000]
[error occurred during error reporting (printing stack bounds), id 0xc0000005, EXCEPTION_ACCESS_VIOLATION (0xc0000005) at pc=0x000002b9b7f1112d]

Native frames: (J=compiled Java code, j=interpreted, Vv=VM code, C=native code)
V  [jvm.dll+0x5fbcea]
V  [jvm.dll+0x731905]
V  [jvm.dll+0x732f1d]
V  [jvm.dll+0x733535]
V  [jvm.dll+0x7334eb]
V  [jvm.dll+0x5fb080]
V  [jvm.dll+0x5fb818]
C  [ntdll.dll+0xa229f]
C  [ntdll.dll+0x51454]
C  [ntdll.dll+0xa0dce]
C  0x000002b9b7f1112d

VM_Operation (0x000000dcfc1f8d20): G1CollectForAllocation, mode: safepoint, requested by thread 0x000002b9d3706000


---------------  P R O C E S S  ---------------

Threads class SMR info:
_java_thread_list=0x000002b9d9a00070, length=137, elements={
0x000002b9b2bf9000, 0x000002b9cf062800, 0x000002b9cf064000, 0x000002b9cf07f800,
0x000002b9cf081800, 0x000002b9cf083000, 0x000002b9cf08a000, 0x000002b9cf08b000,
0x000002b9cf08f800, 0x000002b9cfb5d800, 0x000002b9d2756000, 0x000002b9d1dd0000,
0x000002b9d1dd1000, 0x000002b9d1dd1800, 0x000002b9d1dcf800, 0x000002b9d2dc9800,
0x000002b9d2dca800, 0x000002b9d2dc7000, 0x000002b9d2dc8800, 0x000002b9d2dc5800,
0x000002b9d13e8000, 0x000002b9d2dc8000, 0x000002b9d2dc4800, 0x000002b9d2dcb000,
0x000002b9d2dc6000, 0x000002b9d2dcf000, 0x000002b9d2dcd000, 0x000002b9d2dd0000,
0x000002b9d2dcd800, 0x000002b9d2dce800, 0x000002b9d2dcc000, 0x000002b9d2dd1000,
0x000002b9d2dd2800, 0x000002b9d36f8000, 0x000002b9d36fd000, 0x000002b9d36fb000,
0x000002b9d36fc000, 0x000002b9d36fd800, 0x000002b9d36fe800, 0x000002b9d36f8800,
0x000002b9d36ff000, 0x000002b9d36f9800, 0x000002b9d3700000, 0x000002b9d36fa800,
0x000002b9d3705000, 0x000002b9d3706000, 0x000002b9d3701800, 0x000002b9d3702800,
0x000002b9d3703800, 0x000002b9d3704000, 0x000002b9d3701000, 0x000002b9d5611000,
0x000002b9d5613800, 0x000002b9d5614000, 0x000002b9d5610000, 0x000002b9d5615000,
0x000002b9d5612800, 0x000002b9d560f000, 0x000002b9d5615800, 0x000002b9d5616800,
0x000002b9d5617800, 0x000002b9d5611800, 0x000002b9d5619000, 0x000002b9d561c000,
0x000002b9d561b800, 0x000002b9d561a800, 0x000002b9d561e000, 0x000002b9d561d000,
0x000002b9d5618000, 0x000002b9d561a000, 0x000002b9d5563800, 0x000002b9d5569000,
0x000002b9d5566800, 0x000002b9d5565800, 0x000002b9d5565000, 0x000002b9d5567800,
0x000002b9d5568000, 0x000002b9d5564000, 0x000002b9d556e000, 0x000002b9d556a800,
0x000002b9d556e800, 0x000002b9d556b800, 0x000002b9d556f800, 0x000002b9d556c000,
0x000002b9d556a000, 0x000002b9d5570800, 0x000002b9d5571000, 0x000002b9d5572000,
0x000002b9d556d000, 0x000002b9d37ec800, 0x000002b9d37e7800, 0x000002b9d37e8800,
0x000002b9d37e7000, 0x000002b9d37ea000, 0x000002b9d37eb000, 0x000002b9d37ed800,
0x000002b9d37e9800, 0x000002b9d37f1800, 0x000002b9d37ef000, 0x000002b9d37f0800,
0x000002b9d37ee000, 0x000002b9d37f0000, 0x000002b9d37ec000, 0x000002b9d37f2800,
0x000002b9d37f5800, 0x000002b9d37f3000, 0x000002b9d37f4800, 0x000002b9d37f4000,
0x000002b9d3372000, 0x000002b9d3373000, 0x000002b9d3374000, 0x000002b9d336e000,
0x000002b9d3374800, 0x000002b9d336f000, 0x000002b9d3375800, 0x000002b9d3370000,
0x000002b9d3370800, 0x000002b9d3376800, 0x000002b9d3371800, 0x000002b9d3378000,
0x000002b9d3379800, 0x000002b9d3378800, 0x000002b9d337d000, 0x000002b9d337c000,
0x000002b9d337a800, 0x000002b9d337b000, 0x000002b9d7e0d000, 0x000002b9d7e09000,
0x000002b9d7e0a800, 0x000002b9d7e0b800, 0x000002b9d7e0c000, 0x000002b9d7e0e000,
0x000002b9d7e08000, 0x000002b9d7e09800, 0x000002b9d7e13800, 0x000002b9d7e14800,
0x000002b9d7e0f800
}

Java Threads: ( => current thread )
  0x000002b9b2bf9000 JavaThread "main" [_thread_blocked, id=10360, stack(0x000000dcf8500000,0x000000dcf8600000)]
  0x000002b9cf062800 JavaThread "Reference Handler" daemon [_thread_blocked, id=6356, stack(0x000000dcf8c00000,0x000000dcf8d00000)]
  0x000002b9cf064000 JavaThread "Finalizer" daemon [_thread_blocked, id=4100, stack(0x000000dcf8d00000,0x000000dcf8e00000)]
  0x000002b9cf07f800 JavaThread "Signal Dispatcher" daemon [_thread_blocked, id=10564, stack(0x000000dcf8e00000,0x000000dcf8f00000)]
  0x000002b9cf081800 JavaThread "Attach Listener" daemon [_thread_blocked, id=6428, stack(0x000000dcf8f00000,0x000000dcf9000000)]
  0x000002b9cf083000 JavaThread "Service Thread" daemon [_thread_blocked, id=4344, stack(0x000000dcf9000000,0x000000dcf9100000)]
  0x000002b9cf08a000 JavaThread "C2 CompilerThread0" daemon [_thread_blocked, id=1128, stack(0x000000dcf9100000,0x000000dcf9200000)]
  0x000002b9cf08b000 JavaThread "C1 CompilerThread0" daemon [_thread_blocked, id=6416, stack(0x000000dcf9200000,0x000000dcf9300000)]
  0x000002b9cf08f800 JavaThread "Sweeper thread" daemon [_thread_blocked, id=9780, stack(0x000000dcf9300000,0x000000dcf9400000)]
  0x000002b9cfb5d800 JavaThread "Common-Cleaner" daemon [_thread_blocked, id=2796, stack(0x000000dcf9400000,0x000000dcf9500000)]
  0x000002b9d2756000 JavaThread "Daemon health stats" [_thread_blocked, id=2784, stack(0x000000dcf9900000,0x000000dcf9a00000)]
  0x000002b9d1dd0000 JavaThread "Incoming local TCP Connector on port 62471" [_thread_in_native, id=1572, stack(0x000000dcf9600000,0x000000dcf9700000)]
  0x000002b9d1dd1000 JavaThread "Daemon periodic checks" [_thread_blocked, id=9548, stack(0x000000dcf9a00000,0x000000dcf9b00000)]
  0x000002b9d1dd1800 JavaThread "Daemon" [_thread_blocked, id=7492, stack(0x000000dcf9b00000,0x000000dcf9c00000)]
  0x000002b9d1dcf800 JavaThread "Handler for socket connection from /127.0.0.1:62471 to /127.0.0.1:62472" [_thread_in_native, id=12360, stack(0x000000dcf9c00000,0x000000dcf9d00000)]
  0x000002b9d2dc9800 JavaThread "Cancel handler" [_thread_blocked, id=5896, stack(0x000000dcf9d00000,0x000000dcf9e00000)]
  0x000002b9d2dca800 JavaThread "Daemon worker" [_thread_blocked, id=12432, stack(0x000000dcf9e00000,0x000000dcf9f00000)]
  0x000002b9d2dc7000 JavaThread "Asynchronous log dispatcher for DefaultDaemonConnection: socket connection from /127.0.0.1:62471 to /127.0.0.1:62472" [_thread_blocked, id=2760, stack(0x000000dcf9f00000,0x000000dcfa000000)]
  0x000002b9d2dc8800 JavaThread "Stdin handler" [_thread_blocked, id=10172, stack(0x000000dcfa000000,0x000000dcfa100000)]
  0x000002b9d2dc5800 JavaThread "Daemon client event forwarder" [_thread_blocked, id=6248, stack(0x000000dcfa100000,0x000000dcfa200000)]
  0x000002b9d13e8000 JavaThread "C2 CompilerThread1" daemon [_thread_blocked, id=2392, stack(0x000000dcfa200000,0x000000dcfa300000)]
  0x000002b9d2dc8000 JavaThread "Cache worker for journal cache (C:\Users\79269\.gradle\caches\journal-1)" [_thread_blocked, id=12860, stack(0x000000dcfa800000,0x000000dcfa900000)]
  0x000002b9d2dc4800 JavaThread "File lock request listener" [_thread_in_native, id=9660, stack(0x000000dcfa900000,0x000000dcfaa00000)]
  0x000002b9d2dcb000 JavaThread "Cache worker for file hash cache (C:\Users\79269\.gradle\caches\7.3.3\fileHashes)" [_thread_blocked, id=10336, stack(0x000000dcfaa00000,0x000000dcfab00000)]
  0x000002b9d2dc6000 JavaThread "Cache worker for file hash cache (C:\Users\79269\AndroidStudioProjects\TestApp\.gradle\7.3.3\fileHashes)" [_thread_blocked, id=7260, stack(0x000000dcfac00000,0x000000dcfad00000)]
  0x000002b9d2dcf000 JavaThread "File watcher server" daemon [_thread_blocked, id=6708, stack(0x000000dcfad00000,0x000000dcfae00000)]
  0x000002b9d2dcd000 JavaThread "File watcher consumer" daemon [_thread_blocked, id=10840, stack(0x000000dcfae00000,0x000000dcfaf00000)]
  0x000002b9d2dd0000 JavaThread "Cache worker for checksums cache (C:\Users\79269\AndroidStudioProjects\TestApp\.gradle\7.3.3\checksums)" [_thread_blocked, id=11256, stack(0x000000dcfaf00000,0x000000dcfb000000)]
  0x000002b9d2dcd800 JavaThread "Cache worker for cache directory md-supplier (C:\Users\79269\.gradle\caches\7.3.3\md-supplier)" [_thread_blocked, id=7244, stack(0x000000dcfb000000,0x000000dcfb100000)]
  0x000002b9d2dce800 JavaThread "Cache worker for cache directory md-rule (C:\Users\79269\.gradle\caches\7.3.3\md-rule)" [_thread_blocked, id=11812, stack(0x000000dcfb100000,0x000000dcfb200000)]
  0x000002b9d2dcc000 JavaThread "Cache worker for execution history cache (C:\Users\79269\.gradle\caches\7.3.3\executionHistory)" [_thread_blocked, id=12460, stack(0x000000dcfb200000,0x000000dcfb300000)]
  0x000002b9d2dd1000 JavaThread "jar transforms" [_thread_blocked, id=13156, stack(0x000000dcfb300000,0x000000dcfb400000)]
  0x000002b9d2dd2800 JavaThread "Cache worker for file content cache (C:\Users\79269\.gradle\caches\7.3.3\fileContent)" [_thread_blocked, id=4432, stack(0x000000dcfb400000,0x000000dcfb500000)]
  0x000002b9d36f8000 JavaThread "jar transforms Thread 2" [_thread_blocked, id=6404, stack(0x000000dcfb500000,0x000000dcfb600000)]
  0x000002b9d36fd000 JavaThread "Cache worker for dependencies-accessors (C:\Users\79269\AndroidStudioProjects\TestApp\.gradle\7.3.3\dependencies-accessors)" [_thread_blocked, id=9816, stack(0x000000dcfb600000,0x000000dcfb700000)]
  0x000002b9d36fb000 JavaThread "jar transforms Thread 3" [_thread_blocked, id=10904, stack(0x000000dcfb700000,0x000000dcfb800000)]
  0x000002b9d36fc000 JavaThread "Cache worker for Build Output Cleanup Cache (C:\Users\79269\AndroidStudioProjects\TestApp\.gradle\buildOutputCleanup)" [_thread_blocked, id=1132, stack(0x000000dcfb800000,0x000000dcfb900000)]
  0x000002b9d36fd800 JavaThread "Unconstrained build operations" [_thread_blocked, id=7340, stack(0x000000dcfb900000,0x000000dcfba00000)]
  0x000002b9d36fe800 JavaThread "Unconstrained build operations Thread 2" [_thread_blocked, id=13008, stack(0x000000dcfba00000,0x000000dcfbb00000)]
  0x000002b9d36f8800 JavaThread "Unconstrained build operations Thread 3" [_thread_blocked, id=4032, stack(0x000000dcfbb00000,0x000000dcfbc00000)]
  0x000002b9d36ff000 JavaThread "Unconstrained build operations Thread 4" [_thread_blocked, id=9320, stack(0x000000dcfbc00000,0x000000dcfbd00000)]
  0x000002b9d36f9800 JavaThread "Unconstrained build operations Thread 5" [_thread_blocked, id=7988, stack(0x000000dcfbd00000,0x000000dcfbe00000)]
  0x000002b9d3700000 JavaThread "Unconstrained build operations Thread 6" [_thread_blocked, id=2404, stack(0x000000dcfbe00000,0x000000dcfbf00000)]
  0x000002b9d36fa800 JavaThread "Unconstrained build operations Thread 7" [_thread_blocked, id=12968, stack(0x000000dcfbf00000,0x000000dcfc000000)]
  0x000002b9d3705000 JavaThread "Unconstrained build operations Thread 8" [_thread_blocked, id=7740, stack(0x000000dcfc000000,0x000000dcfc100000)]
  0x000002b9d3706000 JavaThread "Unconstrained build operations Thread 9" [_thread_blocked, id=7468, stack(0x000000dcfc100000,0x000000dcfc200000)]
  0x000002b9d3701800 JavaThread "Unconstrained build operations Thread 10" [_thread_blocked, id=8648, stack(0x000000dcfc200000,0x000000dcfc300000)]
  0x000002b9d3702800 JavaThread "Unconstrained build operations Thread 11" [_thread_blocked, id=11120, stack(0x000000dcfc300000,0x000000dcfc400000)]
  0x000002b9d3703800 JavaThread "Unconstrained build operations Thread 12" [_thread_blocked, id=9328, stack(0x000000dcfc400000,0x000000dcfc500000)]
  0x000002b9d3704000 JavaThread "Unconstrained build operations Thread 13" [_thread_blocked, id=5124, stack(0x000000dcfc500000,0x000000dcfc600000)]
  0x000002b9d3701000 JavaThread "Unconstrained build operations Thread 14" [_thread_blocked, id=10004, stack(0x000000dcfc600000,0x000000dcfc700000)]
  0x000002b9d5611000 JavaThread "Unconstrained build operations Thread 15" [_thread_blocked, id=1924, stack(0x000000dcfc700000,0x000000dcfc800000)]
  0x000002b9d5613800 JavaThread "Unconstrained build operations Thread 16" [_thread_blocked, id=1596, stack(0x000000dcfc800000,0x000000dcfc900000)]
  0x000002b9d5614000 JavaThread "Unconstrained build operations Thread 17" [_thread_blocked, id=10684, stack(0x000000dcfc900000,0x000000dcfca00000)]
  0x000002b9d5610000 JavaThread "Unconstrained build operations Thread 18" [_thread_blocked, id=12040, stack(0x000000dcfca00000,0x000000dcfcb00000)]
  0x000002b9d5615000 JavaThread "Unconstrained build operations Thread 19" [_thread_blocked, id=9144, stack(0x000000dcfcb00000,0x000000dcfcc00000)]
  0x000002b9d5612800 JavaThread "Unconstrained build operations Thread 20" [_thread_blocked, id=9964, stack(0x000000dcfcc00000,0x000000dcfcd00000)]
  0x000002b9d560f000 JavaThread "Unconstrained build operations Thread 21" [_thread_blocked, id=11020, stack(0x000000dcfcd00000,0x000000dcfce00000)]
  0x000002b9d5615800 JavaThread "Unconstrained build operations Thread 22" [_thread_blocked, id=2580, stack(0x000000dcfce00000,0x000000dcfcf00000)]
  0x000002b9d5616800 JavaThread "Unconstrained build operations Thread 23" [_thread_blocked, id=8996, stack(0x000000dcfcf00000,0x000000dcfd000000)]
  0x000002b9d5617800 JavaThread "Unconstrained build operations Thread 24" [_thread_blocked, id=3476, stack(0x000000dcfd000000,0x000000dcfd100000)]
  0x000002b9d5611800 JavaThread "Unconstrained build operations Thread 25" [_thread_blocked, id=992, stack(0x000000dcfd100000,0x000000dcfd200000)]
  0x000002b9d5619000 JavaThread "Unconstrained build operations Thread 26" [_thread_blocked, id=10868, stack(0x000000dcfd200000,0x000000dcfd300000)]
  0x000002b9d561c000 JavaThread "Unconstrained build operations Thread 27" [_thread_blocked, id=2328, stack(0x000000dcfd300000,0x000000dcfd400000)]
  0x000002b9d561b800 JavaThread "Unconstrained build operations Thread 28" [_thread_blocked, id=5624, stack(0x000000dcfd400000,0x000000dcfd500000)]
  0x000002b9d561a800 JavaThread "Unconstrained build operations Thread 29" [_thread_blocked, id=2588, stack(0x000000dcfd500000,0x000000dcfd600000)]
  0x000002b9d561e000 JavaThread "Unconstrained build operations Thread 30" [_thread_blocked, id=6772, stack(0x000000dcfd600000,0x000000dcfd700000)]
  0x000002b9d561d000 JavaThread "Unconstrained build operations Thread 31" [_thread_blocked, id=12788, stack(0x000000dcfd700000,0x000000dcfd800000)]
  0x000002b9d5618000 JavaThread "Unconstrained build operations Thread 32" [_thread_blocked, id=10224, stack(0x000000dcfd800000,0x000000dcfd900000)]
  0x000002b9d561a000 JavaThread "Unconstrained build operations Thread 33" [_thread_blocked, id=9536, stack(0x000000dcfd900000,0x000000dcfda00000)]
  0x000002b9d5563800 JavaThread "Unconstrained build operations Thread 34" [_thread_blocked, id=6628, stack(0x000000dcfda00000,0x000000dcfdb00000)]
  0x000002b9d5569000 JavaThread "Unconstrained build operations Thread 35" [_thread_blocked, id=4624, stack(0x000000dcfdb00000,0x000000dcfdc00000)]
  0x000002b9d5566800 JavaThread "Unconstrained build operations Thread 36" [_thread_blocked, id=3596, stack(0x000000dcfdc00000,0x000000dcfdd00000)]
  0x000002b9d5565800 JavaThread "Unconstrained build operations Thread 37" [_thread_blocked, id=10112, stack(0x000000dcfdd00000,0x000000dcfde00000)]
  0x000002b9d5565000 JavaThread "Unconstrained build operations Thread 38" [_thread_blocked, id=11236, stack(0x000000dcfde00000,0x000000dcfdf00000)]
  0x000002b9d5567800 JavaThread "Unconstrained build operations Thread 39" [_thread_blocked, id=7556, stack(0x000000dcfdf00000,0x000000dcfe000000)]
  0x000002b9d5568000 JavaThread "Unconstrained build operations Thread 40" [_thread_blocked, id=3428, stack(0x000000dcfe000000,0x000000dcfe100000)]
  0x000002b9d5564000 JavaThread "Unconstrained build operations Thread 41" [_thread_blocked, id=3488, stack(0x000000dcfe100000,0x000000dcfe200000)]
  0x000002b9d556e000 JavaThread "Unconstrained build operations Thread 42" [_thread_blocked, id=2064, stack(0x000000dcfe200000,0x000000dcfe300000)]
  0x000002b9d556a800 JavaThread "Unconstrained build operations Thread 43" [_thread_blocked, id=11380, stack(0x000000dcfe300000,0x000000dcfe400000)]
  0x000002b9d556e800 JavaThread "Unconstrained build operations Thread 44" [_thread_blocked, id=7656, stack(0x000000dcfe400000,0x000000dcfe500000)]
  0x000002b9d556b800 JavaThread "Unconstrained build operations Thread 45" [_thread_blocked, id=11060, stack(0x000000dcfe500000,0x000000dcfe600000)]
  0x000002b9d556f800 JavaThread "Unconstrained build operations Thread 46" [_thread_blocked, id=9500, stack(0x000000dcfe600000,0x000000dcfe700000)]
  0x000002b9d556c000 JavaThread "Unconstrained build operations Thread 47" [_thread_blocked, id=4656, stack(0x000000dcfe700000,0x000000dcfe800000)]
  0x000002b9d556a000 JavaThread "Unconstrained build operations Thread 48" [_thread_blocked, id=9100, stack(0x000000dcfe800000,0x000000dcfe900000)]
  0x000002b9d5570800 JavaThread "Unconstrained build operations Thread 49" [_thread_blocked, id=6436, stack(0x000000dcfe900000,0x000000dcfea00000)]
  0x000002b9d5571000 JavaThread "Unconstrained build operations Thread 50" [_thread_blocked, id=11240, stack(0x000000dcfea00000,0x000000dcfeb00000)]
  0x000002b9d5572000 JavaThread "Unconstrained build operations Thread 51" [_thread_blocked, id=4904, stack(0x000000dcfeb00000,0x000000dcfec00000)]
  0x000002b9d556d000 JavaThread "Unconstrained build operations Thread 52" [_thread_blocked, id=3068, stack(0x000000dcfec00000,0x000000dcfed00000)]
  0x000002b9d37ec800 JavaThread "Unconstrained build operations Thread 53" [_thread_blocked, id=3552, stack(0x000000dcfed00000,0x000000dcfee00000)]
  0x000002b9d37e7800 JavaThread "Unconstrained build operations Thread 54" [_thread_blocked, id=5296, stack(0x000000dcfee00000,0x000000dcfef00000)]
  0x000002b9d37e8800 JavaThread "Unconstrained build operations Thread 55" [_thread_blocked, id=9124, stack(0x000000dcfef00000,0x000000dcff000000)]
  0x000002b9d37e7000 JavaThread "Unconstrained build operations Thread 56" [_thread_blocked, id=4140, stack(0x000000dcff000000,0x000000dcff100000)]
  0x000002b9d37ea000 JavaThread "Unconstrained build operations Thread 57" [_thread_blocked, id=8596, stack(0x000000dcff100000,0x000000dcff200000)]
  0x000002b9d37eb000 JavaThread "Unconstrained build operations Thread 58" [_thread_blocked, id=9256, stack(0x000000dcff200000,0x000000dcff300000)]
  0x000002b9d37ed800 JavaThread "Unconstrained build operations Thread 59" [_thread_blocked, id=8880, stack(0x000000dcff300000,0x000000dcff400000)]
  0x000002b9d37e9800 JavaThread "Unconstrained build operations Thread 60" [_thread_blocked, id=6112, stack(0x000000dcff400000,0x000000dcff500000)]
  0x000002b9d37f1800 JavaThread "Unconstrained build operations Thread 61" [_thread_blocked, id=10376, stack(0x000000dcff500000,0x000000dcff600000)]
  0x000002b9d37ef000 JavaThread "Unconstrained build operations Thread 62" [_thread_blocked, id=6396, stack(0x000000dcff600000,0x000000dcff700000)]
  0x000002b9d37f0800 JavaThread "Unconstrained build operations Thread 63" [_thread_blocked, id=12688, stack(0x000000dcff700000,0x000000dcff800000)]
  0x000002b9d37ee000 JavaThread "Unconstrained build operations Thread 64" [_thread_blocked, id=4968, stack(0x000000dcff800000,0x000000dcff900000)]
  0x000002b9d37f0000 JavaThread "Unconstrained build operations Thread 65" [_thread_blocked, id=8984, stack(0x000000dcff900000,0x000000dcffa00000)]
  0x000002b9d37ec000 JavaThread "Unconstrained build operations Thread 66" [_thread_blocked, id=12848, stack(0x000000dcffa00000,0x000000dcffb00000)]
  0x000002b9d37f2800 JavaThread "Unconstrained build operations Thread 67" [_thread_blocked, id=12384, stack(0x000000dcffb00000,0x000000dcffc00000)]
  0x000002b9d37f5800 JavaThread "Unconstrained build operations Thread 68" [_thread_blocked, id=4752, stack(0x000000dcffc00000,0x000000dcffd00000)]
  0x000002b9d37f3000 JavaThread "Unconstrained build operations Thread 69" [_thread_blocked, id=4024, stack(0x000000dcffd00000,0x000000dcffe00000)]
  0x000002b9d37f4800 JavaThread "Unconstrained build operations Thread 70" [_thread_blocked, id=6408, stack(0x000000dcffe00000,0x000000dcfff00000)]
  0x000002b9d37f4000 JavaThread "Unconstrained build operations Thread 71" [_thread_blocked, id=8360, stack(0x000000dcfff00000,0x000000dd00000000)]
  0x000002b9d3372000 JavaThread "Unconstrained build operations Thread 72" [_thread_blocked, id=8392, stack(0x000000dc80000000,0x000000dc80100000)]
  0x000002b9d3373000 JavaThread "Unconstrained build operations Thread 73" [_thread_blocked, id=9212, stack(0x000000dc80100000,0x000000dc80200000)]
  0x000002b9d3374000 JavaThread "Unconstrained build operations Thread 74" [_thread_blocked, id=10672, stack(0x000000dc80200000,0x000000dc80300000)]
  0x000002b9d336e000 JavaThread "Unconstrained build operations Thread 75" [_thread_blocked, id=4256, stack(0x000000dc80300000,0x000000dc80400000)]
  0x000002b9d3374800 JavaThread "Unconstrained build operations Thread 76" [_thread_blocked, id=8496, stack(0x000000dc80400000,0x000000dc80500000)]
  0x000002b9d336f000 JavaThread "Unconstrained build operations Thread 77" [_thread_blocked, id=2452, stack(0x000000dc80500000,0x000000dc80600000)]
  0x000002b9d3375800 JavaThread "Unconstrained build operations Thread 78" [_thread_blocked, id=3420, stack(0x000000dc80600000,0x000000dc80700000)]
  0x000002b9d3370000 JavaThread "Unconstrained build operations Thread 79" [_thread_blocked, id=10124, stack(0x000000dc80700000,0x000000dc80800000)]
  0x000002b9d3370800 JavaThread "Unconstrained build operations Thread 80" [_thread_blocked, id=10900, stack(0x000000dc80800000,0x000000dc80900000)]
  0x000002b9d3376800 JavaThread "jar transforms Thread 4" [_thread_blocked, id=5856, stack(0x000000dc80900000,0x000000dc80a00000)]
  0x000002b9d3371800 JavaThread "jar transforms Thread 5" [_thread_blocked, id=7580, stack(0x000000dc80a00000,0x000000dc80b00000)]
  0x000002b9d3378000 JavaThread "jar transforms Thread 6" [_thread_blocked, id=1448, stack(0x000000dc80b00000,0x000000dc80c00000)]
  0x000002b9d3379800 JavaThread "jar transforms Thread 7" [_thread_blocked, id=9336, stack(0x000000dc80c00000,0x000000dc80d00000)]
  0x000002b9d3378800 JavaThread "jar transforms Thread 8" [_thread_blocked, id=6908, stack(0x000000dc80d00000,0x000000dc80e00000)]
  0x000002b9d337d000 JavaThread "Memory manager" [_thread_blocked, id=8080, stack(0x000000dc80e00000,0x000000dc80f00000)]
  0x000002b9d337c000 JavaThread "build event listener" [_thread_blocked, id=6000, stack(0x000000dc80f00000,0x000000dc81000000)]
  0x000002b9d337a800 JavaThread "build event listener" [_thread_blocked, id=7880, stack(0x000000dc81000000,0x000000dc81100000)]
  0x000002b9d337b000 JavaThread "Execution worker for ':'" [_thread_blocked, id=828, stack(0x000000dc81100000,0x000000dc81200000)]
  0x000002b9d7e0d000 JavaThread "Execution worker for ':' Thread 2" [_thread_blocked, id=8800, stack(0x000000dc81200000,0x000000dc81300000)]
  0x000002b9d7e09000 JavaThread "Execution worker for ':' Thread 3" [_thread_blocked, id=888, stack(0x000000dc81300000,0x000000dc81400000)]
  0x000002b9d7e0a800 JavaThread "Execution worker for ':' Thread 4" [_thread_blocked, id=8612, stack(0x000000dc81400000,0x000000dc81500000)]
  0x000002b9d7e0b800 JavaThread "Execution worker for ':' Thread 5" [_thread_blocked, id=11388, stack(0x000000dc81500000,0x000000dc81600000)]
  0x000002b9d7e0c000 JavaThread "Execution worker for ':' Thread 6" [_thread_blocked, id=13060, stack(0x000000dc81600000,0x000000dc81700000)]
  0x000002b9d7e0e000 JavaThread "Execution worker for ':' Thread 7" [_thread_blocked, id=11828, stack(0x000000dc81700000,0x000000dc81800000)]
  0x000002b9d7e08000 JavaThread "Cache worker for execution history cache (C:\Users\79269\AndroidStudioProjects\TestApp\.gradle\7.3.3\executionHistory)" [_thread_blocked, id=12732, stack(0x000000dc81800000,0x000000dc81900000)]
  0x000002b9d7e09800 JavaThread "WorkerExecutor Queue" [_thread_blocked, id=272, stack(0x000000dc81900000,0x000000dc81a00000)]
  0x000002b9d7e13800 JavaThread "pool-3-thread-1" [_thread_blocked, id=12044, stack(0x000000dc81a00000,0x000000dc81b00000)]
  0x000002b9d7e14800 JavaThread "stderr" [_thread_in_native, id=4912, stack(0x000000dc81b00000,0x000000dc81c00000)]
  0x000002b9d7e0f800 JavaThread "stdout" [_thread_in_native, id=5576, stack(0x000000dc81c00000,0x000000dc81d00000)]

Other Threads:
=>0x000002b9cf060800 VMThread "VM Thread" [stack: 0x000000dcf8b00000,0x000000dcf8c00000] [id=4232]
  0x000002b9cfb67000 WatcherThread [stack: 0x000000dcf9500000,0x000000dcf9600000] [id=8792]
  0x000002b9b2c13800 GCTaskThread "GC Thread#0" [stack: 0x000000dcf8600000,0x000000dcf8700000] [id=6888]
  0x000002b9d08cc000 GCTaskThread "GC Thread#1" [stack: 0x000000dcf9700000,0x000000dcf9800000] [id=5080]
  0x000002b9d0794000 GCTaskThread "GC Thread#2" [stack: 0x000000dcf9800000,0x000000dcf9900000] [id=7612]
  0x000002b9d23a1800 GCTaskThread "GC Thread#3" [stack: 0x000000dcfa300000,0x000000dcfa400000] [id=8240]
  0x000002b9d259a000 GCTaskThread "GC Thread#4" [stack: 0x000000dcfa400000,0x000000dcfa500000] [id=9364]
  0x000002b9d267b000 GCTaskThread "GC Thread#5" [stack: 0x000000dcfa500000,0x000000dcfa600000] [id=12112]
  0x000002b9d1b91800 GCTaskThread "GC Thread#6" [stack: 0x000000dcfa600000,0x000000dcfa700000] [id=7824]
  0x000002b9d0b75800 GCTaskThread "GC Thread#7" [stack: 0x000000dcfa700000,0x000000dcfa800000] [id=460]
  0x000002b9b2c44800 ConcurrentGCThread "G1 Main Marker" [stack: 0x000000dcf8700000,0x000000dcf8800000] [id=8068]
  0x000002b9b2c46000 ConcurrentGCThread "G1 Conc#0" [stack: 0x000000dcf8800000,0x000000dcf8900000] [id=1172]
  0x000002b9d0a96800 ConcurrentGCThread "G1 Conc#1" [stack: 0x000000dcfab00000,0x000000dcfac00000] [id=1968]
  0x000002b9ceeb0800 ConcurrentGCThread "G1 Refine#0" [stack: 0x000000dcf8900000,0x000000dcf8a00000] [id=1276]
  0x000002b9ceeb1800 ConcurrentGCThread "G1 Young RemSet Sampling" [stack: 0x000000dcf8a00000,0x000000dcf8b00000] [id=6052]

Threads with active compile tasks:
C2 CompilerThread0  12919 10830       4       com.android.tools.r8.internal.Ct::c (177 bytes)
C1 CompilerThread0  12919 10999       2       com.android.tools.r8.internal.D9::a (859 bytes)
C2 CompilerThread1  12919 10976       4       com.android.tools.r8.internal.PN::a (160 bytes)

VM state:at safepoint (normal execution)

VM Mutex/Monitor currently owned by a thread:  ([mutex/lock_event])
[0x000002b9b2bf6340] Threads_lock - owner thread: 0x000002b9cf060800
[0x000002b9b2bf54a0] Heap_lock - owner thread: 0x000002b9d3706000

Heap address: 0x0000000080000000, size: 2048 MB, Compressed Oops mode: 32-bit
Narrow klass base: 0x0000000000000000, Narrow klass shift: 3
Compressed class space size: 1073741824 Address: 0x0000000100000000

Heap:
 garbage-first heap   total 292864K, used 133718K [0x0000000080000000, 0x0000000100000000)
  region size 1024K, 9 young (9216K), 9 survivors (9216K)
 Metaspace       used 100182K, capacity 102953K, committed 103084K, reserved 1138688K
  class space    used 13216K, capacity 14295K, committed 14336K, reserved 1048576K
Heap Regions: E=young(eden), S=young(survivor), O=old, HS=humongous(starts), HC=humongous(continues), CS=collection set, F=free, A=archive, TAMS=top-at-mark-start (previous, next)
|   0|0x0000000080000000, 0x0000000080100000, 0x0000000080100000|100%| O|  |TAMS 0x0000000080100000, 0x0000000080100000| Untracked 
|   1|0x0000000080100000, 0x0000000080200000, 0x0000000080200000|100%| O|  |TAMS 0x0000000080200000, 0x0000000080200000| Untracked 
|   2|0x0000000080200000, 0x0000000080300000, 0x0000000080300000|100%| O|  |TAMS 0x0000000080300000, 0x0000000080300000| Untracked 
|   3|0x0000000080300000, 0x0000000080400000, 0x0000000080400000|100%|HS|  |TAMS 0x0000000080400000, 0x0000000080400000| Complete 
|   4|0x0000000080400000, 0x0000000080500000, 0x0000000080500000|100%|HC|  |TAMS 0x0000000080500000, 0x0000000080500000| Complete 
|   5|0x0000000080500000, 0x0000000080600000, 0x0000000080600000|100%|HC|  |TAMS 0x0000000080600000, 0x0000000080600000| Complete 
|   6|0x0000000080600000, 0x0000000080700000, 0x0000000080700000|100%| O|  |TAMS 0x0000000080700000, 0x0000000080700000| Untracked 
|   7|0x0000000080700000, 0x0000000080800000, 0x0000000080800000|100%| O|  |TAMS 0x0000000080800000, 0x0000000080800000| Untracked 
|   8|0x0000000080800000, 0x0000000080900000, 0x0000000080900000|100%| O|  |TAMS 0x0000000080900000, 0x0000000080900000| Untracked 
|   9|0x0000000080900000, 0x0000000080a00000, 0x0000000080a00000|100%| O|  |TAMS 0x0000000080a00000, 0x0000000080a00000| Untracked 
|  10|0x0000000080a00000, 0x0000000080b00000, 0x0000000080b00000|100%| O|  |TAMS 0x0000000080b00000, 0x0000000080b00000| Untracked 
|  11|0x0000000080b00000, 0x0000000080c00000, 0x0000000080c00000|100%| O|  |TAMS 0x0000000080c00000, 0x0000000080c00000| Untracked 
|  12|0x0000000080c00000, 0x0000000080d00000, 0x0000000080d00000|100%| O|  |TAMS 0x0000000080d00000, 0x0000000080d00000| Untracked 
|  13|0x0000000080d00000, 0x0000000080e00000, 0x0000000080e00000|100%| O|  |TAMS 0x0000000080e00000, 0x0000000080e00000| Untracked 
|  14|0x0000000080e00000, 0x0000000080f00000, 0x0000000080f00000|100%| O|  |TAMS 0x0000000080f00000, 0x0000000080f00000| Untracked 
|  15|0x0000000080f00000, 0x0000000081000000, 0x0000000081000000|100%| O|  |TAMS 0x0000000081000000, 0x0000000081000000| Untracked 
|  16|0x0000000081000000, 0x0000000081100000, 0x0000000081100000|100%|HS|  |TAMS 0x0000000081100000, 0x0000000081100000| Complete 
|  17|0x0000000081100000, 0x0000000081200000, 0x0000000081200000|100%| O|  |TAMS 0x0000000081200000, 0x0000000081200000| Untracked 
|  18|0x0000000081200000, 0x0000000081300000, 0x0000000081300000|100%| O|  |TAMS 0x0000000081300000, 0x0000000081300000| Untracked 
|  19|0x0000000081300000, 0x0000000081400000, 0x0000000081400000|100%| O|  |TAMS 0x0000000081400000, 0x0000000081400000| Untracked 
|  20|0x0000000081400000, 0x0000000081500000, 0x0000000081500000|100%| O|  |TAMS 0x0000000081500000, 0x0000000081500000| Untracked 
|  21|0x0000000081500000, 0x0000000081600000, 0x0000000081600000|100%| O|  |TAMS 0x0000000081600000, 0x0000000081600000| Untracked 
|  22|0x0000000081600000, 0x0000000081700000, 0x0000000081700000|100%| O|  |TAMS 0x0000000081700000, 0x0000000081700000| Untracked 
|  23|0x0000000081700000, 0x0000000081800000, 0x0000000081800000|100%| O|  |TAMS 0x0000000081800000, 0x0000000081800000| Untracked 
|  24|0x0000000081800000, 0x0000000081900000, 0x0000000081900000|100%| O|  |TAMS 0x0000000081900000, 0x0000000081900000| Untracked 
|  25|0x0000000081900000, 0x0000000081a00000, 0x0000000081a00000|100%| O|  |TAMS 0x0000000081a00000, 0x0000000081a00000| Untracked 
|  26|0x0000000081a00000, 0x0000000081b00000, 0x0000000081b00000|100%| O|  |TAMS 0x0000000081b00000, 0x0000000081b00000| Untracked 
|  27|0x0000000081b00000, 0x0000000081c00000, 0x0000000081c00000|100%| O|  |TAMS 0x0000000081c00000, 0x0000000081c00000| Untracked 
|  28|0x0000000081c00000, 0x0000000081d00000, 0x0000000081d00000|100%|HS|  |TAMS 0x0000000081d00000, 0x0000000081d00000| Complete 
|  29|0x0000000081d00000, 0x0000000081e00000, 0x0000000081e00000|100%|HS|  |TAMS 0x0000000081e00000, 0x0000000081e00000| Complete 
|  30|0x0000000081e00000, 0x0000000081f00000, 0x0000000081f00000|100%|HS|  |TAMS 0x0000000081f00000, 0x0000000081f00000| Complete 
|  31|0x0000000081f00000, 0x0000000082000000, 0x0000000082000000|100%|HC|  |TAMS 0x0000000082000000, 0x0000000082000000| Complete 
|  32|0x0000000082000000, 0x0000000082100000, 0x0000000082100000|100%|HC|  |TAMS 0x0000000082100000, 0x0000000082100000| Complete 
|  33|0x0000000082100000, 0x0000000082200000, 0x0000000082200000|100%|HS|  |TAMS 0x0000000082200000, 0x0000000082200000| Complete 
|  34|0x0000000082200000, 0x0000000082300000, 0x0000000082300000|100%|HC|  |TAMS 0x0000000082300000, 0x0000000082300000| Complete 
|  35|0x0000000082300000, 0x0000000082400000, 0x0000000082400000|100%| O|  |TAMS 0x0000000082400000, 0x0000000082400000| Untracked 
|  36|0x0000000082400000, 0x0000000082500000, 0x0000000082500000|100%| O|  |TAMS 0x0000000082500000, 0x0000000082500000| Untracked 
|  37|0x0000000082500000, 0x0000000082600000, 0x0000000082600000|100%| O|  |TAMS 0x0000000082600000, 0x0000000082600000| Untracked 
|  38|0x0000000082600000, 0x0000000082700000, 0x0000000082700000|100%| O|  |TAMS 0x0000000082700000, 0x0000000082700000| Untracked 
|  39|0x0000000082700000, 0x0000000082800000, 0x0000000082800000|100%| O|  |TAMS 0x0000000082800000, 0x0000000082800000| Untracked 
|  40|0x0000000082800000, 0x0000000082900000, 0x0000000082900000|100%| O|  |TAMS 0x0000000082900000, 0x0000000082900000| Untracked 
|  41|0x0000000082900000, 0x0000000082a00000, 0x0000000082a00000|100%| O|  |TAMS 0x0000000082a00000, 0x0000000082a00000| Untracked 
|  42|0x0000000082a00000, 0x0000000082b00000, 0x0000000082b00000|100%| O|  |TAMS 0x0000000082b00000, 0x0000000082b00000| Untracked 
|  43|0x0000000082b00000, 0x0000000082c00000, 0x0000000082c00000|100%| O|  |TAMS 0x0000000082c00000, 0x0000000082c00000| Untracked 
|  44|0x0000000082c00000, 0x0000000082d00000, 0x0000000082d00000|100%| O|  |TAMS 0x0000000082d00000, 0x0000000082d00000| Untracked 
|  45|0x0000000082d00000, 0x0000000082e00000, 0x0000000082e00000|100%| O|  |TAMS 0x0000000082e00000, 0x0000000082e00000| Untracked 
|  46|0x0000000082e00000, 0x0000000082f00000, 0x0000000082f00000|100%| O|  |TAMS 0x0000000082f00000, 0x0000000082f00000| Untracked 
|  47|0x0000000082f00000, 0x0000000083000000, 0x0000000083000000|100%| O|  |TAMS 0x0000000082f00000, 0x0000000083000000| Untracked 
|  48|0x0000000083000000, 0x0000000083100000, 0x0000000083100000|100%| O|  |TAMS 0x0000000083034c00, 0x0000000083100000| Untracked 
|  49|0x0000000083100000, 0x0000000083200000, 0x0000000083200000|100%| O|  |TAMS 0x0000000083100000, 0x0000000083200000| Untracked 
|  50|0x0000000083200000, 0x0000000083300000, 0x0000000083300000|100%| O|  |TAMS 0x0000000083200000, 0x0000000083300000| Untracked 
|  51|0x0000000083300000, 0x0000000083400000, 0x0000000083400000|100%| O|  |TAMS 0x0000000083300000, 0x0000000083400000| Untracked 
|  52|0x0000000083400000, 0x0000000083500000, 0x0000000083500000|100%| O|  |TAMS 0x0000000083400000, 0x0000000083500000| Untracked 
|  53|0x0000000083500000, 0x0000000083600000, 0x0000000083600000|100%| O|  |TAMS 0x0000000083500000, 0x0000000083600000| Untracked 
|  54|0x0000000083600000, 0x0000000083700000, 0x0000000083700000|100%| O|  |TAMS 0x0000000083600000, 0x0000000083700000| Untracked 
|  55|0x0000000083700000, 0x0000000083800000, 0x0000000083800000|100%| O|  |TAMS 0x0000000083700000, 0x0000000083800000| Untracked 
|  56|0x0000000083800000, 0x0000000083900000, 0x0000000083900000|100%| O|  |TAMS 0x0000000083800000, 0x0000000083900000| Untracked 
|  57|0x0000000083900000, 0x0000000083a00000, 0x0000000083a00000|100%| O|  |TAMS 0x0000000083900000, 0x0000000083a00000| Untracked 
|  58|0x0000000083a00000, 0x0000000083b00000, 0x0000000083b00000|100%| O|  |TAMS 0x0000000083a00000, 0x0000000083b00000| Untracked 
|  59|0x0000000083b00000, 0x0000000083c00000, 0x0000000083c00000|100%| O|  |TAMS 0x0000000083b00000, 0x0000000083c00000| Untracked 
|  60|0x0000000083c00000, 0x0000000083d00000, 0x0000000083d00000|100%| O|  |TAMS 0x0000000083c00000, 0x0000000083d00000| Untracked 
|  61|0x0000000083d00000, 0x0000000083e00000, 0x0000000083e00000|100%| O|  |TAMS 0x0000000083d00000, 0x0000000083e00000| Untracked 
|  62|0x0000000083e00000, 0x0000000083f00000, 0x0000000083f00000|100%| O|  |TAMS 0x0000000083e00000, 0x0000000083f00000| Untracked 
|  63|0x0000000083f00000, 0x0000000084000000, 0x0000000084000000|100%| O|  |TAMS 0x0000000083f00000, 0x0000000084000000| Untracked 
|  64|0x0000000084000000, 0x0000000084100000, 0x0000000084100000|100%| O|  |TAMS 0x0000000084000000, 0x0000000084100000| Untracked 
|  65|0x0000000084100000, 0x0000000084200000, 0x0000000084200000|100%| O|  |TAMS 0x0000000084100000, 0x0000000084200000| Untracked 
|  66|0x0000000084200000, 0x0000000084300000, 0x0000000084300000|100%| O|  |TAMS 0x0000000084200000, 0x0000000084300000| Untracked 
|  67|0x0000000084300000, 0x0000000084400000, 0x0000000084400000|100%| O|  |TAMS 0x0000000084300000, 0x0000000084400000| Untracked 
|  68|0x0000000084400000, 0x0000000084500000, 0x0000000084500000|100%| O|  |TAMS 0x0000000084400000, 0x0000000084500000| Untracked 
|  69|0x0000000084500000, 0x0000000084600000, 0x0000000084600000|100%| O|  |TAMS 0x0000000084500000, 0x0000000084600000| Untracked 
|  70|0x0000000084600000, 0x0000000084700000, 0x0000000084700000|100%| O|  |TAMS 0x0000000084600000, 0x0000000084700000| Untracked 
|  71|0x0000000084700000, 0x0000000084800000, 0x0000000084800000|100%| O|  |TAMS 0x0000000084700000, 0x0000000084800000| Untracked 
|  72|0x0000000084800000, 0x0000000084900000, 0x0000000084900000|100%| O|  |TAMS 0x0000000084800000, 0x0000000084900000| Untracked 
|  73|0x0000000084900000, 0x0000000084a00000, 0x0000000084a00000|100%| O|  |TAMS 0x0000000084900000, 0x0000000084a00000| Untracked 
|  74|0x0000000084a00000, 0x0000000084b00000, 0x0000000084b00000|100%| O|  |TAMS 0x0000000084a00000, 0x0000000084b00000| Untracked 
|  75|0x0000000084b00000, 0x0000000084c00000, 0x0000000084c00000|100%| O|  |TAMS 0x0000000084b00000, 0x0000000084c00000| Untracked 
|  76|0x0000000084c00000, 0x0000000084d00000, 0x0000000084d00000|100%| O|  |TAMS 0x0000000084c00000, 0x0000000084d00000| Untracked 
|  77|0x0000000084d00000, 0x0000000084e00000, 0x0000000084e00000|100%| O|  |TAMS 0x0000000084d00000, 0x0000000084e00000| Untracked 
|  78|0x0000000084e00000, 0x0000000084f00000, 0x0000000084f00000|100%| O|  |TAMS 0x0000000084e00000, 0x0000000084f00000| Untracked 
|  79|0x0000000084f00000, 0x0000000085000000, 0x0000000085000000|100%| O|  |TAMS 0x0000000084f00000, 0x0000000085000000| Untracked 
|  80|0x0000000085000000, 0x0000000085100000, 0x0000000085100000|100%| O|  |TAMS 0x0000000085000000, 0x0000000085100000| Untracked 
|  81|0x0000000085100000, 0x0000000085200000, 0x0000000085200000|100%| O|  |TAMS 0x0000000085100000, 0x0000000085200000| Untracked 
|  82|0x0000000085200000, 0x0000000085300000, 0x0000000085300000|100%| O|  |TAMS 0x0000000085200000, 0x0000000085300000| Untracked 
|  83|0x0000000085300000, 0x0000000085400000, 0x0000000085400000|100%| O|  |TAMS 0x0000000085300000, 0x0000000085400000| Untracked 
|  84|0x0000000085400000, 0x0000000085500000, 0x0000000085500000|100%| O|  |TAMS 0x0000000085400000, 0x0000000085500000| Untracked 
|  85|0x0000000085500000, 0x0000000085600000, 0x0000000085600000|100%| O|  |TAMS 0x0000000085500000, 0x0000000085600000| Untracked 
|  86|0x0000000085600000, 0x0000000085700000, 0x0000000085700000|100%| O|  |TAMS 0x0000000085600000, 0x0000000085700000| Untracked 
|  87|0x0000000085700000, 0x0000000085800000, 0x0000000085800000|100%| O|  |TAMS 0x0000000085700000, 0x0000000085800000| Untracked 
|  88|0x0000000085800000, 0x0000000085900000, 0x0000000085900000|100%| O|  |TAMS 0x0000000085800000, 0x0000000085900000| Untracked 
|  89|0x0000000085900000, 0x0000000085a00000, 0x0000000085a00000|100%| O|  |TAMS 0x0000000085900000, 0x0000000085a00000| Untracked 
|  90|0x0000000085a00000, 0x0000000085b00000, 0x0000000085b00000|100%| O|  |TAMS 0x0000000085a00000, 0x0000000085b00000| Untracked 
|  91|0x0000000085b00000, 0x0000000085c00000, 0x0000000085c00000|100%| O|  |TAMS 0x0000000085b00000, 0x0000000085c00000| Untracked 
|  92|0x0000000085c00000, 0x0000000085d00000, 0x0000000085d00000|100%| O|  |TAMS 0x0000000085c00000, 0x0000000085d00000| Untracked 
|  93|0x0000000085d00000, 0x0000000085e00000, 0x0000000085e00000|100%| O|  |TAMS 0x0000000085d00000, 0x0000000085e00000| Untracked 
|  94|0x0000000085e00000, 0x0000000085f00000, 0x0000000085f00000|100%| O|  |TAMS 0x0000000085e00000, 0x0000000085f00000| Untracked 
|  95|0x0000000085f00000, 0x0000000086000000, 0x0000000086000000|100%| O|  |TAMS 0x0000000085f00000, 0x0000000086000000| Untracked 
|  96|0x0000000086000000, 0x0000000086100000, 0x0000000086100000|100%| O|  |TAMS 0x0000000086000000, 0x0000000086100000| Untracked 
|  97|0x0000000086100000, 0x0000000086200000, 0x0000000086200000|100%| O|  |TAMS 0x0000000086100000, 0x0000000086200000| Untracked 
|  98|0x0000000086200000, 0x0000000086300000, 0x0000000086300000|100%| O|  |TAMS 0x0000000086200000, 0x0000000086300000| Untracked 
|  99|0x0000000086300000, 0x0000000086400000, 0x0000000086400000|100%| O|  |TAMS 0x0000000086300000, 0x0000000086400000| Untracked 
| 100|0x0000000086400000, 0x0000000086500000, 0x0000000086500000|100%| O|  |TAMS 0x0000000086400000, 0x0000000086500000| Untracked 
| 101|0x0000000086500000, 0x0000000086600000, 0x0000000086600000|100%| O|  |TAMS 0x0000000086500000, 0x0000000086600000| Untracked 
| 102|0x0000000086600000, 0x0000000086700000, 0x0000000086700000|100%| O|  |TAMS 0x0000000086600000, 0x0000000086700000| Untracked 
| 103|0x0000000086700000, 0x0000000086800000, 0x0000000086800000|100%| O|  |TAMS 0x0000000086700000, 0x0000000086800000| Untracked 
| 104|0x0000000086800000, 0x0000000086900000, 0x0000000086900000|100%| O|  |TAMS 0x0000000086800000, 0x0000000086900000| Untracked 
| 105|0x0000000086900000, 0x0000000086a00000, 0x0000000086a00000|100%| O|  |TAMS 0x0000000086900000, 0x0000000086a00000| Untracked 
| 106|0x0000000086a00000, 0x0000000086b00000, 0x0000000086b00000|100%| O|  |TAMS 0x0000000086a00000, 0x0000000086b00000| Untracked 
| 107|0x0000000086b00000, 0x0000000086c00000, 0x0000000086c00000|100%| O|  |TAMS 0x0000000086b00000, 0x0000000086c00000| Untracked 
| 108|0x0000000086c00000, 0x0000000086d00000, 0x0000000086d00000|100%| O|  |TAMS 0x0000000086c00000, 0x0000000086d00000| Untracked 
| 109|0x0000000086d00000, 0x0000000086e00000, 0x0000000086e00000|100%| O|  |TAMS 0x0000000086d00000, 0x0000000086e00000| Untracked 
| 110|0x0000000086e00000, 0x0000000086f00000, 0x0000000086f00000|100%| O|  |TAMS 0x0000000086e00000, 0x0000000086f00000| Untracked 
| 111|0x0000000086f00000, 0x0000000087000000, 0x0000000087000000|100%| O|  |TAMS 0x0000000086f00000, 0x0000000087000000| Untracked 
| 112|0x0000000087000000, 0x0000000087100000, 0x0000000087100000|100%| O|  |TAMS 0x0000000087000000, 0x0000000087100000| Untracked 
| 113|0x0000000087100000, 0x0000000087200000, 0x0000000087200000|100%| O|  |TAMS 0x0000000087100000, 0x0000000087200000| Untracked 
| 114|0x0000000087200000, 0x0000000087300000, 0x0000000087300000|100%| O|  |TAMS 0x0000000087200000, 0x0000000087300000| Untracked 
| 115|0x0000000087300000, 0x0000000087400000, 0x0000000087400000|100%| O|  |TAMS 0x0000000087300000, 0x0000000087400000| Untracked 
| 116|0x0000000087400000, 0x0000000087500000, 0x0000000087500000|100%| O|  |TAMS 0x0000000087400000, 0x0000000087500000| Untracked 
| 117|0x0000000087500000, 0x0000000087600000, 0x0000000087600000|100%| O|  |TAMS 0x0000000087500000, 0x0000000087600000| Untracked 
| 118|0x0000000087600000, 0x0000000087700000, 0x0000000087700000|100%| O|  |TAMS 0x0000000087600000, 0x0000000087700000| Untracked 
| 119|0x0000000087700000, 0x0000000087800000, 0x0000000087800000|100%| O|  |TAMS 0x0000000087700000, 0x0000000087800000| Untracked 
| 120|0x0000000087800000, 0x0000000087900000, 0x0000000087900000|100%| O|  |TAMS 0x0000000087800000, 0x0000000087900000| Untracked 
| 121|0x0000000087900000, 0x0000000087995800, 0x0000000087a00000| 58%| O|  |TAMS 0x0000000087900000, 0x0000000087995800| Untracked 
| 122|0x0000000087a00000, 0x0000000087a00000, 0x0000000087b00000|  0%| F|  |TAMS 0x0000000087a00000, 0x0000000087a00000| Untracked 
| 123|0x0000000087b00000, 0x0000000087b00000, 0x0000000087c00000|  0%| F|  |TAMS 0x0000000087b00000, 0x0000000087b00000| Untracked 
| 124|0x0000000087c00000, 0x0000000087c00000, 0x0000000087d00000|  0%| F|  |TAMS 0x0000000087c00000, 0x0000000087c00000| Untracked 
| 125|0x0000000087d00000, 0x0000000087d00000, 0x0000000087e00000|  0%| F|  |TAMS 0x0000000087d00000, 0x0000000087d00000| Untracked 
| 126|0x0000000087e00000, 0x0000000087e00000, 0x0000000087f00000|  0%| F|  |TAMS 0x0000000087e00000, 0x0000000087e00000| Untracked 
| 127|0x0000000087f00000, 0x0000000087f00000, 0x0000000088000000|  0%| F|  |TAMS 0x0000000087f00000, 0x0000000087f00000| Untracked 
| 128|0x0000000088000000, 0x0000000088000000, 0x0000000088100000|  0%| F|  |TAMS 0x0000000088000000, 0x0000000088000000| Untracked 
| 129|0x0000000088100000, 0x0000000088100000, 0x0000000088200000|  0%| F|  |TAMS 0x0000000088100000, 0x0000000088100000| Untracked 
| 130|0x0000000088200000, 0x0000000088200000, 0x0000000088300000|  0%| F|  |TAMS 0x0000000088200000, 0x0000000088200000| Untracked 
| 131|0x0000000088300000, 0x0000000088300000, 0x0000000088400000|  0%| F|  |TAMS 0x0000000088300000, 0x0000000088300000| Untracked 
| 132|0x0000000088400000, 0x0000000088400000, 0x0000000088500000|  0%| F|  |TAMS 0x0000000088400000, 0x0000000088400000| Untracked 
| 133|0x0000000088500000, 0x0000000088500000, 0x0000000088600000|  0%| F|  |TAMS 0x0000000088500000, 0x0000000088500000| Untracked 
| 134|0x0000000088600000, 0x0000000088600000, 0x0000000088700000|  0%| F|  |TAMS 0x0000000088600000, 0x0000000088600000| Untracked 
| 135|0x0000000088700000, 0x0000000088700000, 0x0000000088800000|  0%| F|  |TAMS 0x0000000088700000, 0x0000000088700000| Untracked 
| 136|0x0000000088800000, 0x0000000088800000, 0x0000000088900000|  0%| F|  |TAMS 0x0000000088800000, 0x0000000088800000| Untracked 
| 137|0x0000000088900000, 0x0000000088900000, 0x0000000088a00000|  0%| F|  |TAMS 0x0000000088900000, 0x0000000088900000| Untracked 
| 138|0x0000000088a00000, 0x0000000088a00000, 0x0000000088b00000|  0%| F|  |TAMS 0x0000000088a00000, 0x0000000088a00000| Untracked 
| 139|0x0000000088b00000, 0x0000000088b00000, 0x0000000088c00000|  0%| F|  |TAMS 0x0000000088b00000, 0x0000000088b00000| Untracked 
| 140|0x0000000088c00000, 0x0000000088c00000, 0x0000000088d00000|  0%| F|  |TAMS 0x0000000088c00000, 0x0000000088c00000| Untracked 
| 141|0x0000000088d00000, 0x0000000088d00000, 0x0000000088e00000|  0%| F|  |TAMS 0x0000000088d00000, 0x0000000088d00000| Untracked 
| 142|0x0000000088e00000, 0x0000000088e00000, 0x0000000088f00000|  0%| F|  |TAMS 0x0000000088e00000, 0x0000000088e00000| Untracked 
| 143|0x0000000088f00000, 0x0000000088f00000, 0x0000000089000000|  0%| F|  |TAMS 0x0000000088f00000, 0x0000000088f00000| Untracked 
| 144|0x0000000089000000, 0x0000000089000000, 0x0000000089100000|  0%| F|  |TAMS 0x0000000089000000, 0x0000000089000000| Untracked 
| 145|0x0000000089100000, 0x0000000089100000, 0x0000000089200000|  0%| F|  |TAMS 0x0000000089100000, 0x0000000089100000| Untracked 
| 146|0x0000000089200000, 0x0000000089200000, 0x0000000089300000|  0%| F|  |TAMS 0x0000000089200000, 0x0000000089200000| Untracked 
| 147|0x0000000089300000, 0x0000000089300000, 0x0000000089400000|  0%| F|  |TAMS 0x0000000089300000, 0x0000000089300000| Untracked 
| 148|0x0000000089400000, 0x0000000089400000, 0x0000000089500000|  0%| F|  |TAMS 0x0000000089400000, 0x0000000089400000| Untracked 
| 149|0x0000000089500000, 0x0000000089500000, 0x0000000089600000|  0%| F|  |TAMS 0x0000000089500000, 0x0000000089500000| Untracked 
| 150|0x0000000089600000, 0x0000000089600000, 0x0000000089700000|  0%| F|  |TAMS 0x0000000089600000, 0x0000000089600000| Untracked 
| 151|0x0000000089700000, 0x0000000089700000, 0x0000000089800000|  0%| F|  |TAMS 0x0000000089700000, 0x0000000089700000| Untracked 
| 152|0x0000000089800000, 0x0000000089800000, 0x0000000089900000|  0%| F|  |TAMS 0x0000000089800000, 0x0000000089800000| Untracked 
| 153|0x0000000089900000, 0x0000000089900000, 0x0000000089a00000|  0%| F|  |TAMS 0x0000000089900000, 0x0000000089900000| Untracked 
| 154|0x0000000089a00000, 0x0000000089a00000, 0x0000000089b00000|  0%| F|  |TAMS 0x0000000089a00000, 0x0000000089a00000| Untracked 
| 155|0x0000000089b00000, 0x0000000089b00000, 0x0000000089c00000|  0%| F|  |TAMS 0x0000000089b00000, 0x0000000089b00000| Untracked 
| 156|0x0000000089c00000, 0x0000000089c00000, 0x0000000089d00000|  0%| F|  |TAMS 0x0000000089c00000, 0x0000000089c00000| Untracked 
| 157|0x0000000089d00000, 0x0000000089e00000, 0x0000000089e00000|100%| S|CS|TAMS 0x0000000089d00000, 0x0000000089d00000| Complete 
| 158|0x0000000089e00000, 0x0000000089f00000, 0x0000000089f00000|100%| S|CS|TAMS 0x0000000089e00000, 0x0000000089e00000| Complete 
| 159|0x0000000089f00000, 0x000000008a000000, 0x000000008a000000|100%| S|CS|TAMS 0x0000000089f00000, 0x0000000089f00000| Complete 
| 160|0x000000008a000000, 0x000000008a100000, 0x000000008a100000|100%| S|CS|TAMS 0x000000008a000000, 0x000000008a000000| Complete 
| 161|0x000000008a100000, 0x000000008a200000, 0x000000008a200000|100%| S|CS|TAMS 0x000000008a100000, 0x000000008a100000| Complete 
| 162|0x000000008a200000, 0x000000008a300000, 0x000000008a300000|100%| S|CS|TAMS 0x000000008a200000, 0x000000008a200000| Complete 
| 163|0x000000008a300000, 0x000000008a400000, 0x000000008a400000|100%| S|CS|TAMS 0x000000008a300000, 0x000000008a300000| Complete 
| 164|0x000000008a400000, 0x000000008a500000, 0x000000008a500000|100%| S|CS|TAMS 0x000000008a400000, 0x000000008a400000| Complete 
| 165|0x000000008a500000, 0x000000008a600000, 0x000000008a600000|100%| S|CS|TAMS 0x000000008a500000, 0x000000008a500000| Complete 
| 166|0x000000008a600000, 0x000000008a600000, 0x000000008a700000|  0%| F|  |TAMS 0x000000008a600000, 0x000000008a600000| Untracked 
| 167|0x000000008a700000, 0x000000008a700000, 0x000000008a800000|  0%| F|  |TAMS 0x000000008a700000, 0x000000008a700000| Untracked 
| 168|0x000000008a800000, 0x000000008a800000, 0x000000008a900000|  0%| F|  |TAMS 0x000000008a800000, 0x000000008a800000| Untracked 
| 169|0x000000008a900000, 0x000000008a900000, 0x000000008aa00000|  0%| F|  |TAMS 0x000000008a900000, 0x000000008a900000| Untracked 
| 170|0x000000008aa00000, 0x000000008aa00000, 0x000000008ab00000|  0%| F|  |TAMS 0x000000008aa00000, 0x000000008aa00000| Untracked 
| 171|0x000000008ab00000, 0x000000008ab00000, 0x000000008ac00000|  0%| F|  |TAMS 0x000000008ab00000, 0x000000008ab00000| Untracked 
| 172|0x000000008ac00000, 0x000000008ac00000, 0x000000008ad00000|  0%| F|  |TAMS 0x000000008ac00000, 0x000000008ac00000| Untracked 
| 173|0x000000008ad00000, 0x000000008ad00000, 0x000000008ae00000|  0%| F|  |TAMS 0x000000008ad00000, 0x000000008ad00000| Untracked 
| 174|0x000000008ae00000, 0x000000008ae00000, 0x000000008af00000|  0%| F|  |TAMS 0x000000008ae00000, 0x000000008ae00000| Untracked 
| 175|0x000000008af00000, 0x000000008af00000, 0x000000008b000000|  0%| F|  |TAMS 0x000000008af00000, 0x000000008af00000| Untracked 
| 176|0x000000008b000000, 0x000000008b000000, 0x000000008b100000|  0%| F|  |TAMS 0x000000008b000000, 0x000000008b000000| Untracked 
| 177|0x000000008b100000, 0x000000008b100000, 0x000000008b200000|  0%| F|  |TAMS 0x000000008b100000, 0x000000008b100000| Untracked 
| 178|0x000000008b200000, 0x000000008b200000, 0x000000008b300000|  0%| F|  |TAMS 0x000000008b200000, 0x000000008b200000| Untracked 
| 179|0x000000008b300000, 0x000000008b300000, 0x000000008b400000|  0%| F|  |TAMS 0x000000008b300000, 0x000000008b300000| Untracked 
| 180|0x000000008b400000, 0x000000008b400000, 0x000000008b500000|  0%| F|  |TAMS 0x000000008b400000, 0x000000008b400000| Untracked 
| 181|0x000000008b500000, 0x000000008b500000, 0x000000008b600000|  0%| F|  |TAMS 0x000000008b500000, 0x000000008b500000| Untracked 
| 182|0x000000008b600000, 0x000000008b600000, 0x000000008b700000|  0%| F|  |TAMS 0x000000008b600000, 0x000000008b600000| Untracked 
| 183|0x000000008b700000, 0x000000008b700000, 0x000000008b800000|  0%| F|  |TAMS 0x000000008b700000, 0x000000008b700000| Untracked 
| 184|0x000000008b800000, 0x000000008b800000, 0x000000008b900000|  0%| F|  |TAMS 0x000000008b800000, 0x000000008b800000| Untracked 
| 185|0x000000008b900000, 0x000000008b900000, 0x000000008ba00000|  0%| F|  |TAMS 0x000000008b900000, 0x000000008b900000| Untracked 
| 186|0x000000008ba00000, 0x000000008ba00000, 0x000000008bb00000|  0%| F|  |TAMS 0x000000008ba00000, 0x000000008ba00000| Untracked 
| 187|0x000000008bb00000, 0x000000008bb00000, 0x000000008bc00000|  0%| F|  |TAMS 0x000000008bb00000, 0x000000008bb00000| Untracked 
| 188|0x000000008bc00000, 0x000000008bc00000, 0x000000008bd00000|  0%| F|  |TAMS 0x000000008bc00000, 0x000000008bc00000| Untracked 
| 189|0x000000008bd00000, 0x000000008bd00000, 0x000000008be00000|  0%| F|  |TAMS 0x000000008bd00000, 0x000000008bd00000| Untracked 
| 190|0x000000008be00000, 0x000000008be00000, 0x000000008bf00000|  0%| F|  |TAMS 0x000000008be00000, 0x000000008be00000| Untracked 
| 191|0x000000008bf00000, 0x000000008bf00000, 0x000000008c000000|  0%| F|  |TAMS 0x000000008bf00000, 0x000000008bf00000| Untracked 
| 192|0x000000008c000000, 0x000000008c000000, 0x000000008c100000|  0%| F|  |TAMS 0x000000008c000000, 0x000000008c000000| Untracked 
| 193|0x000000008c100000, 0x000000008c100000, 0x000000008c200000|  0%| F|  |TAMS 0x000000008c100000, 0x000000008c100000| Untracked 
| 194|0x000000008c200000, 0x000000008c200000, 0x000000008c300000|  0%| F|  |TAMS 0x000000008c200000, 0x000000008c200000| Untracked 
| 195|0x000000008c300000, 0x000000008c300000, 0x000000008c400000|  0%| F|  |TAMS 0x000000008c300000, 0x000000008c300000| Untracked 
| 196|0x000000008c400000, 0x000000008c400000, 0x000000008c500000|  0%| F|  |TAMS 0x000000008c400000, 0x000000008c400000| Untracked 
| 197|0x000000008c500000, 0x000000008c500000, 0x000000008c600000|  0%| F|  |TAMS 0x000000008c500000, 0x000000008c500000| Untracked 
| 198|0x000000008c600000, 0x000000008c600000, 0x000000008c700000|  0%| F|  |TAMS 0x000000008c600000, 0x000000008c600000| Untracked 
| 199|0x000000008c700000, 0x000000008c700000, 0x000000008c800000|  0%| F|  |TAMS 0x000000008c700000, 0x000000008c700000| Untracked 
| 200|0x000000008c800000, 0x000000008c800000, 0x000000008c900000|  0%| F|  |TAMS 0x000000008c800000, 0x000000008c800000| Untracked 
| 201|0x000000008c900000, 0x000000008c900000, 0x000000008ca00000|  0%| F|  |TAMS 0x000000008c900000, 0x000000008c900000| Untracked 
| 202|0x000000008ca00000, 0x000000008ca00000, 0x000000008cb00000|  0%| F|  |TAMS 0x000000008ca00000, 0x000000008ca00000| Untracked 
| 203|0x000000008cb00000, 0x000000008cb00000, 0x000000008cc00000|  0%| F|  |TAMS 0x000000008cb00000, 0x000000008cb00000| Untracked 
| 204|0x000000008cc00000, 0x000000008cc00000, 0x000000008cd00000|  0%| F|  |TAMS 0x000000008cc00000, 0x000000008cc00000| Untracked 
| 205|0x000000008cd00000, 0x000000008cd00000, 0x000000008ce00000|  0%| F|  |TAMS 0x000000008cd00000, 0x000000008cd00000| Untracked 
| 206|0x000000008ce00000, 0x000000008ce00000, 0x000000008cf00000|  0%| F|  |TAMS 0x000000008ce00000, 0x000000008ce00000| Untracked 
| 207|0x000000008cf00000, 0x000000008cf00000, 0x000000008d000000|  0%| F|  |TAMS 0x000000008cf00000, 0x000000008cf00000| Untracked 
| 208|0x000000008d000000, 0x000000008d000000, 0x000000008d100000|  0%| F|  |TAMS 0x000000008d000000, 0x000000008d000000| Untracked 
| 209|0x000000008d100000, 0x000000008d100000, 0x000000008d200000|  0%| F|  |TAMS 0x000000008d100000, 0x000000008d100000| Untracked 
| 210|0x000000008d200000, 0x000000008d200000, 0x000000008d300000|  0%| F|  |TAMS 0x000000008d200000, 0x000000008d200000| Untracked 
| 211|0x000000008d300000, 0x000000008d300000, 0x000000008d400000|  0%| F|  |TAMS 0x000000008d300000, 0x000000008d300000| Untracked 
| 212|0x000000008d400000, 0x000000008d400000, 0x000000008d500000|  0%| F|  |TAMS 0x000000008d400000, 0x000000008d400000| Untracked 
| 213|0x000000008d500000, 0x000000008d500000, 0x000000008d600000|  0%| F|  |TAMS 0x000000008d500000, 0x000000008d500000| Untracked 
| 214|0x000000008d600000, 0x000000008d600000, 0x000000008d700000|  0%| F|  |TAMS 0x000000008d600000, 0x000000008d600000| Untracked 
| 215|0x000000008d700000, 0x000000008d700000, 0x000000008d800000|  0%| F|  |TAMS 0x000000008d700000, 0x000000008d700000| Untracked 
| 216|0x000000008d800000, 0x000000008d800000, 0x000000008d900000|  0%| F|  |TAMS 0x000000008d800000, 0x000000008d800000| Untracked 
| 217|0x000000008d900000, 0x000000008d900000, 0x000000008da00000|  0%| F|  |TAMS 0x000000008d900000, 0x000000008d900000| Untracked 
| 218|0x000000008da00000, 0x000000008da00000, 0x000000008db00000|  0%| F|  |TAMS 0x000000008da00000, 0x000000008da00000| Untracked 
| 219|0x000000008db00000, 0x000000008db00000, 0x000000008dc00000|  0%| F|  |TAMS 0x000000008db00000, 0x000000008db00000| Untracked 
| 220|0x000000008dc00000, 0x000000008dc00000, 0x000000008dd00000|  0%| F|  |TAMS 0x000000008dc00000, 0x000000008dc00000| Untracked 
| 221|0x000000008dd00000, 0x000000008dd00000, 0x000000008de00000|  0%| F|  |TAMS 0x000000008dd00000, 0x000000008dd00000| Untracked 

Card table byte_map: [0x000002b9c7d70000,0x000002b9c8170000] _byte_map_base: 0x000002b9c7970000

Marking Bits (Prev, Next): (CMBitMap*) 0x000002b9b2c3be28, (CMBitMap*) 0x000002b9b2c3be60
 Prev Bits: [0x000002b9c8570000, 0x000002b9ca570000)
 Next Bits: [0x000002b9ca570000, 0x000002b9cc570000)

Polling page: 0x000002b9b2a90000

Metaspace:

Usage:
  Non-class:     86.58 MB capacity,    84.93 MB ( 98%) used,     1.33 MB (  2%) free+waste,   328.81 KB ( <1%) overhead. 
      Class:     13.96 MB capacity,    12.91 MB ( 92%) used,   923.14 KB (  6%) free+waste,   155.38 KB (  1%) overhead. 
       Both:    100.54 MB capacity,    97.83 MB ( 97%) used,     2.23 MB (  2%) free+waste,   484.19 KB ( <1%) overhead. 

Virtual space:
  Non-class space:       88.00 MB reserved,      86.67 MB ( 98%) committed 
      Class space:        1.00 GB reserved,      14.00 MB (  1%) committed 
             Both:        1.09 GB reserved,     100.67 MB (  9%) committed 

Chunk freelists:
   Non-Class:  26.00 KB
       Class:  9.00 KB
        Both:  35.00 KB

MaxMetaspaceSize: 17179869184.00 GB
CompressedClassSpaceSize: 1.00 GB
Initial GC threshold: 20.80 MB
Current GC threshold: 108.41 MB
CDS: off

CodeHeap 'non-profiled nmethods': size=120000Kb used=5612Kb max_used=5612Kb free=114387Kb
 bounds [0x000002b9bf9e0000, 0x000002b9bff60000, 0x000002b9c6f10000]
CodeHeap 'profiled nmethods': size=120000Kb used=23398Kb max_used=23398Kb free=96602Kb
 bounds [0x000002b9b84b0000, 0x000002b9b9b90000, 0x000002b9bf9e0000]
CodeHeap 'non-nmethods': size=5760Kb used=2402Kb max_used=2444Kb free=3357Kb
 bounds [0x000002b9b7f10000, 0x000002b9b8180000, 0x000002b9b84b0000]
 total_blobs=11709 nmethods=10788 adapters=833
 compilation: enabled
              stopped_count=0, restarted_count=0
 full_count=0

Compilation events (20 events):
Event: 12.835 Thread 0x000002b9cf08b000 nmethod 10987 0x000002b9b9b87c90 code [0x000002b9b9b87e80, 0x000002b9b9b87f88]
Event: 12.835 Thread 0x000002b9cf08b000 10988       2       java.lang.StrictMath::floorOrCeil (128 bytes)
Event: 12.835 Thread 0x000002b9cf08b000 nmethod 10988 0x000002b9b9b88010 code [0x000002b9b9b881c0, 0x000002b9b9b88418]
Event: 12.835 Thread 0x000002b9cf08b000 10991       2       java.lang.StrictMath::ceil (10 bytes)
Event: 12.835 Thread 0x000002b9cf08b000 nmethod 10991 0x000002b9b9b88510 code [0x000002b9b9b88700, 0x000002b9b9b88808]
Event: 12.835 Thread 0x000002b9cf08b000 10990       2       java.lang.Math::getExponent (17 bytes)
Event: 12.835 Thread 0x000002b9cf08b000 nmethod 10990 0x000002b9b9b88890 code [0x000002b9b9b88a40, 0x000002b9b9b88b58]
Event: 12.835 Thread 0x000002b9cf08b000 10986       2       com.android.tools.r8.internal.nl::c (41 bytes)
Event: 12.835 Thread 0x000002b9cf08b000 nmethod 10986 0x000002b9b9b88c10 code [0x000002b9b9b88dc0, 0x000002b9b9b88f38]
Event: 12.836 Thread 0x000002b9cf08b000 10989       2       com.android.tools.r8.internal.nl::b (16 bytes)
Event: 12.836 Thread 0x000002b9cf08b000 nmethod 10989 0x000002b9b9b89010 code [0x000002b9b9b89200, 0x000002b9b9b89368]
Event: 12.836 Thread 0x000002b9cf08b000 10992       1       com.android.tools.r8.internal.Ko::Q0 (5 bytes)
Event: 12.836 Thread 0x000002b9cf08b000 nmethod 10992 0x000002b9bff56a10 code [0x000002b9bff56bc0, 0x000002b9bff56c78]
Event: 12.836 Thread 0x000002b9cf08b000 10993       2       com.android.tools.r8.internal.k4::previous (19 bytes)
Event: 12.836 Thread 0x000002b9cf08b000 nmethod 10993 0x000002b9b9b89410 code [0x000002b9b9b895c0, 0x000002b9b9b89768]
Event: 12.842 Thread 0x000002b9cf08b000 10997       1       com.android.tools.r8.internal.Ko::T1 (2 bytes)
Event: 12.842 Thread 0x000002b9cf08b000 nmethod 10997 0x000002b9bff57610 code [0x000002b9bff577c0, 0x000002b9bff57878]
Event: 12.843 Thread 0x000002b9d13e8000 nmethod 10862 0x000002b9bff57910 code [0x000002b9bff57b80, 0x000002b9bff5a058]
Event: 12.844 Thread 0x000002b9d13e8000 10976       4       com.android.tools.r8.internal.PN::a (160 bytes)
Event: 12.845 Thread 0x000002b9cf08b000 10999       2       com.android.tools.r8.internal.D9::a (859 bytes)

GC Heap History (20 events):
Event: 7.201 GC heap after
{Heap after GC invocations=14 (full 0):
 garbage-first heap   total 157696K, used 57555K [0x0000000080000000, 0x0000000100000000)
  region size 1024K, 9 young (9216K), 9 survivors (9216K)
 Metaspace       used 64709K, capacity 66148K, committed 66348K, reserved 1107968K
  class space    used 8237K, capacity 8792K, committed 8832K, reserved 1048576K
}
Event: 7.756 GC heap before
{Heap before GC invocations=15 (full 0):
 garbage-first heap   total 157696K, used 121043K [0x0000000080000000, 0x0000000100000000)
  region size 1024K, 71 young (72704K), 9 survivors (9216K)
 Metaspace       used 67688K, capacity 69222K, committed 69292K, reserved 1110016K
  class space    used 8627K, capacity 9214K, committed 9216K, reserved 1048576K
}
Event: 7.768 GC heap after
{Heap after GC invocations=16 (full 0):
 garbage-first heap   total 189440K, used 61502K [0x0000000080000000, 0x0000000100000000)
  region size 1024K, 5 young (5120K), 5 survivors (5120K)
 Metaspace       used 67688K, capacity 69222K, committed 69292K, reserved 1110016K
  class space    used 8627K, capacity 9214K, committed 9216K, reserved 1048576K
}
Event: 8.752 GC heap before
{Heap before GC invocations=16 (full 0):
 garbage-first heap   total 189440K, used 135230K [0x0000000080000000, 0x0000000100000000)
  region size 1024K, 77 young (78848K), 5 survivors (5120K)
 Metaspace       used 75076K, capacity 76713K, committed 76972K, reserved 1116160K
  class space    used 9760K, capacity 10374K, committed 10496K, reserved 1048576K
}
Event: 8.761 GC heap after
{Heap after GC invocations=17 (full 0):
 garbage-first heap   total 189440K, used 65682K [0x0000000080000000, 0x0000000100000000)
  region size 1024K, 9 young (9216K), 9 survivors (9216K)
 Metaspace       used 75076K, capacity 76713K, committed 76972K, reserved 1116160K
  class space    used 9760K, capacity 10374K, committed 10496K, reserved 1048576K
}
Event: 9.722 GC heap before
{Heap before GC invocations=17 (full 0):
 garbage-first heap   total 189440K, used 139410K [0x0000000080000000, 0x0000000100000000)
  region size 1024K, 81 young (82944K), 9 survivors (9216K)
 Metaspace       used 82048K, capacity 83765K, committed 84012K, reserved 1122304K
  class space    used 10702K, capacity 11372K, committed 11392K, reserved 1048576K
}
Event: 9.737 GC heap after
{Heap after GC invocations=18 (full 0):
 garbage-first heap   total 189440K, used 71058K [0x0000000080000000, 0x0000000100000000)
  region size 1024K, 10 young (10240K), 10 survivors (10240K)
 Metaspace       used 82048K, capacity 83765K, committed 84012K, reserved 1122304K
  class space    used 10702K, capacity 11372K, committed 11392K, reserved 1048576K
}
Event: 10.595 GC heap before
{Heap before GC invocations=18 (full 0):
 garbage-first heap   total 189440K, used 142738K [0x0000000080000000, 0x0000000100000000)
  region size 1024K, 81 young (82944K), 10 survivors (10240K)
 Metaspace       used 84986K, capacity 87180K, committed 87468K, reserved 1124352K
  class space    used 11177K, capacity 11996K, committed 12032K, reserved 1048576K
}
Event: 10.608 GC heap after
{Heap after GC invocations=19 (full 0):
 garbage-first heap   total 189440K, used 75884K [0x0000000080000000, 0x0000000100000000)
  region size 1024K, 10 young (10240K), 10 survivors (10240K)
 Metaspace       used 84986K, capacity 87180K, committed 87468K, reserved 1124352K
  class space    used 11177K, capacity 11996K, committed 12032K, reserved 1048576K
}
Event: 11.188 GC heap before
{Heap before GC invocations=19 (full 0):
 garbage-first heap   total 189440K, used 146540K [0x0000000080000000, 0x0000000100000000)
  region size 1024K, 80 young (81920K), 10 survivors (10240K)
 Metaspace       used 87194K, capacity 89381K, committed 89516K, reserved 1126400K
  class space    used 11364K, capacity 12177K, committed 12288K, reserved 1048576K
}
Event: 11.203 GC heap after
{Heap after GC invocations=20 (full 0):
 garbage-first heap   total 189440K, used 80896K [0x0000000080000000, 0x0000000100000000)
  region size 1024K, 10 young (10240K), 10 survivors (10240K)
 Metaspace       used 87194K, capacity 89381K, committed 89516K, reserved 1126400K
  class space    used 11364K, capacity 12177K, committed 12288K, reserved 1048576K
}
Event: 11.432 GC heap before
{Heap before GC invocations=20 (full 0):
 garbage-first heap   total 189440K, used 150527K [0x0000000080000000, 0x0000000100000000)
  region size 1024K, 79 young (80896K), 10 survivors (10240K)
 Metaspace       used 89458K, capacity 91728K, committed 91948K, reserved 1128448K
  class space    used 11698K, capacity 12574K, committed 12672K, reserved 1048576K
}
Event: 11.449 GC heap after
{Heap after GC invocations=21 (full 0):
 garbage-first heap   total 227328K, used 91931K [0x0000000080000000, 0x0000000100000000)
  region size 1024K, 10 young (10240K), 10 survivors (10240K)
 Metaspace       used 89458K, capacity 91728K, committed 91948K, reserved 1128448K
  class space    used 11698K, capacity 12574K, committed 12672K, reserved 1048576K
}
Event: 12.082 GC heap before
{Heap before GC invocations=21 (full 0):
 garbage-first heap   total 227328K, used 168731K [0x0000000080000000, 0x0000000100000000)
  region size 1024K, 86 young (88064K), 10 survivors (10240K)
 Metaspace       used 94909K, capacity 97320K, committed 97580K, reserved 1134592K
  class space    used 12438K, capacity 13344K, committed 13440K, reserved 1048576K
}
Event: 12.103 GC heap after
{Heap after GC invocations=22 (full 0):
 garbage-first heap   total 227328K, used 99328K [0x0000000080000000, 0x0000000100000000)
  region size 1024K, 11 young (11264K), 11 survivors (11264K)
 Metaspace       used 94909K, capacity 97320K, committed 97580K, reserved 1134592K
  class space    used 12438K, capacity 13344K, committed 13440K, reserved 1048576K
}
Event: 12.482 GC heap before
{Heap before GC invocations=22 (full 0):
 garbage-first heap   total 227328K, used 173056K [0x0000000080000000, 0x0000000100000000)
  region size 1024K, 84 young (86016K), 11 survivors (11264K)
 Metaspace       used 97632K, capacity 100272K, committed 100524K, reserved 1136640K
  class space    used 12802K, capacity 13824K, committed 13824K, reserved 1048576K
}
Event: 12.516 GC heap after
{Heap after GC invocations=23 (full 0):
 garbage-first heap   total 227328K, used 110492K [0x0000000080000000, 0x0000000100000000)
  region size 1024K, 11 young (11264K), 11 survivors (11264K)
 Metaspace       used 97632K, capacity 100272K, committed 100524K, reserved 1136640K
  class space    used 12802K, capacity 13824K, committed 13824K, reserved 1048576K
}
Event: 12.687 GC heap before
{Heap before GC invocations=23 (full 0):
 garbage-first heap   total 227328K, used 178076K [0x0000000080000000, 0x0000000100000000)
  region size 1024K, 77 young (78848K), 11 survivors (11264K)
 Metaspace       used 98788K, capacity 101401K, committed 101548K, reserved 1136640K
  class space    used 12989K, capacity 14028K, committed 14080K, reserved 1048576K
}
Event: 12.714 GC heap after
{Heap after GC invocations=24 (full 0):
 garbage-first heap   total 227328K, used 123111K [0x0000000080000000, 0x0000000100000000)
  region size 1024K, 10 young (10240K), 10 survivors (10240K)
 Metaspace       used 98788K, capacity 101401K, committed 101548K, reserved 1136640K
  class space    used 12989K, capacity 14028K, committed 14080K, reserved 1048576K
}
Event: 12.851 GC heap before
{Heap before GC invocations=24 (full 0):
 garbage-first heap   total 227328K, used 179431K [0x0000000080000000, 0x0000000100000000)
  region size 1024K, 66 young (67584K), 10 survivors (10240K)
 Metaspace       used 100182K, capacity 102953K, committed 103084K, reserved 1138688K
  class space    used 13216K, capacity 14295K, committed 14336K, reserved 1048576K
}

Deoptimization events (20 events):
Event: 12.820 Thread 0x000002b9d3706000 Uncommon trap: trap_request=0xffffffc6 fr.pc=0x000002b9bfeebb30 relative=0x00000000000004b0
Event: 12.820 Thread 0x000002b9d3706000 Uncommon trap: reason=bimorphic_or_optimized_type_check action=maybe_recompile pc=0x000002b9bfeebb30 method=java.util.Spliterators$IteratorSpliterator.tryAdvance(Ljava/util/function/Consumer;)Z @ 68 c2
Event: 12.820 Thread 0x000002b9d3706000 DEOPT PACKING pc=0x000002b9bfeebb30 sp=0x000000dcfc1f9740
Event: 12.820 Thread 0x000002b9d3706000 DEOPT UNPACKING pc=0x000002b9b7f5a1af sp=0x000000dcfc1f96d8 mode 2
Event: 12.820 Thread 0x000002b9d3706000 Uncommon trap: trap_request=0xffffffc6 fr.pc=0x000002b9bfeebb30 relative=0x00000000000004b0
Event: 12.820 Thread 0x000002b9d3706000 Uncommon trap: reason=bimorphic_or_optimized_type_check action=maybe_recompile pc=0x000002b9bfeebb30 method=java.util.Spliterators$IteratorSpliterator.tryAdvance(Ljava/util/function/Consumer;)Z @ 68 c2
Event: 12.820 Thread 0x000002b9d3706000 DEOPT PACKING pc=0x000002b9bfeebb30 sp=0x000000dcfc1f9740
Event: 12.820 Thread 0x000002b9d3706000 DEOPT UNPACKING pc=0x000002b9b7f5a1af sp=0x000000dcfc1f96d8 mode 2
Event: 12.822 Thread 0x000002b9d556b800 DEOPT PACKING pc=0x000002b9b9ad9277 sp=0x000000dcfe5f8b50
Event: 12.822 Thread 0x000002b9d556b800 DEOPT UNPACKING pc=0x000002b9b7f5a95e sp=0x000000dcfe5f80c8 mode 0
Event: 12.825 Thread 0x000002b9d556b800 DEOPT PACKING pc=0x000002b9b99de223 sp=0x000000dcfe5f9870
Event: 12.825 Thread 0x000002b9d556b800 DEOPT UNPACKING pc=0x000002b9b7f5a95e sp=0x000000dcfe5f8d90 mode 0
Event: 12.829 Thread 0x000002b9d5613800 DEOPT PACKING pc=0x000002b9b9ad9277 sp=0x000000dcfc8f96c0
Event: 12.829 Thread 0x000002b9d5613800 DEOPT UNPACKING pc=0x000002b9b7f5a95e sp=0x000000dcfc8f8c38 mode 0
Event: 12.836 Thread 0x000002b9d556b800 DEOPT PACKING pc=0x000002b9b9ad9277 sp=0x000000dcfe5f8b70
Event: 12.836 Thread 0x000002b9d556b800 DEOPT UNPACKING pc=0x000002b9b7f5a95e sp=0x000000dcfe5f80e8 mode 0
Event: 12.843 Thread 0x000002b9d5613800 DEOPT PACKING pc=0x000002b9b9ad9277 sp=0x000000dcfc8f9290
Event: 12.843 Thread 0x000002b9d5613800 DEOPT UNPACKING pc=0x000002b9b7f5a95e sp=0x000000dcfc8f8808 mode 0
Event: 12.844 Thread 0x000002b9d5613800 DEOPT PACKING pc=0x000002b9b99de223 sp=0x000000dcfc8f9fb0
Event: 12.844 Thread 0x000002b9d5613800 DEOPT UNPACKING pc=0x000002b9b7f5a95e sp=0x000000dcfc8f94d0 mode 0

Classes redefined (0 events):
No events

Internal exceptions (20 events):
Event: 11.710 Thread 0x000002b9d5613800 Exception <a 'sun/nio/fs/WindowsException'{0x000000008c182e68}> (0x000000008c182e68) thrown at [./src/hotspot/share/prims/jni.cpp, line 615]
Event: 11.859 Thread 0x000002b9d3701000 Exception <a 'java/lang/NoSuchMethodError'{0x000000008b77ae88}: 'java.lang.Object java.lang.invoke.DirectMethodHandle$Holder.invokeStaticInit(java.lang.Object, java.lang.Object, java.lang.Object, java.lang.Object, java.lang.Object, java.lang.Object, java.lang.Object, java.lang.Object, java.lang.Object, java.lang.Object, java.lang.Object, java.lang.Object, java.lang.Object, java.lang.Object, java.lang.Object, java.lang.Object, java.lang.Object, java.lang.Object, int, java.lang.Object, java.lang.Object)'> (0
Event: 11.902 Thread 0x000002b9d561a000 Exception <a 'java/lang/IncompatibleClassChangeError'{0x000000008b8402e8}: Found class java.lang.Object, but interface was expected> (0x000000008b8402e8) thrown at [./src/hotspot/share/interpreter/linkResolver.cpp, line 839]
Event: 11.948 Thread 0x000002b9d561a000 Exception <a 'java/lang/NoSuchMethodError'{0x000000008ad86f58}: 'java.lang.Object java.lang.invoke.DirectMethodHandle$Holder.invokeStatic(java.lang.Object, long)'> (0x000000008ad86f58) thrown at [./src/hotspot/share/interpreter/linkResolver.cpp, line 773]
Event: 11.950 Thread 0x000002b9d556b800 Exception <a 'java/lang/NoSuchMethodError'{0x000000008addc7d0}: 'java.lang.Object java.lang.invoke.DirectMethodHandle$Holder.invokeSpecial(java.lang.Object, java.lang.Object, long)'> (0x000000008addc7d0) thrown at [./src/hotspot/share/interpreter/linkResolver.cpp, line 773]
Event: 11.951 Thread 0x000002b9d556b800 Exception <a 'java/lang/NoSuchMethodError'{0x000000008addff88}: 'java.lang.Object java.lang.invoke.Invokers$Holder.linkToTargetMethod(long, java.lang.Object)'> (0x000000008addff88) thrown at [./src/hotspot/share/interpreter/linkResolver.cpp, line 773]
Event: 12.134 Thread 0x000002b9d3701000 Exception <a 'java/lang/IncompatibleClassChangeError'{0x000000008d7fcc10}: Found class java.lang.Object, but interface was expected> (0x000000008d7fcc10) thrown at [./src/hotspot/share/interpreter/linkResolver.cpp, line 839]
Event: 12.379 Thread 0x000002b9d5566800 Exception <a 'java/lang/NoSuchMethodError'{0x000000008ab88f20}: 'java.lang.Object java.lang.invoke.DirectMethodHandle$Holder.invokeStatic(java.lang.Object, int, java.lang.Object, java.lang.Object)'> (0x000000008ab88f20) thrown at [./src/hotspot/share/interpreter/linkResolver.cpp, line 773]
Event: 12.379 Thread 0x000002b9d3701000 Exception <a 'java/lang/NoSuchMethodError'{0x000000008ab7ad40}: 'java.lang.Object java.lang.invoke.DirectMethodHandle$Holder.invokeStatic(java.lang.Object, int, java.lang.Object, java.lang.Object)'> (0x000000008ab7ad40) thrown at [./src/hotspot/share/interpreter/linkResolver.cpp, line 773]
Event: 12.413 Thread 0x000002b9d7e09800 Exception <a 'java/lang/NoSuchMethodError'{0x000000008abbbf38}: 'void java.lang.invoke.DirectMethodHandle$Holder.invokeStatic(java.lang.Object, long)'> (0x000000008abbbf38) thrown at [./src/hotspot/share/interpreter/linkResolver.cpp, line 773]
Event: 12.415 Thread 0x000002b9d7e09800 Exception <a 'java/lang/NoSuchMethodError'{0x000000008abc6be8}: 'java.lang.Object java.lang.invoke.DirectMethodHandle$Holder.invokeStaticInit(java.lang.Object, java.lang.Object, long, java.lang.Object)'> (0x000000008abc6be8) thrown at [./src/hotspot/share/interpreter/linkResolver.cpp, line 773]
Event: 12.415 Thread 0x000002b9d7e09800 Exception <a 'java/lang/NoSuchMethodError'{0x000000008abcce28}: 'java.lang.Object java.lang.invoke.DirectMethodHandle$Holder.invokeStatic(java.lang.Object, java.lang.Object, long)'> (0x000000008abcce28) thrown at [./src/hotspot/share/interpreter/linkResolver.cpp, line 773]
Event: 12.415 Thread 0x000002b9d7e09800 Exception <a 'java/lang/NoSuchMethodError'{0x000000008abd33a0}: 'java.lang.Object java.lang.invoke.Invokers$Holder.linkToTargetMethod(java.lang.Object, long, java.lang.Object)'> (0x000000008abd33a0) thrown at [./src/hotspot/share/interpreter/linkResolver.cpp, line 773]
Event: 12.609 Thread 0x000002b9d3701000 Exception <a 'java/lang/NoSuchMethodError'{0x000000008c912858}: 'int java.lang.invoke.DirectMethodHandle$Holder.invokeSpecial(java.lang.Object, java.lang.Object, java.lang.Object, java.lang.Object, java.lang.Object)'> (0x000000008c912858) thrown at [./src/hotspot/share/interpreter/linkResolver.cpp, line 773]
Event: 12.610 Thread 0x000002b9d5566800 Exception <a 'java/lang/NoSuchMethodError'{0x000000008b8cba68}: 'int java.lang.invoke.DirectMethodHandle$Holder.invokeSpecial(java.lang.Object, java.lang.Object, java.lang.Object, java.lang.Object, java.lang.Object)'> (0x000000008b8cba68) thrown at [./src/hotspot/share/interpreter/linkResolver.cpp, line 773]
Event: 12.646 Thread 0x000002b9d5566800 Exception <a 'java/lang/IncompatibleClassChangeError'{0x000000008acfe908}: Found class java.lang.Object, but interface was expected> (0x000000008acfe908) thrown at [./src/hotspot/share/interpreter/linkResolver.cpp, line 839]
Event: 12.647 Thread 0x000002b9d5566800 Exception <a 'java/lang/IncompatibleClassChangeError'{0x000000008aa22128}: Found class java.lang.Object, but interface was expected> (0x000000008aa22128) thrown at [./src/hotspot/share/interpreter/linkResolver.cpp, line 839]
Event: 12.760 Thread 0x000002b9d5566800 Exception <a 'java/lang/NoSuchMethodError'{0x000000008ce79b60}: 'void java.lang.invoke.DirectMethodHandle$Holder.invokeSpecial(java.lang.Object, java.lang.Object, int, java.lang.Object)'> (0x000000008ce79b60) thrown at [./src/hotspot/share/interpreter/linkResolver.cpp, line 773]
Event: 12.760 Thread 0x000002b9d3701000 Exception <a 'java/lang/NoSuchMethodError'{0x000000008cb78c28}: 'void java.lang.invoke.DirectMethodHandle$Holder.invokeSpecial(java.lang.Object, java.lang.Object, int, java.lang.Object)'> (0x000000008cb78c28) thrown at [./src/hotspot/share/interpreter/linkResolver.cpp, line 773]
Event: 12.787 Thread 0x000002b9d7e09800 Exception <a 'java/lang/NoSuchMethodError'{0x000000008bf8b780}: 'int java.lang.invoke.DirectMethodHandle$Holder.invokeSpecialIFC(java.lang.Object, java.lang.Object, java.lang.Object)'> (0x000000008bf8b780) thrown at [./src/hotspot/share/interpreter/linkResolver.cpp, line 773]

Events (20 events):
Event: 12.845 loading class com/android/tools/r8/internal/kf done
Event: 12.845 loading class com/android/tools/r8/internal/jf
Event: 12.845 loading class com/android/tools/r8/internal/jf done
Event: 12.846 loading class com/android/tools/r8/code/w0
Event: 12.846 loading class com/android/tools/r8/code/w0 done
Event: 12.846 loading class com/android/tools/r8/code/U0
Event: 12.846 loading class com/android/tools/r8/code/U0 done
Event: 12.847 loading class com/android/tools/r8/internal/hf
Event: 12.847 loading class com/android/tools/r8/internal/hf done
Event: 12.848 loading class com/android/tools/r8/code/v1
Event: 12.848 loading class com/android/tools/r8/code/v1 done
Event: 12.848 loading class com/android/tools/r8/internal/gf
Event: 12.848 loading class com/android/tools/r8/internal/gf done
Event: 12.850 loading class com/android/tools/r8/code/a1
Event: 12.850 loading class com/android/tools/r8/code/a1 done
Event: 12.850 loading class com/android/tools/r8/code/x0
Event: 12.850 loading class com/android/tools/r8/code/x0 done
Event: 12.851 Executing VM operation: G1CollectForAllocation
Event: 12.851 loading class com/android/tools/r8/internal/T5
Event: 12.851 loading class com/android/tools/r8/internal/T5 done


Dynamic libraries:
0x00007ff7bfb30000 - 0x00007ff7bfb3a000 	C:\Program Files\Android\Android Studio\jre\bin\java.exe
0x00007ff93dc30000 - 0x00007ff93de28000 	C:\WINDOWS\SYSTEM32\ntdll.dll
0x00007ff93bd50000 - 0x00007ff93be0d000 	C:\WINDOWS\System32\KERNEL32.DLL
0x00007ff93b380000 - 0x00007ff93b64e000 	C:\WINDOWS\System32\KERNELBASE.dll
0x00007ff93ba40000 - 0x00007ff93bb40000 	C:\WINDOWS\System32\ucrtbase.dll
0x00007ff934920000 - 0x00007ff934937000 	C:\Program Files\Android\Android Studio\jre\bin\VCRUNTIME140.dll
0x00007ff934020000 - 0x00007ff934039000 	C:\Program Files\Android\Android Studio\jre\bin\jli.dll
0x00007ff93ca90000 - 0x00007ff93cc30000 	C:\WINDOWS\System32\USER32.dll
0x00007ff93b350000 - 0x00007ff93b372000 	C:\WINDOWS\System32\win32u.dll
0x00007ff928490000 - 0x00007ff92872a000 	C:\WINDOWS\WinSxS\amd64_microsoft.windows.common-controls_6595b64144ccf1df_6.0.19041.1110_none_60b5254171f9507e\COMCTL32.dll
0x00007ff93be80000 - 0x00007ff93beaa000 	C:\WINDOWS\System32\GDI32.dll
0x00007ff93db50000 - 0x00007ff93dbee000 	C:\WINDOWS\System32\msvcrt.dll
0x00007ff93b7b0000 - 0x00007ff93b8bb000 	C:\WINDOWS\System32\gdi32full.dll
0x00007ff93b8c0000 - 0x00007ff93b95d000 	C:\WINDOWS\System32\msvcp_win.dll
0x00007ff93d0e0000 - 0x00007ff93d110000 	C:\WINDOWS\System32\IMM32.DLL
0x00007ff9190a0000 - 0x00007ff91913d000 	C:\Program Files\Android\Android Studio\jre\bin\msvcp140.dll
0x00007ff8f44f0000 - 0x00007ff8f4fd5000 	C:\Program Files\Android\Android Studio\jre\bin\server\jvm.dll
0x00007ff93c9e0000 - 0x00007ff93ca8e000 	C:\WINDOWS\System32\ADVAPI32.dll
0x00007ff93cc30000 - 0x00007ff93cccc000 	C:\WINDOWS\System32\sechost.dll
0x00007ff93beb0000 - 0x00007ff93bfd5000 	C:\WINDOWS\System32\RPCRT4.dll
0x00007ff93bd40000 - 0x00007ff93bd48000 	C:\WINDOWS\System32\PSAPI.DLL
0x00007ff925e00000 - 0x00007ff925e09000 	C:\WINDOWS\SYSTEM32\WSOCK32.dll
0x00007ff9294b0000 - 0x00007ff9294d7000 	C:\WINDOWS\SYSTEM32\WINMM.dll
0x00007ff93c820000 - 0x00007ff93c88b000 	C:\WINDOWS\System32\WS2_32.dll
0x00007ff9315d0000 - 0x00007ff9315da000 	C:\WINDOWS\SYSTEM32\VERSION.dll
0x00007ff939c10000 - 0x00007ff939c22000 	C:\WINDOWS\SYSTEM32\kernel.appcore.dll
0x00007ff9365d0000 - 0x00007ff9365e1000 	C:\Program Files\Android\Android Studio\jre\bin\verify.dll
0x00007ff9398c0000 - 0x00007ff939aa4000 	C:\WINDOWS\SYSTEM32\DBGHELP.DLL
0x00007ff934480000 - 0x00007ff9344ac000 	C:\WINDOWS\SYSTEM32\dbgcore.DLL
0x00007ff93b960000 - 0x00007ff93b9e2000 	C:\WINDOWS\System32\bcryptPrimitives.dll
0x00007ff935c90000 - 0x00007ff935cb9000 	C:\Program Files\Android\Android Studio\jre\bin\java.dll
0x00007ff936600000 - 0x00007ff93660b000 	C:\Program Files\Android\Android Studio\jre\bin\jimage.dll
0x00007ff935330000 - 0x00007ff935348000 	C:\Program Files\Android\Android Studio\jre\bin\zip.dll
0x00007ff93c0b0000 - 0x00007ff93c7f4000 	C:\WINDOWS\System32\SHELL32.dll
0x00007ff939060000 - 0x00007ff9397f4000 	C:\WINDOWS\SYSTEM32\windows.storage.dll
0x00007ff93d110000 - 0x00007ff93d464000 	C:\WINDOWS\System32\combase.dll
0x00007ff93adb0000 - 0x00007ff93ade0000 	C:\WINDOWS\SYSTEM32\Wldp.dll
0x00007ff93bc90000 - 0x00007ff93bd3d000 	C:\WINDOWS\System32\SHCORE.dll
0x00007ff93d000000 - 0x00007ff93d055000 	C:\WINDOWS\System32\shlwapi.dll
0x00007ff93b290000 - 0x00007ff93b2af000 	C:\WINDOWS\SYSTEM32\profapi.dll
0x00007ff934a90000 - 0x00007ff934aaa000 	C:\Program Files\Android\Android Studio\jre\bin\net.dll
0x00007ff92f7e0000 - 0x00007ff92f8ea000 	C:\WINDOWS\SYSTEM32\WINHTTP.dll
0x00007ff93ab10000 - 0x00007ff93ab7a000 	C:\WINDOWS\system32\mswsock.dll
0x00007ff934a70000 - 0x00007ff934a84000 	C:\Program Files\Android\Android Studio\jre\bin\nio.dll
0x00007ff933f20000 - 0x00007ff933f47000 	C:\Users\79269\.gradle\native\e1d6ef7f7dcc3fd88c89a11ec53ec762bb8ba0a96d01ffa2cd45eb1d1d8dd5c5\windows-amd64\native-platform.dll
0x00007ff90d720000 - 0x00007ff90d864000 	C:\Users\79269\.gradle\native\5664cfc778a61ccfe75a443a1ab52a65af34e5dc3c78e0209fed803814484fcb\windows-amd64\native-platform-file-events.dll
0x00007ff935c60000 - 0x00007ff935c6a000 	C:\Program Files\Android\Android Studio\jre\bin\management.dll
0x00007ff935420000 - 0x00007ff93542d000 	C:\Program Files\Android\Android Studio\jre\bin\management_ext.dll
0x00007ff93ad10000 - 0x00007ff93ad28000 	C:\WINDOWS\SYSTEM32\CRYPTSP.dll
0x00007ff93a420000 - 0x00007ff93a454000 	C:\WINDOWS\system32\rsaenh.dll
0x00007ff93bbf0000 - 0x00007ff93bc17000 	C:\WINDOWS\System32\bcrypt.dll
0x00007ff93b250000 - 0x00007ff93b27e000 	C:\WINDOWS\SYSTEM32\USERENV.dll
0x00007ff93ad00000 - 0x00007ff93ad0c000 	C:\WINDOWS\SYSTEM32\CRYPTBASE.dll
0x00007ff93a7b0000 - 0x00007ff93a7eb000 	C:\WINDOWS\SYSTEM32\IPHLPAPI.DLL
0x00007ff93c9d0000 - 0x00007ff93c9d8000 	C:\WINDOWS\System32\NSI.dll
0x00007ff932460000 - 0x00007ff932477000 	C:\WINDOWS\SYSTEM32\dhcpcsvc6.DLL
0x00007ff932fd0000 - 0x00007ff932fed000 	C:\WINDOWS\SYSTEM32\dhcpcsvc.DLL
0x00007ff93a7f0000 - 0x00007ff93a8bb000 	C:\WINDOWS\SYSTEM32\DNSAPI.dll

dbghelp: loaded successfully - version: 4.0.5 - missing functions: none
symbol engine: initialized successfully - sym options: 0x614 - pdb path: .;C:\Program Files\Android\Android Studio\jre\bin;C:\WINDOWS\SYSTEM32;C:\WINDOWS\WinSxS\amd64_microsoft.windows.common-controls_6595b64144ccf1df_6.0.19041.1110_none_60b5254171f9507e;C:\Program Files\Android\Android Studio\jre\bin\server;C:\Users\79269\.gradle\native\e1d6ef7f7dcc3fd88c89a11ec53ec762bb8ba0a96d01ffa2cd45eb1d1d8dd5c5\windows-amd64;C:\Users\79269\.gradle\native\5664cfc778a61ccfe75a443a1ab52a65af34e5dc3c78e0209fed803814484fcb\windows-amd64

VM Arguments:
jvm_args: --add-opens=java.base/java.util=ALL-UNNAMED --add-opens=java.base/java.lang=ALL-UNNAMED --add-opens=java.base/java.lang.invoke=ALL-UNNAMED --add-opens=java.base/java.util=ALL-UNNAMED --add-opens=java.prefs/java.util.prefs=ALL-UNNAMED --add-opens=java.prefs/java.util.prefs=ALL-UNNAMED --add-opens=java.base/java.nio.charset=ALL-UNNAMED --add-opens=java.base/java.net=ALL-UNNAMED --add-opens=java.base/java.util.concurrent.atomic=ALL-UNNAMED -Xmx2048m -Dfile.encoding=UTF-8 -Duser.country=RU -Duser.language=ru -Duser.variant 
java_command: org.gradle.launcher.daemon.bootstrap.GradleDaemon 7.3.3
java_class_path (initial): C:\Users\79269\.gradle\wrapper\dists\gradle-7.3.3-bin\6a41zxkdtcxs8rphpq6y0069z\gradle-7.3.3\lib\gradle-launcher-7.3.3.jar
Launcher Type: SUN_STANDARD

[Global flags]
     intx CICompilerCount                          = 4                                         {product} {ergonomic}
     uint ConcGCThreads                            = 2                                         {product} {ergonomic}
     uint G1ConcRefinementThreads                  = 8                                         {product} {ergonomic}
   size_t G1HeapRegionSize                         = 1048576                                   {product} {ergonomic}
    uintx GCDrainStackTargetSize                   = 64                                        {product} {ergonomic}
   size_t InitialHeapSize                          = 134217728                                 {product} {ergonomic}
   size_t MarkStackSize                            = 4194304                                   {product} {ergonomic}
   size_t MaxHeapSize                              = 2147483648                                {product} {command line}
   size_t MaxNewSize                               = 1287651328                                {product} {ergonomic}
   size_t MinHeapDeltaBytes                        = 1048576                                   {product} {ergonomic}
    uintx NonNMethodCodeHeapSize                   = 5836300                                {pd product} {ergonomic}
    uintx NonProfiledCodeHeapSize                  = 122910970                              {pd product} {ergonomic}
    uintx ProfiledCodeHeapSize                     = 122910970                              {pd product} {ergonomic}
    uintx ReservedCodeCacheSize                    = 251658240                              {pd product} {ergonomic}
     bool SegmentedCodeCache                       = true                                      {product} {ergonomic}
     bool UseCompressedClassPointers               = true                                 {lp64_product} {ergonomic}
     bool UseCompressedOops                        = true                                 {lp64_product} {ergonomic}
     bool UseG1GC                                  = true                                      {product} {ergonomic}
     bool UseLargePagesIndividualAllocation        = false                                  {pd product} {ergonomic}

Logging:
Log output configuration:
 #0: stdout all=warning uptime,level,tags
 #1: stderr all=off uptime,level,tags

Environment Variables:
PATH=C:\Program Files\Common Files\Oracle\Java\javapath;C:\WINDOWS\system32;C:\WINDOWS;C:\WINDOWS\System32\Wbem;C:\WINDOWS\System32\WindowsPowerShell\v1.0\;C:\WINDOWS\System32\OpenSSH\;C:\Program Files\PuTTY\;C:\Program Files (x86)\Intel\Intel(R) Management Engine Components\DAL;C:\Program Files\Intel\Intel(R) Management Engine Components\DAL;C:\Users\79269\AppData\Local\Microsoft\WindowsApps;;C:\Program Files\JetBrains\IntelliJ IDEA Community Edition 2022.1.3\bin;
USERNAME=zh3ncorp
OS=Windows_NT
PROCESSOR_IDENTIFIER=Intel64 Family 6 Model 142 Stepping 10, GenuineIntel



---------------  S Y S T E M  ---------------

OS: Windows 10 , 64 bit Build 19041 (10.0.19041.1806)
OS uptime: 26 days 1:10 hours

CPU:total 8 (initial active 8) (4 cores per cpu, 2 threads per core) family 6 model 142 stepping 10 microcode 0xf0, cmov, cx8, fxsr, mmx, sse, sse2, sse3, ssse3, sse4.1, sse4.2, popcnt, avx, avx2, aes, clmul, erms, 3dnowpref, lzcnt, ht, tsc, tscinvbit, bmi1, bmi2, adx, fma

Memory: 4k page, system-wide physical 8089M (291M free)
TotalPageFile size 12185M (AvailPageFile size 35M)
current process WorkingSet (physical memory assigned to process): 460M, peak: 477M
current process commit charge ("private bytes"): 592M, peak: 656M

vm_info: OpenJDK 64-Bit Server VM (11.0.12+7-b1504.28-7817840) for windows-amd64 JRE (11.0.12+7-b1504.28-7817840), built on Oct 13 2021 22:12:33 by "builder" with MS VC++ 14.0 (VS2015)

END.
