#
# There is insufficient memory for the Java Runtime Environment to continue.
# Native memory allocation (malloc) failed to allocate 1320016 bytes for Chunk::new
# Possible reasons:
#   The system is out of physical RAM or swap space
#   The process is running with CompressedOops enabled, and the Java Heap may be blocking the growth of the native heap
# Possible solutions:
#   Reduce memory load on the system
#   Increase physical memory or swap space
#   Check if swap backing store is full
#   Decrease Java heap size (-Xmx/-Xms)
#   Decrease number of Java threads
#   Decrease Java thread stack sizes (-Xss)
#   Set larger code cache with -XX:ReservedCodeCacheSize=
#   JVM is running with Unscaled Compressed Oops mode in which the Java heap is
#     placed in the first 4GB address space. The Java Heap base address is the
#     maximum limit for the native heap growth. Please use -XX:HeapBaseMinAddress
#     to set the Java Heap base and to place the Java Heap above 4GB virtual address.
# This output file may be truncated or incomplete.
#
#  Out of Memory Error (./src/hotspot/share/memory/arena.cpp:197), pid=11680, tid=8588
#
# JRE version: OpenJDK Runtime Environment (11.0.12+7) (build 11.0.12+7-b1504.28-7817840)
# Java VM: OpenJDK 64-Bit Server VM (11.0.12+7-b1504.28-7817840, mixed mode, tiered, compressed oops, g1 gc, windows-amd64)
# No core dump will be written. Minidumps are not enabled by default on client versions of Windows
#

---------------  S U M M A R Y ------------

Command Line: --add-opens=java.base/java.util=ALL-UNNAMED --add-opens=java.base/java.lang=ALL-UNNAMED --add-opens=java.base/java.lang.invoke=ALL-UNNAMED --add-opens=java.base/java.util=ALL-UNNAMED --add-opens=java.prefs/java.util.prefs=ALL-UNNAMED --add-opens=java.prefs/java.util.prefs=ALL-UNNAMED --add-opens=java.base/java.nio.charset=ALL-UNNAMED --add-opens=java.base/java.net=ALL-UNNAMED --add-opens=java.base/java.util.concurrent.atomic=ALL-UNNAMED -Xmx2048m -Dfile.encoding=UTF-8 -Duser.country=RU -Duser.language=ru -Duser.variant org.gradle.launcher.daemon.bootstrap.GradleDaemon 7.3.3

Host: Intel(R) Core(TM) i5-8250U CPU @ 1.60GHz, 8 cores, 7G,  Windows 10 , 64 bit Build 19041 (10.0.19041.1806)
Time: Fri Jul 22 14:31:32 2022 RTZ 2 (зима) elapsed time: 6299.347723 seconds (0d 1h 44m 59s)

---------------  T H R E A D  ---------------

Current thread (0x0000026334e5f000):  JavaThread "C2 CompilerThread0" daemon [_thread_in_native, id=8588, stack(0x0000008dc1000000,0x0000008dc1100000)]


Current CompileTask:
C2:6299347 19778       4       org.objectweb.asm.ClassReader::readField (667 bytes)

Stack: [0x0000008dc1000000,0x0000008dc1100000]
Native frames: (J=compiled Java code, j=interpreted, Vv=VM code, C=native code)
V  [jvm.dll+0x5fbcea]
V  [jvm.dll+0x731905]
V  [jvm.dll+0x732f1d]
V  [jvm.dll+0x7335d3]
V  [jvm.dll+0x247bf8]
V  [jvm.dll+0xc018c]
V  [jvm.dll+0xc06cc]
V  [jvm.dll+0x35b2db]
V  [jvm.dll+0x328803]
V  [jvm.dll+0x327cfa]
V  [jvm.dll+0x200602]
V  [jvm.dll+0x1ff794]
V  [jvm.dll+0x18868c]
V  [jvm.dll+0x20e0d7]
V  [jvm.dll+0x20c901]
V  [jvm.dll+0x6f9b7f]
V  [jvm.dll+0x6f26a5]
V  [jvm.dll+0x5fabf6]
C  [ucrtbase.dll+0x21bb2]
C  [KERNEL32.DLL+0x17034]
C  [ntdll.dll+0x52651]


---------------  P R O C E S S  ---------------

Threads class SMR info:
_java_thread_list=0x000002633ab71250, length=156, elements={
0x000002631a17c000, 0x00000263345e8800, 0x0000026334630800, 0x0000026334e57800,
0x0000026334e59000, 0x0000026334e5a000, 0x0000026334e5f000, 0x0000026334e60000,
0x0000026334e6d000, 0x0000026334fde800, 0x0000026337fb1800, 0x0000026337cb4800,
0x0000026335adc000, 0x000002633765e000, 0x000002633765f000, 0x0000026337659800,
0x000002633765b800, 0x000002633765d800, 0x0000026337a34800, 0x0000026337a33800,
0x0000026337a36000, 0x0000026337a38800, 0x0000026337a3f000, 0x000002633b01e800,
0x000002633b01f000, 0x0000026337c50800, 0x0000026337c51000, 0x0000026337c52000,
0x0000026337c53000, 0x000002633adba800, 0x000002633adbb000, 0x000002633adc8000,
0x00000263388e3000, 0x000002633b015800, 0x000002633b014000, 0x000002633b011800,
0x000002633b018000, 0x000002633b012000, 0x000002633b014800, 0x000002633b018800,
0x000002633b013000, 0x000002633b01b000, 0x000002633b019800, 0x000002633b01a800,
0x000002633b01c000, 0x000002633b016800, 0x000002633b020000, 0x000002633b01d000,
0x000002633b01d800, 0x00000263388e2000, 0x00000263388e6000, 0x00000263388e4800,
0x00000263388e1800, 0x00000263388e8000, 0x00000263388e5800, 0x00000263388e8800,
0x00000263388e9800, 0x00000263388e3800, 0x00000263388eb000, 0x00000263388ec000,
0x00000263388ef000, 0x00000263388f0000, 0x00000263388ec800, 0x00000263388ed800,
0x00000263388ea800, 0x00000263388ee800, 0x0000026337c53800, 0x0000026337c54800,
0x0000026337c55800, 0x0000026337c4f800, 0x0000026337c5c000, 0x0000026337c58000,
0x0000026337c56000, 0x0000026337c5c800, 0x0000026337c58800, 0x0000026337c59800,
0x0000026337c57000, 0x0000026337c5d800, 0x0000026337c5a000, 0x0000026337c5b000,
0x0000026337c5e800, 0x000002633adbd800, 0x000002633adb9800, 0x000002633adbc000,
0x000002633adbf000, 0x000002633adbe800, 0x000002633adc2800, 0x000002633adbd000,
0x000002633adc3800, 0x000002633adc0000, 0x000002633adc5000, 0x000002633adc4000,
0x000002633adc6000, 0x000002633adc7800, 0x000002633adc6800, 0x0000026337a35000,
0x0000026337a32800, 0x0000026337a3e000, 0x0000026337a3d800, 0x0000026337a3c800,
0x0000026337a40000, 0x0000026337a3a000, 0x0000026337a3b000, 0x0000026337a3b800,
0x000002633765c800, 0x000002633765a000, 0x0000026337660000, 0x000002633765b000,
0x0000026345124800, 0x0000026345122800, 0x0000026345121000, 0x0000026345125000,
0x0000026345126000, 0x0000026345123800, 0x0000026345120000, 0x0000026345126800,
0x0000026345127800, 0x0000026345122000, 0x0000026345128800, 0x000002634512c800,
0x000002634512d800, 0x000002634512b000, 0x000002634512b800, 0x0000026345129000,
0x000002634512e000, 0x000002634512a000, 0x000002634512f000, 0x000002633adc1000,
0x000002633adc1800, 0x0000026341aca800, 0x0000026341acb800, 0x0000026341ac6800,
0x0000026341ac9000, 0x0000026341ac6000, 0x0000026341acd000, 0x0000026341aca000,
0x0000026341acc800, 0x0000026341ace000, 0x0000026341ac8800, 0x0000026341acf000,
0x0000026341ad3800, 0x0000026341ad0800, 0x0000026341ad1800, 0x0000026341ad2000,
0x0000026341acf800, 0x0000026341ad3000, 0x0000026341ad4800, 0x00000263381c1000,
0x00000263381bb800, 0x00000263381bf800, 0x00000263381c2000, 0x00000263381bd000,
0x00000263381be800, 0x00000263381bc000, 0x00000263381c2800, 0x00000263381c3800
}

Java Threads: ( => current thread )
  0x000002631a17c000 JavaThread "main" [_thread_blocked, id=11400, stack(0x0000008dc0400000,0x0000008dc0500000)]
  0x00000263345e8800 JavaThread "Reference Handler" daemon [_thread_blocked, id=1964, stack(0x0000008dc0b00000,0x0000008dc0c00000)]
  0x0000026334630800 JavaThread "Finalizer" daemon [_thread_blocked, id=11332, stack(0x0000008dc0c00000,0x0000008dc0d00000)]
  0x0000026334e57800 JavaThread "Signal Dispatcher" daemon [_thread_blocked, id=9988, stack(0x0000008dc0d00000,0x0000008dc0e00000)]
  0x0000026334e59000 JavaThread "Attach Listener" daemon [_thread_blocked, id=9504, stack(0x0000008dc0e00000,0x0000008dc0f00000)]
  0x0000026334e5a000 JavaThread "Service Thread" daemon [_thread_blocked, id=10664, stack(0x0000008dc0f00000,0x0000008dc1000000)]
=>0x0000026334e5f000 JavaThread "C2 CompilerThread0" daemon [_thread_in_native, id=8588, stack(0x0000008dc1000000,0x0000008dc1100000)]
  0x0000026334e60000 JavaThread "C1 CompilerThread0" daemon [_thread_blocked, id=12268, stack(0x0000008dc1100000,0x0000008dc1200000)]
  0x0000026334e6d000 JavaThread "Sweeper thread" daemon [_thread_blocked, id=9424, stack(0x0000008dc1200000,0x0000008dc1300000)]
  0x0000026334fde800 JavaThread "Common-Cleaner" daemon [_thread_blocked, id=10644, stack(0x0000008dc1300000,0x0000008dc1400000)]
  0x0000026337fb1800 JavaThread "Daemon health stats" [_thread_blocked, id=1348, stack(0x0000008dc1900000,0x0000008dc1a00000)]
  0x0000026337cb4800 JavaThread "Incoming local TCP Connector on port 58839" [_thread_in_native, id=9404, stack(0x0000008dc1500000,0x0000008dc1600000)]
  0x0000026335adc000 JavaThread "Daemon periodic checks" [_thread_blocked, id=12280, stack(0x0000008dc1600000,0x0000008dc1700000)]
  0x000002633765e000 JavaThread "Cache worker for journal cache (C:\Users\79269\.gradle\caches\journal-1)" [_thread_blocked, id=6092, stack(0x0000008dc2600000,0x0000008dc2700000)]
  0x000002633765f000 JavaThread "File lock request listener" [_thread_in_native, id=4152, stack(0x0000008dc2700000,0x0000008dc2800000)]
  0x0000026337659800 JavaThread "Cache worker for file hash cache (C:\Users\79269\.gradle\caches\7.3.3\fileHashes)" [_thread_blocked, id=2136, stack(0x0000008dc2800000,0x0000008dc2900000)]
  0x000002633765b800 JavaThread "File watcher server" daemon [_thread_in_native, id=1040, stack(0x0000008dc2c00000,0x0000008dc2d00000)]
  0x000002633765d800 JavaThread "File watcher consumer" daemon [_thread_blocked, id=11540, stack(0x0000008dc2d00000,0x0000008dc2e00000)]
  0x0000026337a34800 JavaThread "Cache worker for execution history cache (C:\Users\79269\.gradle\caches\7.3.3\executionHistory)" [_thread_blocked, id=8580, stack(0x0000008dc3200000,0x0000008dc3300000)]
  0x0000026337a33800 JavaThread "jar transforms" [_thread_blocked, id=8560, stack(0x0000008dc3300000,0x0000008dc3400000)]
  0x0000026337a36000 JavaThread "Cache worker for file content cache (C:\Users\79269\.gradle\caches\7.3.3\fileContent)" [_thread_blocked, id=10868, stack(0x0000008dc3400000,0x0000008dc3500000)]
  0x0000026337a38800 JavaThread "jar transforms Thread 2" [_thread_blocked, id=11776, stack(0x0000008dc3500000,0x0000008dc3600000)]
  0x0000026337a3f000 JavaThread "jar transforms Thread 3" [_thread_blocked, id=8732, stack(0x0000008dc3700000,0x0000008dc3800000)]
  0x000002633b01e800 JavaThread "jar transforms Thread 4" [_thread_blocked, id=10608, stack(0x0000008dc8900000,0x0000008dc8a00000)]
  0x000002633b01f000 JavaThread "jar transforms Thread 5" [_thread_blocked, id=9820, stack(0x0000008dc8a00000,0x0000008dc8b00000)]
  0x0000026337c50800 JavaThread "jar transforms Thread 6" [_thread_blocked, id=5340, stack(0x0000008dc8b00000,0x0000008dc8c00000)]
  0x0000026337c51000 JavaThread "jar transforms Thread 7" [_thread_blocked, id=2892, stack(0x0000008dc8c00000,0x0000008dc8d00000)]
  0x0000026337c52000 JavaThread "jar transforms Thread 8" [_thread_blocked, id=7296, stack(0x0000008dc8d00000,0x0000008dc8e00000)]
  0x0000026337c53000 JavaThread "Memory manager" [_thread_blocked, id=1552, stack(0x0000008dc2e00000,0x0000008dc2f00000)]
  0x000002633adba800 JavaThread "RMI Scheduler(0)" daemon [_thread_blocked, id=10924, stack(0x0000008dc9900000,0x0000008dc9a00000)]
  0x000002633adbb000 JavaThread "RMI TCP Accept-0" daemon [_thread_in_native, id=11240, stack(0x0000008dca100000,0x0000008dca200000)]
  0x000002633adc8000 JavaThread "Cache worker for Java compile cache (C:\Users\79269\.gradle\caches\7.3.3\javaCompile)" [_thread_blocked, id=12200, stack(0x0000008dca400000,0x0000008dca500000)]
  0x00000263388e3000 JavaThread "ForkJoinPool.commonPool-worker-11" daemon [_thread_blocked, id=7788, stack(0x0000008dcb600000,0x0000008dcb700000)]
  0x000002633b015800 JavaThread "Daemon Thread 2" [_thread_blocked, id=12104, stack(0x0000008dc0100000,0x0000008dc0200000)]
  0x000002633b014000 JavaThread "Handler for socket connection from /127.0.0.1:58839 to /127.0.0.1:54409" [_thread_in_native, id=9612, stack(0x0000008dc0200000,0x0000008dc0300000)]
  0x000002633b011800 JavaThread "Cancel handler" [_thread_blocked, id=8780, stack(0x0000008dc0300000,0x0000008dc0400000)]
  0x000002633b018000 JavaThread "Daemon worker Thread 2" [_thread_blocked, id=8004, stack(0x0000008dc1a00000,0x0000008dc1b00000)]
  0x000002633b012000 JavaThread "Asynchronous log dispatcher for DefaultDaemonConnection: socket connection from /127.0.0.1:58839 to /127.0.0.1:54409" [_thread_blocked, id=5656, stack(0x0000008dc1b00000,0x0000008dc1c00000)]
  0x000002633b014800 JavaThread "Stdin handler" [_thread_blocked, id=11500, stack(0x0000008dc1c00000,0x0000008dc1d00000)]
  0x000002633b018800 JavaThread "Daemon client event forwarder" [_thread_blocked, id=9640, stack(0x0000008dc1d00000,0x0000008dc1e00000)]
  0x000002633b013000 JavaThread "Cache worker for file hash cache (C:\Users\79269\AndroidStudioProjects\TestApp\.gradle\7.3.3\fileHashes)" [_thread_blocked, id=8448, stack(0x0000008dc1e00000,0x0000008dc1f00000)]
  0x000002633b01b000 JavaThread "Cache worker for checksums cache (C:\Users\79269\AndroidStudioProjects\TestApp\.gradle\7.3.3\checksums)" [_thread_blocked, id=5068, stack(0x0000008dc2a00000,0x0000008dc2b00000)]
  0x000002633b019800 JavaThread "Cache worker for cache directory md-supplier (C:\Users\79269\.gradle\caches\7.3.3\md-supplier)" [_thread_blocked, id=11036, stack(0x0000008dc2b00000,0x0000008dc2c00000)]
  0x000002633b01a800 JavaThread "Cache worker for cache directory md-rule (C:\Users\79269\.gradle\caches\7.3.3\md-rule)" [_thread_blocked, id=10684, stack(0x0000008dc2f00000,0x0000008dc3000000)]
  0x000002633b01c000 JavaThread "Cache worker for dependencies-accessors (C:\Users\79269\AndroidStudioProjects\TestApp\.gradle\7.3.3\dependencies-accessors)" [_thread_blocked, id=2900, stack(0x0000008dc3000000,0x0000008dc3100000)]
  0x000002633b016800 JavaThread "Cache worker for Build Output Cleanup Cache (C:\Users\79269\AndroidStudioProjects\TestApp\.gradle\buildOutputCleanup)" [_thread_blocked, id=9792, stack(0x0000008dc3100000,0x0000008dc3200000)]
  0x000002633b020000 JavaThread "Unconstrained build operations" [_thread_blocked, id=10376, stack(0x0000008dc3600000,0x0000008dc3700000)]
  0x000002633b01d000 JavaThread "Unconstrained build operations Thread 2" [_thread_blocked, id=2128, stack(0x0000008dc3800000,0x0000008dc3900000)]
  0x000002633b01d800 JavaThread "Unconstrained build operations Thread 3" [_thread_blocked, id=8248, stack(0x0000008dc3900000,0x0000008dc3a00000)]
  0x00000263388e2000 JavaThread "Unconstrained build operations Thread 4" [_thread_blocked, id=10748, stack(0x0000008dc3a00000,0x0000008dc3b00000)]
  0x00000263388e6000 JavaThread "Unconstrained build operations Thread 5" [_thread_blocked, id=4788, stack(0x0000008dc3b00000,0x0000008dc3c00000)]
  0x00000263388e4800 JavaThread "Unconstrained build operations Thread 6" [_thread_blocked, id=6500, stack(0x0000008dc3c00000,0x0000008dc3d00000)]
  0x00000263388e1800 JavaThread "Unconstrained build operations Thread 7" [_thread_blocked, id=8892, stack(0x0000008dc3d00000,0x0000008dc3e00000)]
  0x00000263388e8000 JavaThread "Unconstrained build operations Thread 8" [_thread_blocked, id=2412, stack(0x0000008dc3e00000,0x0000008dc3f00000)]
  0x00000263388e5800 JavaThread "Unconstrained build operations Thread 9" [_thread_blocked, id=5112, stack(0x0000008dc3f00000,0x0000008dc4000000)]
  0x00000263388e8800 JavaThread "Unconstrained build operations Thread 10" [_thread_blocked, id=9308, stack(0x0000008dc4000000,0x0000008dc4100000)]
  0x00000263388e9800 JavaThread "Unconstrained build operations Thread 11" [_thread_blocked, id=10048, stack(0x0000008dc4100000,0x0000008dc4200000)]
  0x00000263388e3800 JavaThread "Unconstrained build operations Thread 12" [_thread_blocked, id=2960, stack(0x0000008dc4200000,0x0000008dc4300000)]
  0x00000263388eb000 JavaThread "Unconstrained build operations Thread 13" [_thread_blocked, id=824, stack(0x0000008dc4300000,0x0000008dc4400000)]
  0x00000263388ec000 JavaThread "Unconstrained build operations Thread 14" [_thread_blocked, id=4068, stack(0x0000008dc4400000,0x0000008dc4500000)]
  0x00000263388ef000 JavaThread "Unconstrained build operations Thread 15" [_thread_blocked, id=12176, stack(0x0000008dc4500000,0x0000008dc4600000)]
  0x00000263388f0000 JavaThread "Unconstrained build operations Thread 16" [_thread_blocked, id=10580, stack(0x0000008dc4600000,0x0000008dc4700000)]
  0x00000263388ec800 JavaThread "Unconstrained build operations Thread 17" [_thread_blocked, id=8096, stack(0x0000008dc4700000,0x0000008dc4800000)]
  0x00000263388ed800 JavaThread "Unconstrained build operations Thread 18" [_thread_blocked, id=10156, stack(0x0000008dc4800000,0x0000008dc4900000)]
  0x00000263388ea800 JavaThread "Unconstrained build operations Thread 19" [_thread_blocked, id=10524, stack(0x0000008dc4900000,0x0000008dc4a00000)]
  0x00000263388ee800 JavaThread "Unconstrained build operations Thread 20" [_thread_blocked, id=1580, stack(0x0000008dc4a00000,0x0000008dc4b00000)]
  0x0000026337c53800 JavaThread "Unconstrained build operations Thread 21" [_thread_blocked, id=3828, stack(0x0000008dc4b00000,0x0000008dc4c00000)]
  0x0000026337c54800 JavaThread "Unconstrained build operations Thread 22" [_thread_blocked, id=8488, stack(0x0000008dc4c00000,0x0000008dc4d00000)]
  0x0000026337c55800 JavaThread "Unconstrained build operations Thread 23" [_thread_blocked, id=8504, stack(0x0000008dc4d00000,0x0000008dc4e00000)]
  0x0000026337c4f800 JavaThread "Unconstrained build operations Thread 24" [_thread_blocked, id=11424, stack(0x0000008dc4e00000,0x0000008dc4f00000)]
  0x0000026337c5c000 JavaThread "Unconstrained build operations Thread 25" [_thread_blocked, id=3432, stack(0x0000008dc4f00000,0x0000008dc5000000)]
  0x0000026337c58000 JavaThread "Unconstrained build operations Thread 26" [_thread_blocked, id=10604, stack(0x0000008dc5000000,0x0000008dc5100000)]
  0x0000026337c56000 JavaThread "Unconstrained build operations Thread 27" [_thread_blocked, id=4424, stack(0x0000008dc5100000,0x0000008dc5200000)]
  0x0000026337c5c800 JavaThread "Unconstrained build operations Thread 28" [_thread_blocked, id=11912, stack(0x0000008dc5200000,0x0000008dc5300000)]
  0x0000026337c58800 JavaThread "Unconstrained build operations Thread 29" [_thread_blocked, id=8656, stack(0x0000008dc5300000,0x0000008dc5400000)]
  0x0000026337c59800 JavaThread "Unconstrained build operations Thread 30" [_thread_blocked, id=4560, stack(0x0000008dc5400000,0x0000008dc5500000)]
  0x0000026337c57000 JavaThread "Unconstrained build operations Thread 31" [_thread_blocked, id=7068, stack(0x0000008dc5500000,0x0000008dc5600000)]
  0x0000026337c5d800 JavaThread "Unconstrained build operations Thread 32" [_thread_blocked, id=4108, stack(0x0000008dc5600000,0x0000008dc5700000)]
  0x0000026337c5a000 JavaThread "Unconstrained build operations Thread 33" [_thread_blocked, id=7588, stack(0x0000008dc5700000,0x0000008dc5800000)]
  0x0000026337c5b000 JavaThread "Unconstrained build operations Thread 34" [_thread_blocked, id=8676, stack(0x0000008dc5800000,0x0000008dc5900000)]
  0x0000026337c5e800 JavaThread "Unconstrained build operations Thread 35" [_thread_blocked, id=8456, stack(0x0000008dc5900000,0x0000008dc5a00000)]
  0x000002633adbd800 JavaThread "Unconstrained build operations Thread 36" [_thread_blocked, id=6548, stack(0x0000008dc5a00000,0x0000008dc5b00000)]
  0x000002633adb9800 JavaThread "Unconstrained build operations Thread 37" [_thread_blocked, id=3016, stack(0x0000008dc5b00000,0x0000008dc5c00000)]
  0x000002633adbc000 JavaThread "Unconstrained build operations Thread 38" [_thread_blocked, id=12036, stack(0x0000008dc5c00000,0x0000008dc5d00000)]
  0x000002633adbf000 JavaThread "Unconstrained build operations Thread 39" [_thread_blocked, id=9768, stack(0x0000008dc5d00000,0x0000008dc5e00000)]
  0x000002633adbe800 JavaThread "Unconstrained build operations Thread 40" [_thread_blocked, id=1316, stack(0x0000008dc5e00000,0x0000008dc5f00000)]
  0x000002633adc2800 JavaThread "Unconstrained build operations Thread 41" [_thread_blocked, id=9924, stack(0x0000008dc5f00000,0x0000008dc6000000)]
  0x000002633adbd000 JavaThread "Unconstrained build operations Thread 42" [_thread_blocked, id=9724, stack(0x0000008dc6000000,0x0000008dc6100000)]
  0x000002633adc3800 JavaThread "Unconstrained build operations Thread 43" [_thread_blocked, id=11844, stack(0x0000008dc6100000,0x0000008dc6200000)]
  0x000002633adc0000 JavaThread "Unconstrained build operations Thread 44" [_thread_blocked, id=6512, stack(0x0000008dc6200000,0x0000008dc6300000)]
  0x000002633adc5000 JavaThread "Unconstrained build operations Thread 45" [_thread_blocked, id=8144, stack(0x0000008dc6300000,0x0000008dc6400000)]
  0x000002633adc4000 JavaThread "Unconstrained build operations Thread 46" [_thread_blocked, id=8688, stack(0x0000008dc6400000,0x0000008dc6500000)]
  0x000002633adc6000 JavaThread "Unconstrained build operations Thread 47" [_thread_blocked, id=9700, stack(0x0000008dc6500000,0x0000008dc6600000)]
  0x000002633adc7800 JavaThread "Unconstrained build operations Thread 48" [_thread_blocked, id=10472, stack(0x0000008dc6600000,0x0000008dc6700000)]
  0x000002633adc6800 JavaThread "Unconstrained build operations Thread 49" [_thread_blocked, id=6692, stack(0x0000008dc6700000,0x0000008dc6800000)]
  0x0000026337a35000 JavaThread "Unconstrained build operations Thread 50" [_thread_blocked, id=10788, stack(0x0000008dc6800000,0x0000008dc6900000)]
  0x0000026337a32800 JavaThread "Unconstrained build operations Thread 51" [_thread_blocked, id=10432, stack(0x0000008dc6900000,0x0000008dc6a00000)]
  0x0000026337a3e000 JavaThread "Unconstrained build operations Thread 52" [_thread_blocked, id=11096, stack(0x0000008dc6a00000,0x0000008dc6b00000)]
  0x0000026337a3d800 JavaThread "Unconstrained build operations Thread 53" [_thread_blocked, id=6920, stack(0x0000008dc6b00000,0x0000008dc6c00000)]
  0x0000026337a3c800 JavaThread "Unconstrained build operations Thread 54" [_thread_blocked, id=12016, stack(0x0000008dc6c00000,0x0000008dc6d00000)]
  0x0000026337a40000 JavaThread "Unconstrained build operations Thread 55" [_thread_blocked, id=9396, stack(0x0000008dc6d00000,0x0000008dc6e00000)]
  0x0000026337a3a000 JavaThread "Unconstrained build operations Thread 56" [_thread_blocked, id=6740, stack(0x0000008dc6e00000,0x0000008dc6f00000)]
  0x0000026337a3b000 JavaThread "Unconstrained build operations Thread 57" [_thread_blocked, id=5012, stack(0x0000008dc6f00000,0x0000008dc7000000)]
  0x0000026337a3b800 JavaThread "Unconstrained build operations Thread 58" [_thread_blocked, id=10896, stack(0x0000008dc7000000,0x0000008dc7100000)]
  0x000002633765c800 JavaThread "Unconstrained build operations Thread 59" [_thread_blocked, id=9992, stack(0x0000008dc7100000,0x0000008dc7200000)]
  0x000002633765a000 JavaThread "Unconstrained build operations Thread 60" [_thread_blocked, id=9388, stack(0x0000008dc7200000,0x0000008dc7300000)]
  0x0000026337660000 JavaThread "Unconstrained build operations Thread 61" [_thread_blocked, id=9916, stack(0x0000008dc7300000,0x0000008dc7400000)]
  0x000002633765b000 JavaThread "Unconstrained build operations Thread 62" [_thread_blocked, id=3440, stack(0x0000008dc7400000,0x0000008dc7500000)]
  0x0000026345124800 JavaThread "Unconstrained build operations Thread 63" [_thread_blocked, id=12040, stack(0x0000008dc7500000,0x0000008dc7600000)]
  0x0000026345122800 JavaThread "Unconstrained build operations Thread 64" [_thread_blocked, id=9520, stack(0x0000008dc7600000,0x0000008dc7700000)]
  0x0000026345121000 JavaThread "Unconstrained build operations Thread 65" [_thread_blocked, id=9644, stack(0x0000008dc7700000,0x0000008dc7800000)]
  0x0000026345125000 JavaThread "Unconstrained build operations Thread 66" [_thread_blocked, id=7612, stack(0x0000008dc7800000,0x0000008dc7900000)]
  0x0000026345126000 JavaThread "Unconstrained build operations Thread 67" [_thread_blocked, id=11056, stack(0x0000008dc7900000,0x0000008dc7a00000)]
  0x0000026345123800 JavaThread "Unconstrained build operations Thread 68" [_thread_blocked, id=828, stack(0x0000008dc7a00000,0x0000008dc7b00000)]
  0x0000026345120000 JavaThread "Unconstrained build operations Thread 69" [_thread_blocked, id=9668, stack(0x0000008dc7b00000,0x0000008dc7c00000)]
  0x0000026345126800 JavaThread "Unconstrained build operations Thread 70" [_thread_blocked, id=9540, stack(0x0000008dc7c00000,0x0000008dc7d00000)]
  0x0000026345127800 JavaThread "Unconstrained build operations Thread 71" [_thread_blocked, id=7156, stack(0x0000008dc7d00000,0x0000008dc7e00000)]
  0x0000026345122000 JavaThread "Unconstrained build operations Thread 72" [_thread_blocked, id=12184, stack(0x0000008dc7e00000,0x0000008dc7f00000)]
  0x0000026345128800 JavaThread "Unconstrained build operations Thread 73" [_thread_blocked, id=8592, stack(0x0000008dc7f00000,0x0000008dc8000000)]
  0x000002634512c800 JavaThread "Unconstrained build operations Thread 74" [_thread_blocked, id=6668, stack(0x0000008dc8000000,0x0000008dc8100000)]
  0x000002634512d800 JavaThread "Unconstrained build operations Thread 75" [_thread_blocked, id=11700, stack(0x0000008dc8100000,0x0000008dc8200000)]
  0x000002634512b000 JavaThread "Unconstrained build operations Thread 76" [_thread_blocked, id=7396, stack(0x0000008dc8200000,0x0000008dc8300000)]
  0x000002634512b800 JavaThread "Unconstrained build operations Thread 77" [_thread_blocked, id=6116, stack(0x0000008dc8300000,0x0000008dc8400000)]
  0x0000026345129000 JavaThread "Unconstrained build operations Thread 78" [_thread_blocked, id=10496, stack(0x0000008dc8400000,0x0000008dc8500000)]
  0x000002634512e000 JavaThread "Unconstrained build operations Thread 79" [_thread_blocked, id=4428, stack(0x0000008dc8500000,0x0000008dc8600000)]
  0x000002634512a000 JavaThread "Unconstrained build operations Thread 80" [_thread_blocked, id=7800, stack(0x0000008dc8600000,0x0000008dc8700000)]
  0x000002634512f000 JavaThread "build event listener" [_thread_blocked, id=9484, stack(0x0000008dc8700000,0x0000008dc8800000)]
  0x000002633adc1000 JavaThread "build event listener" [_thread_blocked, id=9796, stack(0x0000008dc8800000,0x0000008dc8900000)]
  0x000002633adc1800 JavaThread "Execution worker for ':'" [_thread_blocked, id=10356, stack(0x0000008dc8e00000,0x0000008dc8f00000)]
  0x0000026341aca800 JavaThread "Execution worker for ':' Thread 2" [_thread_blocked, id=8872, stack(0x0000008dc8f00000,0x0000008dc9000000)]
  0x0000026341acb800 JavaThread "Execution worker for ':' Thread 3" [_thread_blocked, id=3444, stack(0x0000008dc9000000,0x0000008dc9100000)]
  0x0000026341ac6800 JavaThread "Execution worker for ':' Thread 4" [_thread_in_Java, id=10204, stack(0x0000008dc9100000,0x0000008dc9200000)]
  0x0000026341ac9000 JavaThread "Execution worker for ':' Thread 5" [_thread_blocked, id=5632, stack(0x0000008dc9200000,0x0000008dc9300000)]
  0x0000026341ac6000 JavaThread "Execution worker for ':' Thread 6" [_thread_blocked, id=10700, stack(0x0000008dc9300000,0x0000008dc9400000)]
  0x0000026341acd000 JavaThread "Execution worker for ':' Thread 7" [_thread_blocked, id=3896, stack(0x0000008dc9400000,0x0000008dc9500000)]
  0x0000026341aca000 JavaThread "Cache worker for execution history cache (C:\Users\79269\AndroidStudioProjects\TestApp\.gradle\7.3.3\executionHistory)" [_thread_blocked, id=3300, stack(0x0000008dc9500000,0x0000008dc9600000)]
  0x0000026341acc800 JavaThread "WorkerExecutor Queue" [_thread_blocked, id=9116, stack(0x0000008dc9600000,0x0000008dc9700000)]
  0x0000026341ace000 JavaThread "WorkerExecutor Queue Thread 3" [_thread_blocked, id=6684, stack(0x0000008dc9800000,0x0000008dc9900000)]
  0x0000026341ac8800 JavaThread "WorkerExecutor Queue Thread 4" [_thread_blocked, id=8668, stack(0x0000008dc9a00000,0x0000008dc9b00000)]
  0x0000026341acf000 JavaThread "WorkerExecutor Queue Thread 6" [_thread_blocked, id=10836, stack(0x0000008dc9c00000,0x0000008dc9d00000)]
  0x0000026341ad3800 JavaThread "WorkerExecutor Queue Thread 7" [_thread_blocked, id=3944, stack(0x0000008dc9d00000,0x0000008dc9e00000)]
  0x0000026341ad0800 JavaThread "pool-7-thread-1" [_thread_blocked, id=9908, stack(0x0000008dc9e00000,0x0000008dc9f00000)]
  0x0000026341ad1800 JavaThread "stderr" [_thread_in_native, id=10128, stack(0x0000008dc9f00000,0x0000008dca000000)]
  0x0000026341ad2000 JavaThread "stdout" [_thread_in_native, id=10012, stack(0x0000008dca000000,0x0000008dca100000)]
  0x0000026341acf800 JavaThread "RMI RenewClean-[127.0.0.1:17710,org.jetbrains.kotlin.daemon.common.LoopbackNetworkInterface$ClientLoopbackSocketFactory@4faa68ce]" daemon [_thread_blocked, id=8240, stack(0x0000008dc9700000,0x0000008dc9800000)]
  0x0000026341ad3000 JavaThread "RMI GC Daemon" daemon [_thread_blocked, id=2172, stack(0x0000008dc9b00000,0x0000008dc9c00000)]
  0x0000026341ad4800 JavaThread "RMI Reaper" [_thread_blocked, id=11932, stack(0x0000008dca200000,0x0000008dca300000)]
  0x00000263381c1000 JavaThread "RMI TCP Connection(15)-127.0.0.1" daemon [_thread_in_native, id=4728, stack(0x0000008dca300000,0x0000008dca400000)]
  0x00000263381bb800 JavaThread "Build operations" [_thread_blocked, id=11436, stack(0x0000008dc1f00000,0x0000008dc2000000)]
  0x00000263381bf800 JavaThread "Build operations Thread 2" [_thread_blocked, id=1756, stack(0x0000008dc2000000,0x0000008dc2100000)]
  0x00000263381c2000 JavaThread "Build operations Thread 3" [_thread_blocked, id=9260, stack(0x0000008dca500000,0x0000008dca600000)]
  0x00000263381bd000 JavaThread "Build operations Thread 4" [_thread_blocked, id=2912, stack(0x0000008dca600000,0x0000008dca700000)]
  0x00000263381be800 JavaThread "Build operations Thread 5" [_thread_blocked, id=3820, stack(0x0000008dca700000,0x0000008dca800000)]
  0x00000263381bc000 JavaThread "Build operations Thread 6" [_thread_blocked, id=1216, stack(0x0000008dca800000,0x0000008dca900000)]
  0x00000263381c2800 JavaThread "Build operations Thread 7" [_thread_blocked, id=12160, stack(0x0000008dca900000,0x0000008dcaa00000)]
  0x00000263381c3800 JavaThread "Build operations Thread 8" [_thread_blocked, id=11456, stack(0x0000008dcaa00000,0x0000008dcab00000)]

Other Threads:
  0x00000263345e7800 VMThread "VM Thread" [stack: 0x0000008dc0a00000,0x0000008dc0b00000] [id=680]
  0x0000026335072800 WatcherThread [stack: 0x0000008dc1400000,0x0000008dc1500000] [id=1912]
  0x000002631a195800 GCTaskThread "GC Thread#0" [stack: 0x0000008dc0500000,0x0000008dc0600000] [id=1536]
  0x0000026335cd7800 GCTaskThread "GC Thread#1" [stack: 0x0000008dc1700000,0x0000008dc1800000] [id=8856]
  0x0000026335d11800 GCTaskThread "GC Thread#2" [stack: 0x0000008dc1800000,0x0000008dc1900000] [id=3880]
  0x000002633721d800 GCTaskThread "GC Thread#3" [stack: 0x0000008dc2100000,0x0000008dc2200000] [id=9436]
  0x00000263377c4800 GCTaskThread "GC Thread#4" [stack: 0x0000008dc2200000,0x0000008dc2300000] [id=4072]
  0x0000026336969800 GCTaskThread "GC Thread#5" [stack: 0x0000008dc2300000,0x0000008dc2400000] [id=11896]
  0x0000026337560000 GCTaskThread "GC Thread#6" [stack: 0x0000008dc2400000,0x0000008dc2500000] [id=2488]
  0x0000026336f9f800 GCTaskThread "GC Thread#7" [stack: 0x0000008dc2500000,0x0000008dc2600000] [id=7824]
  0x000002631a1c6800 ConcurrentGCThread "G1 Main Marker" [stack: 0x0000008dc0600000,0x0000008dc0700000] [id=1292]
  0x000002631a1c8000 ConcurrentGCThread "G1 Conc#0" [stack: 0x0000008dc0700000,0x0000008dc0800000] [id=3936]
  0x00000263363e9800 ConcurrentGCThread "G1 Conc#1" [stack: 0x0000008dc2900000,0x0000008dc2a00000] [id=7064]
  0x0000026334450800 ConcurrentGCThread "G1 Refine#0" [stack: 0x0000008dc0800000,0x0000008dc0900000] [id=1944]
  0x0000026334451000 ConcurrentGCThread "G1 Young RemSet Sampling" [stack: 0x0000008dc0900000,0x0000008dc0a00000] [id=11976]

Threads with active compile tasks:
C2 CompilerThread06299552 19778       4       org.objectweb.asm.ClassReader::readField (667 bytes)
C1 CompilerThread06299552 19832       2       org.gradle.internal.logging.sink.ProgressLogEventGenerator$Operation::completeHeader (154 bytes)

VM state:not at safepoint (normal execution)

VM Mutex/Monitor currently owned by a thread: None

Heap address: 0x0000000080000000, size: 2048 MB, Compressed Oops mode: 32-bit
Narrow klass base: 0x0000000000000000, Narrow klass shift: 3
Compressed class space size: 1073741824 Address: 0x0000000100000000

Heap:
 garbage-first heap   total 227328K, used 123400K [0x0000000080000000, 0x0000000100000000)
  region size 1024K, 27 young (27648K), 7 survivors (7168K)
 Metaspace       used 123298K, capacity 126279K, committed 128172K, reserved 1161216K
  class space    used 15537K, capacity 16673K, committed 17408K, reserved 1048576K
Heap Regions: E=young(eden), S=young(survivor), O=old, HS=humongous(starts), HC=humongous(continues), CS=collection set, F=free, A=archive, TAMS=top-at-mark-start (previous, next)
|   0|0x0000000080000000, 0x0000000080100000, 0x0000000080100000|100%| O|  |TAMS 0x0000000080100000, 0x0000000080000000| Untracked 
|   1|0x0000000080100000, 0x0000000080200000, 0x0000000080200000|100%| O|  |TAMS 0x0000000080200000, 0x0000000080100000| Untracked 
|   2|0x0000000080200000, 0x0000000080300000, 0x0000000080300000|100%| O|  |TAMS 0x0000000080300000, 0x0000000080200000| Untracked 
|   3|0x0000000080300000, 0x0000000080400000, 0x0000000080400000|100%|HS|  |TAMS 0x0000000080400000, 0x0000000080300000| Complete 
|   4|0x0000000080400000, 0x0000000080500000, 0x0000000080500000|100%|HC|  |TAMS 0x0000000080500000, 0x0000000080400000| Complete 
|   5|0x0000000080500000, 0x0000000080600000, 0x0000000080600000|100%|HC|  |TAMS 0x0000000080600000, 0x0000000080500000| Complete 
|   6|0x0000000080600000, 0x0000000080700000, 0x0000000080700000|100%| O|  |TAMS 0x0000000080700000, 0x0000000080600000| Untracked 
|   7|0x0000000080700000, 0x0000000080800000, 0x0000000080800000|100%| O|  |TAMS 0x0000000080800000, 0x0000000080700000| Complete 
|   8|0x0000000080800000, 0x0000000080900000, 0x0000000080900000|100%| O|  |TAMS 0x0000000080900000, 0x0000000080800000| Untracked 
|   9|0x0000000080900000, 0x0000000080a00000, 0x0000000080a00000|100%| O|  |TAMS 0x0000000080a00000, 0x0000000080900000| Complete 
|  10|0x0000000080a00000, 0x0000000080b00000, 0x0000000080b00000|100%| O|  |TAMS 0x0000000080b00000, 0x0000000080a00000| Complete 
|  11|0x0000000080b00000, 0x0000000080c00000, 0x0000000080c00000|100%| O|  |TAMS 0x0000000080c00000, 0x0000000080b00000| Untracked 
|  12|0x0000000080c00000, 0x0000000080d00000, 0x0000000080d00000|100%| O|  |TAMS 0x0000000080d00000, 0x0000000080c00000| Untracked 
|  13|0x0000000080d00000, 0x0000000080e00000, 0x0000000080e00000|100%| O|  |TAMS 0x0000000080e00000, 0x0000000080d00000| Untracked 
|  14|0x0000000080e00000, 0x0000000080f00000, 0x0000000080f00000|100%| O|  |TAMS 0x0000000080f00000, 0x0000000080e00000| Untracked 
|  15|0x0000000080f00000, 0x0000000081000000, 0x0000000081000000|100%| O|  |TAMS 0x0000000081000000, 0x0000000080f00000| Complete 
|  16|0x0000000081000000, 0x0000000081100000, 0x0000000081100000|100%|HS|  |TAMS 0x0000000081100000, 0x0000000081000000| Complete 
|  17|0x0000000081100000, 0x0000000081200000, 0x0000000081200000|100%| O|  |TAMS 0x0000000081200000, 0x0000000081100000| Complete 
|  18|0x0000000081200000, 0x0000000081300000, 0x0000000081300000|100%| O|  |TAMS 0x0000000081300000, 0x0000000081200000| Complete 
|  19|0x0000000081300000, 0x0000000081400000, 0x0000000081400000|100%| O|  |TAMS 0x0000000081400000, 0x0000000081300000| Complete 
|  20|0x0000000081400000, 0x0000000081500000, 0x0000000081500000|100%| O|  |TAMS 0x0000000081500000, 0x0000000081400000| Untracked 
|  21|0x0000000081500000, 0x0000000081600000, 0x0000000081600000|100%| O|  |TAMS 0x0000000081600000, 0x0000000081500000| Complete 
|  22|0x0000000081600000, 0x0000000081700000, 0x0000000081700000|100%| O|  |TAMS 0x0000000081700000, 0x0000000081600000| Complete 
|  23|0x0000000081700000, 0x0000000081800000, 0x0000000081800000|100%| O|  |TAMS 0x0000000081800000, 0x0000000081700000| Complete 
|  24|0x0000000081800000, 0x0000000081900000, 0x0000000081900000|100%| O|  |TAMS 0x0000000081900000, 0x0000000081800000| Complete 
|  25|0x0000000081900000, 0x0000000081a00000, 0x0000000081a00000|100%| O|  |TAMS 0x0000000081a00000, 0x0000000081900000| Complete 
|  26|0x0000000081a00000, 0x0000000081b00000, 0x0000000081b00000|100%| O|  |TAMS 0x0000000081b00000, 0x0000000081a00000| Complete 
|  27|0x0000000081b00000, 0x0000000081c00000, 0x0000000081c00000|100%| O|  |TAMS 0x0000000081c00000, 0x0000000081b00000| Untracked 
|  28|0x0000000081c00000, 0x0000000081d00000, 0x0000000081d00000|100%|HS|  |TAMS 0x0000000081d00000, 0x0000000081c00000| Complete 
|  29|0x0000000081d00000, 0x0000000081e00000, 0x0000000081e00000|100%|HS|  |TAMS 0x0000000081e00000, 0x0000000081d00000| Complete 
|  30|0x0000000081e00000, 0x0000000081f00000, 0x0000000081f00000|100%|HS|  |TAMS 0x0000000081f00000, 0x0000000081e00000| Complete 
|  31|0x0000000081f00000, 0x0000000082000000, 0x0000000082000000|100%|HC|  |TAMS 0x0000000082000000, 0x0000000081f00000| Complete 
|  32|0x0000000082000000, 0x0000000082100000, 0x0000000082100000|100%|HC|  |TAMS 0x0000000082100000, 0x0000000082000000| Complete 
|  33|0x0000000082100000, 0x0000000082200000, 0x0000000082200000|100%|HS|  |TAMS 0x0000000082200000, 0x0000000082100000| Complete 
|  34|0x0000000082200000, 0x0000000082300000, 0x0000000082300000|100%|HC|  |TAMS 0x0000000082300000, 0x0000000082200000| Complete 
|  35|0x0000000082300000, 0x0000000082400000, 0x0000000082400000|100%| O|  |TAMS 0x0000000082400000, 0x0000000082300000| Complete 
|  36|0x0000000082400000, 0x0000000082500000, 0x0000000082500000|100%| O|  |TAMS 0x0000000082500000, 0x0000000082400000| Complete 
|  37|0x0000000082500000, 0x0000000082600000, 0x0000000082600000|100%| O|  |TAMS 0x0000000082600000, 0x0000000082500000| Untracked 
|  38|0x0000000082600000, 0x0000000082700000, 0x0000000082700000|100%| O|  |TAMS 0x0000000082700000, 0x0000000082600000| Complete 
|  39|0x0000000082700000, 0x0000000082800000, 0x0000000082800000|100%| O|  |TAMS 0x0000000082800000, 0x0000000082700000| Untracked 
|  40|0x0000000082800000, 0x0000000082900000, 0x0000000082900000|100%| O|  |TAMS 0x0000000082900000, 0x0000000082800000| Complete 
|  41|0x0000000082900000, 0x0000000082a00000, 0x0000000082a00000|100%| O|  |TAMS 0x0000000082a00000, 0x0000000082900000| Untracked 
|  42|0x0000000082a00000, 0x0000000082b00000, 0x0000000082b00000|100%| O|  |TAMS 0x0000000082b00000, 0x0000000082a00000| Untracked 
|  43|0x0000000082b00000, 0x0000000082c00000, 0x0000000082c00000|100%| O|  |TAMS 0x0000000082c00000, 0x0000000082b00000| Complete 
|  44|0x0000000082c00000, 0x0000000082d00000, 0x0000000082d00000|100%| O|  |TAMS 0x0000000082d00000, 0x0000000082c00000| Complete 
|  45|0x0000000082d00000, 0x0000000082e00000, 0x0000000082e00000|100%| O|  |TAMS 0x0000000082e00000, 0x0000000082d00000| Complete 
|  46|0x0000000082e00000, 0x0000000082f00000, 0x0000000082f00000|100%| O|  |TAMS 0x0000000082f00000, 0x0000000082e00000| Untracked 
|  47|0x0000000082f00000, 0x0000000083000000, 0x0000000083000000|100%| O|  |TAMS 0x0000000083000000, 0x0000000082f00000| Complete 
|  48|0x0000000083000000, 0x0000000083100000, 0x0000000083100000|100%| O|  |TAMS 0x0000000083100000, 0x0000000083000000| Complete 
|  49|0x0000000083100000, 0x0000000083200000, 0x0000000083200000|100%| O|  |TAMS 0x0000000083200000, 0x0000000083100000| Complete 
|  50|0x0000000083200000, 0x0000000083200000, 0x0000000083300000|  0%| F|  |TAMS 0x0000000083200000, 0x0000000083200000| Untracked 
|  51|0x0000000083300000, 0x0000000083400000, 0x0000000083400000|100%| O|  |TAMS 0x0000000083400000, 0x0000000083300000| Complete 
|  52|0x0000000083400000, 0x0000000083500000, 0x0000000083500000|100%| O|  |TAMS 0x0000000083500000, 0x0000000083400000| Complete 
|  53|0x0000000083500000, 0x0000000083600000, 0x0000000083600000|100%| O|  |TAMS 0x0000000083600000, 0x0000000083500000| Untracked 
|  54|0x0000000083600000, 0x0000000083600000, 0x0000000083700000|  0%| F|  |TAMS 0x0000000083600000, 0x0000000083600000| Untracked 
|  55|0x0000000083700000, 0x0000000083800000, 0x0000000083800000|100%| O|  |TAMS 0x0000000083800000, 0x0000000083700000| Untracked 
|  56|0x0000000083800000, 0x0000000083900000, 0x0000000083900000|100%| O|  |TAMS 0x0000000083900000, 0x0000000083800000| Untracked 
|  57|0x0000000083900000, 0x0000000083a00000, 0x0000000083a00000|100%| O|  |TAMS 0x0000000083a00000, 0x0000000083900000| Complete 
|  58|0x0000000083a00000, 0x0000000083b00000, 0x0000000083b00000|100%| O|  |TAMS 0x0000000083b00000, 0x0000000083a00000| Untracked 
|  59|0x0000000083b00000, 0x0000000083bf2a00, 0x0000000083c00000| 94%| O|  |TAMS 0x0000000083bf2a00, 0x0000000083b00000| Untracked 
|  60|0x0000000083c00000, 0x0000000083c00000, 0x0000000083d00000|  0%| F|  |TAMS 0x0000000083c00000, 0x0000000083c00000| Untracked 
|  61|0x0000000083d00000, 0x0000000083d00000, 0x0000000083e00000|  0%| F|  |TAMS 0x0000000083d00000, 0x0000000083d00000| Untracked 
|  62|0x0000000083e00000, 0x0000000083f00000, 0x0000000083f00000|100%| O|  |TAMS 0x0000000083f00000, 0x0000000083e00000| Complete 
|  63|0x0000000083f00000, 0x0000000084000000, 0x0000000084000000|100%| O|  |TAMS 0x0000000084000000, 0x0000000083f00000| Complete 
|  64|0x0000000084000000, 0x0000000084100000, 0x0000000084100000|100%| O|  |TAMS 0x0000000084100000, 0x0000000084000000| Untracked 
|  65|0x0000000084100000, 0x0000000084200000, 0x0000000084200000|100%| O|  |TAMS 0x0000000084200000, 0x0000000084100000| Complete 
|  66|0x0000000084200000, 0x0000000084300000, 0x0000000084300000|100%| O|  |TAMS 0x0000000084300000, 0x0000000084200000| Untracked 
|  67|0x0000000084300000, 0x0000000084400000, 0x0000000084400000|100%| O|  |TAMS 0x0000000084400000, 0x0000000084300000| Complete 
|  68|0x0000000084400000, 0x0000000084400000, 0x0000000084500000|  0%| F|  |TAMS 0x0000000084400000, 0x0000000084400000| Untracked 
|  69|0x0000000084500000, 0x0000000084600000, 0x0000000084600000|100%| O|  |TAMS 0x0000000084600000, 0x0000000084500000| Complete 
|  70|0x0000000084600000, 0x0000000084700000, 0x0000000084700000|100%| O|  |TAMS 0x0000000084700000, 0x0000000084600000| Complete 
|  71|0x0000000084700000, 0x0000000084800000, 0x0000000084800000|100%| O|  |TAMS 0x0000000084800000, 0x0000000084700000| Untracked 
|  72|0x0000000084800000, 0x0000000084800000, 0x0000000084900000|  0%| F|  |TAMS 0x0000000084800000, 0x0000000084800000| Untracked 
|  73|0x0000000084900000, 0x0000000084a00000, 0x0000000084a00000|100%| O|  |TAMS 0x0000000084a00000, 0x0000000084900000| Complete 
|  74|0x0000000084a00000, 0x0000000084b00000, 0x0000000084b00000|100%| O|  |TAMS 0x0000000084b00000, 0x0000000084a00000| Complete 
|  75|0x0000000084b00000, 0x0000000084c00000, 0x0000000084c00000|100%| O|  |TAMS 0x0000000084c00000, 0x0000000084b00000| Untracked 
|  76|0x0000000084c00000, 0x0000000084d00000, 0x0000000084d00000|100%| O|  |TAMS 0x0000000084d00000, 0x0000000084c00000| Untracked 
|  77|0x0000000084d00000, 0x0000000084d00000, 0x0000000084e00000|  0%| F|  |TAMS 0x0000000084d00000, 0x0000000084d00000| Untracked 
|  78|0x0000000084e00000, 0x0000000084f00000, 0x0000000084f00000|100%| O|  |TAMS 0x0000000084f00000, 0x0000000084e00000| Complete 
|  79|0x0000000084f00000, 0x0000000085000000, 0x0000000085000000|100%| O|  |TAMS 0x0000000085000000, 0x0000000084f00000| Untracked 
|  80|0x0000000085000000, 0x0000000085100000, 0x0000000085100000|100%| O|  |TAMS 0x0000000085100000, 0x0000000085000000| Untracked 
|  81|0x0000000085100000, 0x0000000085200000, 0x0000000085200000|100%| O|  |TAMS 0x0000000085200000, 0x0000000085100000| Untracked 
|  82|0x0000000085200000, 0x0000000085300000, 0x0000000085300000|100%| O|  |TAMS 0x0000000085300000, 0x0000000085200000| Complete 
|  83|0x0000000085300000, 0x0000000085400000, 0x0000000085400000|100%| O|  |TAMS 0x0000000085400000, 0x0000000085300000| Complete 
|  84|0x0000000085400000, 0x0000000085500000, 0x0000000085500000|100%| O|  |TAMS 0x0000000085500000, 0x0000000085400000| Untracked 
|  85|0x0000000085500000, 0x0000000085500000, 0x0000000085600000|  0%| F|  |TAMS 0x0000000085500000, 0x0000000085500000| Untracked 
|  86|0x0000000085600000, 0x0000000085600000, 0x0000000085700000|  0%| F|  |TAMS 0x0000000085600000, 0x0000000085600000| Untracked 
|  87|0x0000000085700000, 0x0000000085700000, 0x0000000085800000|  0%| F|  |TAMS 0x0000000085700000, 0x0000000085700000| Untracked 
|  88|0x0000000085800000, 0x0000000085900000, 0x0000000085900000|100%| O|  |TAMS 0x0000000085900000, 0x0000000085800000| Untracked 
|  89|0x0000000085900000, 0x0000000085a00000, 0x0000000085a00000|100%| O|  |TAMS 0x0000000085a00000, 0x0000000085900000| Untracked 
|  90|0x0000000085a00000, 0x0000000085a00000, 0x0000000085b00000|  0%| F|  |TAMS 0x0000000085a00000, 0x0000000085a00000| Untracked 
|  91|0x0000000085b00000, 0x0000000085b00000, 0x0000000085c00000|  0%| F|  |TAMS 0x0000000085b00000, 0x0000000085b00000| Untracked 
|  92|0x0000000085c00000, 0x0000000085d00000, 0x0000000085d00000|100%| O|  |TAMS 0x0000000085d00000, 0x0000000085c00000| Complete 
|  93|0x0000000085d00000, 0x0000000085d00000, 0x0000000085e00000|  0%| F|  |TAMS 0x0000000085d00000, 0x0000000085d00000| Untracked 
|  94|0x0000000085e00000, 0x0000000085e00000, 0x0000000085f00000|  0%| F|  |TAMS 0x0000000085e00000, 0x0000000085e00000| Untracked 
|  95|0x0000000085f00000, 0x0000000085f00000, 0x0000000086000000|  0%| F|  |TAMS 0x0000000085f00000, 0x0000000085f00000| Untracked 
|  96|0x0000000086000000, 0x0000000086100000, 0x0000000086100000|100%| O|  |TAMS 0x0000000086100000, 0x0000000086000000| Complete 
|  97|0x0000000086100000, 0x0000000086200000, 0x0000000086200000|100%| O|  |TAMS 0x0000000086200000, 0x0000000086100000| Complete 
|  98|0x0000000086200000, 0x0000000086300000, 0x0000000086300000|100%| O|  |TAMS 0x0000000086300000, 0x0000000086200000| Complete 
|  99|0x0000000086300000, 0x0000000086400000, 0x0000000086400000|100%| O|  |TAMS 0x0000000086400000, 0x0000000086300000| Complete 
| 100|0x0000000086400000, 0x0000000086500000, 0x0000000086500000|100%| O|  |TAMS 0x0000000086500000, 0x0000000086400000| Untracked 
| 101|0x0000000086500000, 0x0000000086500000, 0x0000000086600000|  0%| F|  |TAMS 0x0000000086500000, 0x0000000086500000| Untracked 
| 102|0x0000000086600000, 0x0000000086700000, 0x0000000086700000|100%| O|  |TAMS 0x0000000086700000, 0x0000000086600000| Complete 
| 103|0x0000000086700000, 0x0000000086800000, 0x0000000086800000|100%| O|  |TAMS 0x0000000086800000, 0x0000000086700000| Complete 
| 104|0x0000000086800000, 0x0000000086900000, 0x0000000086900000|100%| O|  |TAMS 0x0000000086900000, 0x0000000086800000| Untracked 
| 105|0x0000000086900000, 0x0000000086a00000, 0x0000000086a00000|100%| O|  |TAMS 0x0000000086a00000, 0x0000000086900000| Untracked 
| 106|0x0000000086a00000, 0x0000000086b00000, 0x0000000086b00000|100%| O|  |TAMS 0x0000000086b00000, 0x0000000086a00000| Complete 
| 107|0x0000000086b00000, 0x0000000086b00000, 0x0000000086c00000|  0%| F|  |TAMS 0x0000000086b00000, 0x0000000086b00000| Untracked 
| 108|0x0000000086c00000, 0x0000000086c00000, 0x0000000086d00000|  0%| F|  |TAMS 0x0000000086c00000, 0x0000000086c00000| Untracked 
| 109|0x0000000086d00000, 0x0000000086e00000, 0x0000000086e00000|100%| O|  |TAMS 0x0000000086e00000, 0x0000000086d00000| Complete 
| 110|0x0000000086e00000, 0x0000000086f00000, 0x0000000086f00000|100%| O|  |TAMS 0x0000000086f00000, 0x0000000086e00000| Untracked 
| 111|0x0000000086f00000, 0x0000000087000000, 0x0000000087000000|100%| O|  |TAMS 0x0000000087000000, 0x0000000086f00000| Untracked 
| 112|0x0000000087000000, 0x0000000087100000, 0x0000000087100000|100%| O|  |TAMS 0x0000000087100000, 0x0000000087000000| Untracked 
| 113|0x0000000087100000, 0x0000000087200000, 0x0000000087200000|100%| O|  |TAMS 0x0000000087200000, 0x0000000087100000| Untracked 
| 114|0x0000000087200000, 0x0000000087200000, 0x0000000087300000|  0%| F|  |TAMS 0x0000000087200000, 0x0000000087200000| Untracked 
| 115|0x0000000087300000, 0x0000000087300000, 0x0000000087400000|  0%| F|  |TAMS 0x0000000087300000, 0x0000000087300000| Untracked 
| 116|0x0000000087400000, 0x0000000087400000, 0x0000000087500000|  0%| F|  |TAMS 0x0000000087400000, 0x0000000087400000| Untracked 
| 117|0x0000000087500000, 0x0000000087500000, 0x0000000087600000|  0%| F|  |TAMS 0x0000000087500000, 0x0000000087500000| Untracked 
| 118|0x0000000087600000, 0x0000000087600000, 0x0000000087700000|  0%| F|  |TAMS 0x0000000087600000, 0x0000000087600000| Untracked 
| 119|0x0000000087700000, 0x0000000087700000, 0x0000000087800000|  0%| F|  |TAMS 0x0000000087700000, 0x0000000087700000| Untracked 
| 120|0x0000000087800000, 0x0000000087800000, 0x0000000087900000|  0%| F|  |TAMS 0x0000000087800000, 0x0000000087800000| Untracked 
| 121|0x0000000087900000, 0x0000000087900000, 0x0000000087a00000|  0%| F|  |TAMS 0x0000000087900000, 0x0000000087900000| Untracked 
| 122|0x0000000087a00000, 0x0000000087a00000, 0x0000000087b00000|  0%| F|  |TAMS 0x0000000087a00000, 0x0000000087a00000| Untracked 
| 123|0x0000000087b00000, 0x0000000087b00000, 0x0000000087c00000|  0%| F|  |TAMS 0x0000000087b00000, 0x0000000087b00000| Untracked 
| 124|0x0000000087c00000, 0x0000000087c00000, 0x0000000087d00000|  0%| F|  |TAMS 0x0000000087c00000, 0x0000000087c00000| Untracked 
| 125|0x0000000087d00000, 0x0000000087d00000, 0x0000000087e00000|  0%| F|  |TAMS 0x0000000087d00000, 0x0000000087d00000| Untracked 
| 126|0x0000000087e00000, 0x0000000087e00000, 0x0000000087f00000|  0%| F|  |TAMS 0x0000000087e00000, 0x0000000087e00000| Untracked 
| 127|0x0000000087f00000, 0x0000000087f00000, 0x0000000088000000|  0%| F|  |TAMS 0x0000000087f00000, 0x0000000087f00000| Untracked 
| 128|0x0000000088000000, 0x0000000088000000, 0x0000000088100000|  0%| F|  |TAMS 0x0000000088000000, 0x0000000088000000| Untracked 
| 129|0x0000000088100000, 0x0000000088100000, 0x0000000088200000|  0%| F|  |TAMS 0x0000000088100000, 0x0000000088100000| Untracked 
| 130|0x0000000088200000, 0x0000000088200000, 0x0000000088300000|  0%| F|  |TAMS 0x0000000088200000, 0x0000000088200000| Untracked 
| 131|0x0000000088300000, 0x0000000088300000, 0x0000000088400000|  0%| F|  |TAMS 0x0000000088300000, 0x0000000088300000| Untracked 
| 132|0x0000000088400000, 0x0000000088400000, 0x0000000088500000|  0%| F|  |TAMS 0x0000000088400000, 0x0000000088400000| Untracked 
| 133|0x0000000088500000, 0x0000000088500000, 0x0000000088600000|  0%| F|  |TAMS 0x0000000088500000, 0x0000000088500000| Untracked 
| 134|0x0000000088600000, 0x0000000088600000, 0x0000000088700000|  0%| F|  |TAMS 0x0000000088600000, 0x0000000088600000| Untracked 
| 135|0x0000000088700000, 0x0000000088700000, 0x0000000088800000|  0%| F|  |TAMS 0x0000000088700000, 0x0000000088700000| Untracked 
| 136|0x0000000088800000, 0x0000000088800000, 0x0000000088900000|  0%| F|  |TAMS 0x0000000088800000, 0x0000000088800000| Untracked 
| 137|0x0000000088900000, 0x0000000088900000, 0x0000000088a00000|  0%| F|  |TAMS 0x0000000088900000, 0x0000000088900000| Untracked 
| 138|0x0000000088a00000, 0x0000000088a00000, 0x0000000088b00000|  0%| F|  |TAMS 0x0000000088a00000, 0x0000000088a00000| Untracked 
| 139|0x0000000088b00000, 0x0000000088b00000, 0x0000000088c00000|  0%| F|  |TAMS 0x0000000088b00000, 0x0000000088b00000| Untracked 
| 140|0x0000000088c00000, 0x0000000088c00000, 0x0000000088d00000|  0%| F|  |TAMS 0x0000000088c00000, 0x0000000088c00000| Untracked 
| 141|0x0000000088d00000, 0x0000000088d00000, 0x0000000088e00000|  0%| F|  |TAMS 0x0000000088d00000, 0x0000000088d00000| Untracked 
| 142|0x0000000088e00000, 0x0000000088e00000, 0x0000000088f00000|  0%| F|  |TAMS 0x0000000088e00000, 0x0000000088e00000| Untracked 
| 143|0x0000000088f00000, 0x0000000088f00000, 0x0000000089000000|  0%| F|  |TAMS 0x0000000088f00000, 0x0000000088f00000| Untracked 
| 144|0x0000000089000000, 0x0000000089000000, 0x0000000089100000|  0%| F|  |TAMS 0x0000000089000000, 0x0000000089000000| Untracked 
| 145|0x0000000089100000, 0x0000000089100000, 0x0000000089200000|  0%| F|  |TAMS 0x0000000089100000, 0x0000000089100000| Untracked 
| 146|0x0000000089200000, 0x0000000089200000, 0x0000000089300000|  0%| F|  |TAMS 0x0000000089200000, 0x0000000089200000| Untracked 
| 147|0x0000000089300000, 0x000000008938f8e0, 0x0000000089400000| 56%| S|CS|TAMS 0x0000000089300000, 0x0000000089300000| Complete 
| 148|0x0000000089400000, 0x0000000089500000, 0x0000000089500000|100%| S|CS|TAMS 0x0000000089400000, 0x0000000089400000| Complete 
| 149|0x0000000089500000, 0x0000000089600000, 0x0000000089600000|100%| S|CS|TAMS 0x0000000089500000, 0x0000000089500000| Complete 
| 150|0x0000000089600000, 0x0000000089700000, 0x0000000089700000|100%| S|CS|TAMS 0x0000000089600000, 0x0000000089600000| Complete 
| 151|0x0000000089700000, 0x0000000089800000, 0x0000000089800000|100%| S|CS|TAMS 0x0000000089700000, 0x0000000089700000| Complete 
| 152|0x0000000089800000, 0x0000000089900000, 0x0000000089900000|100%| S|CS|TAMS 0x0000000089800000, 0x0000000089800000| Complete 
| 153|0x0000000089900000, 0x0000000089a00000, 0x0000000089a00000|100%| S|CS|TAMS 0x0000000089900000, 0x0000000089900000| Complete 
| 154|0x0000000089a00000, 0x0000000089a00000, 0x0000000089b00000|  0%| F|  |TAMS 0x0000000089a00000, 0x0000000089a00000| Untracked 
| 155|0x0000000089b00000, 0x0000000089b00000, 0x0000000089c00000|  0%| F|  |TAMS 0x0000000089b00000, 0x0000000089b00000| Untracked 
| 156|0x0000000089c00000, 0x0000000089c00000, 0x0000000089d00000|  0%| F|  |TAMS 0x0000000089c00000, 0x0000000089c00000| Untracked 
| 157|0x0000000089d00000, 0x0000000089d00000, 0x0000000089e00000|  0%| F|  |TAMS 0x0000000089d00000, 0x0000000089d00000| Untracked 
| 158|0x0000000089e00000, 0x0000000089e00000, 0x0000000089f00000|  0%| F|  |TAMS 0x0000000089e00000, 0x0000000089e00000| Untracked 
| 159|0x0000000089f00000, 0x0000000089f00000, 0x000000008a000000|  0%| F|  |TAMS 0x0000000089f00000, 0x0000000089f00000| Untracked 
| 160|0x000000008a000000, 0x000000008a000000, 0x000000008a100000|  0%| F|  |TAMS 0x000000008a000000, 0x000000008a000000| Untracked 
| 161|0x000000008a100000, 0x000000008a100000, 0x000000008a200000|  0%| F|  |TAMS 0x000000008a100000, 0x000000008a100000| Untracked 
| 162|0x000000008a200000, 0x000000008a200000, 0x000000008a300000|  0%| F|  |TAMS 0x000000008a200000, 0x000000008a200000| Untracked 
| 163|0x000000008a300000, 0x000000008a300000, 0x000000008a400000|  0%| F|  |TAMS 0x000000008a300000, 0x000000008a300000| Untracked 
| 164|0x000000008a400000, 0x000000008a400000, 0x000000008a500000|  0%| F|  |TAMS 0x000000008a400000, 0x000000008a400000| Untracked 
| 165|0x000000008a500000, 0x000000008a500000, 0x000000008a600000|  0%| F|  |TAMS 0x000000008a500000, 0x000000008a500000| Untracked 
| 166|0x000000008a600000, 0x000000008a600000, 0x000000008a700000|  0%| F|  |TAMS 0x000000008a600000, 0x000000008a600000| Untracked 
| 167|0x000000008a700000, 0x000000008a700000, 0x000000008a800000|  0%| F|  |TAMS 0x000000008a700000, 0x000000008a700000| Untracked 
| 168|0x000000008a800000, 0x000000008a800000, 0x000000008a900000|  0%| F|  |TAMS 0x000000008a800000, 0x000000008a800000| Untracked 
| 169|0x000000008a900000, 0x000000008a900000, 0x000000008aa00000|  0%| F|  |TAMS 0x000000008a900000, 0x000000008a900000| Untracked 
| 170|0x000000008aa00000, 0x000000008aa00000, 0x000000008ab00000|  0%| F|  |TAMS 0x000000008aa00000, 0x000000008aa00000| Untracked 
| 171|0x000000008ab00000, 0x000000008ab00000, 0x000000008ac00000|  0%| F|  |TAMS 0x000000008ab00000, 0x000000008ab00000| Untracked 
| 172|0x000000008ac00000, 0x000000008ac00000, 0x000000008ad00000|  0%| F|  |TAMS 0x000000008ac00000, 0x000000008ac00000| Untracked 
| 173|0x000000008ad00000, 0x000000008ad00000, 0x000000008ae00000|  0%| F|  |TAMS 0x000000008ad00000, 0x000000008ad00000| Untracked 
| 174|0x000000008ae00000, 0x000000008ae00000, 0x000000008af00000|  0%| F|  |TAMS 0x000000008ae00000, 0x000000008ae00000| Untracked 
| 175|0x000000008af00000, 0x000000008af00000, 0x000000008b000000|  0%| F|  |TAMS 0x000000008af00000, 0x000000008af00000| Untracked 
| 176|0x000000008b000000, 0x000000008b000000, 0x000000008b100000|  0%| F|  |TAMS 0x000000008b000000, 0x000000008b000000| Untracked 
| 177|0x000000008b100000, 0x000000008b100000, 0x000000008b200000|  0%| F|  |TAMS 0x000000008b100000, 0x000000008b100000| Untracked 
| 178|0x000000008b200000, 0x000000008b200000, 0x000000008b300000|  0%| F|  |TAMS 0x000000008b200000, 0x000000008b200000| Untracked 
| 179|0x000000008b300000, 0x000000008b300000, 0x000000008b400000|  0%| F|  |TAMS 0x000000008b300000, 0x000000008b300000| Untracked 
| 180|0x000000008b400000, 0x000000008b400000, 0x000000008b500000|  0%| F|  |TAMS 0x000000008b400000, 0x000000008b400000| Untracked 
| 181|0x000000008b500000, 0x000000008b500000, 0x000000008b600000|  0%| F|  |TAMS 0x000000008b500000, 0x000000008b500000| Untracked 
| 182|0x000000008b600000, 0x000000008b600000, 0x000000008b700000|  0%| F|  |TAMS 0x000000008b600000, 0x000000008b600000| Untracked 
| 183|0x000000008b700000, 0x000000008b700000, 0x000000008b800000|  0%| F|  |TAMS 0x000000008b700000, 0x000000008b700000| Untracked 
| 184|0x000000008b800000, 0x000000008b800000, 0x000000008b900000|  0%| F|  |TAMS 0x000000008b800000, 0x000000008b800000| Untracked 
| 185|0x000000008b900000, 0x000000008b900000, 0x000000008ba00000|  0%| F|  |TAMS 0x000000008b900000, 0x000000008b900000| Untracked 
| 186|0x000000008ba00000, 0x000000008ba00000, 0x000000008bb00000|  0%| F|  |TAMS 0x000000008ba00000, 0x000000008ba00000| Untracked 
| 187|0x000000008bb00000, 0x000000008bb00000, 0x000000008bc00000|  0%| F|  |TAMS 0x000000008bb00000, 0x000000008bb00000| Untracked 
| 188|0x000000008bc00000, 0x000000008bc00000, 0x000000008bd00000|  0%| F|  |TAMS 0x000000008bc00000, 0x000000008bc00000| Untracked 
| 189|0x000000008bd00000, 0x000000008bd00000, 0x000000008be00000|  0%| F|  |TAMS 0x000000008bd00000, 0x000000008bd00000| Untracked 
| 190|0x000000008be00000, 0x000000008be00000, 0x000000008bf00000|  0%| F|  |TAMS 0x000000008be00000, 0x000000008be00000| Untracked 
| 191|0x000000008bf00000, 0x000000008bf00000, 0x000000008c000000|  0%| F|  |TAMS 0x000000008bf00000, 0x000000008bf00000| Untracked 
| 192|0x000000008c000000, 0x000000008c000000, 0x000000008c100000|  0%| F|  |TAMS 0x000000008c000000, 0x000000008c000000| Untracked 
| 193|0x000000008c100000, 0x000000008c100000, 0x000000008c200000|  0%| F|  |TAMS 0x000000008c100000, 0x000000008c100000| Untracked 
| 194|0x000000008c200000, 0x000000008c200000, 0x000000008c300000|  0%| F|  |TAMS 0x000000008c200000, 0x000000008c200000| Untracked 
| 195|0x000000008c300000, 0x000000008c300000, 0x000000008c400000|  0%| F|  |TAMS 0x000000008c300000, 0x000000008c300000| Untracked 
| 196|0x000000008c400000, 0x000000008c400000, 0x000000008c500000|  0%| F|  |TAMS 0x000000008c400000, 0x000000008c400000| Untracked 
| 197|0x000000008c500000, 0x000000008c500000, 0x000000008c600000|  0%| F|  |TAMS 0x000000008c500000, 0x000000008c500000| Untracked 
| 198|0x000000008c600000, 0x000000008c600000, 0x000000008c700000|  0%| F|  |TAMS 0x000000008c600000, 0x000000008c600000| Untracked 
| 199|0x000000008c700000, 0x000000008c700000, 0x000000008c800000|  0%| F|  |TAMS 0x000000008c700000, 0x000000008c700000| Untracked 
| 200|0x000000008c800000, 0x000000008c800000, 0x000000008c900000|  0%| F|  |TAMS 0x000000008c800000, 0x000000008c800000| Untracked 
| 201|0x000000008c900000, 0x000000008c900000, 0x000000008ca00000|  0%| F|  |TAMS 0x000000008c900000, 0x000000008c900000| Untracked 
| 202|0x000000008ca00000, 0x000000008caf4d18, 0x000000008cb00000| 95%| E|  |TAMS 0x000000008ca00000, 0x000000008ca00000| Complete 
| 203|0x000000008cb00000, 0x000000008cc00000, 0x000000008cc00000|100%| E|CS|TAMS 0x000000008cb00000, 0x000000008cb00000| Complete 
| 204|0x000000008cc00000, 0x000000008cd00000, 0x000000008cd00000|100%| E|CS|TAMS 0x000000008cc00000, 0x000000008cc00000| Complete 
| 205|0x000000008cd00000, 0x000000008ce00000, 0x000000008ce00000|100%| E|CS|TAMS 0x000000008cd00000, 0x000000008cd00000| Complete 
| 206|0x000000008ce00000, 0x000000008cf00000, 0x000000008cf00000|100%| E|CS|TAMS 0x000000008ce00000, 0x000000008ce00000| Complete 
| 207|0x000000008cf00000, 0x000000008d000000, 0x000000008d000000|100%| E|CS|TAMS 0x000000008cf00000, 0x000000008cf00000| Complete 
| 208|0x000000008d000000, 0x000000008d100000, 0x000000008d100000|100%| E|CS|TAMS 0x000000008d000000, 0x000000008d000000| Complete 
| 209|0x000000008d100000, 0x000000008d200000, 0x000000008d200000|100%| E|CS|TAMS 0x000000008d100000, 0x000000008d100000| Complete 
| 210|0x000000008d200000, 0x000000008d300000, 0x000000008d300000|100%| E|CS|TAMS 0x000000008d200000, 0x000000008d200000| Complete 
| 211|0x000000008d300000, 0x000000008d400000, 0x000000008d400000|100%| E|CS|TAMS 0x000000008d300000, 0x000000008d300000| Complete 
| 212|0x000000008d400000, 0x000000008d500000, 0x000000008d500000|100%| E|CS|TAMS 0x000000008d400000, 0x000000008d400000| Complete 
| 213|0x000000008d500000, 0x000000008d600000, 0x000000008d600000|100%| E|CS|TAMS 0x000000008d500000, 0x000000008d500000| Complete 
| 214|0x000000008d600000, 0x000000008d700000, 0x000000008d700000|100%| E|CS|TAMS 0x000000008d600000, 0x000000008d600000| Complete 
| 215|0x000000008d700000, 0x000000008d800000, 0x000000008d800000|100%| E|  |TAMS 0x000000008d700000, 0x000000008d700000| Complete 
| 216|0x000000008d800000, 0x000000008d900000, 0x000000008d900000|100%| E|CS|TAMS 0x000000008d800000, 0x000000008d800000| Complete 
| 217|0x000000008d900000, 0x000000008da00000, 0x000000008da00000|100%| E|CS|TAMS 0x000000008d900000, 0x000000008d900000| Complete 
| 218|0x000000008da00000, 0x000000008db00000, 0x000000008db00000|100%| E|CS|TAMS 0x000000008da00000, 0x000000008da00000| Complete 
| 219|0x000000008db00000, 0x000000008dc00000, 0x000000008dc00000|100%| E|CS|TAMS 0x000000008db00000, 0x000000008db00000| Complete 
| 220|0x000000008dc00000, 0x000000008dd00000, 0x000000008dd00000|100%| E|CS|TAMS 0x000000008dc00000, 0x000000008dc00000| Complete 
| 221|0x000000008dd00000, 0x000000008de00000, 0x000000008de00000|100%| E|CS|TAMS 0x000000008dd00000, 0x000000008dd00000| Complete 

Card table byte_map: [0x000002632d3c0000,0x000002632d7c0000] _byte_map_base: 0x000002632cfc0000

Marking Bits (Prev, Next): (CMBitMap*) 0x000002631a1bdaf0, (CMBitMap*) 0x000002631a1bdab8
 Prev Bits: [0x000002632fbc0000, 0x0000026331bc0000)
 Next Bits: [0x000002632dbc0000, 0x000002632fbc0000)

Polling page: 0x0000026319960000

Metaspace:

Usage:
  Non-class:    107.04 MB capacity,   105.24 MB ( 98%) used,     1.44 MB (  1%) free+waste,   370.06 KB ( <1%) overhead. 
      Class:     16.28 MB capacity,    15.17 MB ( 93%) used,   973.40 KB (  6%) free+waste,   162.56 KB ( <1%) overhead. 
       Both:    123.32 MB capacity,   120.41 MB ( 98%) used,     2.39 MB (  2%) free+waste,   532.63 KB ( <1%) overhead. 

Virtual space:
  Non-class space:      110.00 MB reserved,     108.17 MB ( 98%) committed 
      Class space:        1.00 GB reserved,      17.00 MB (  2%) committed 
             Both:        1.11 GB reserved,     125.17 MB ( 11%) committed 

Chunk freelists:
   Non-Class:  1.13 MB
       Class:  735.00 KB
        Both:  1.85 MB

MaxMetaspaceSize: 17179869184.00 GB
CompressedClassSpaceSize: 1.00 GB
Initial GC threshold: 20.80 MB
Current GC threshold: 208.20 MB
CDS: off

CodeHeap 'non-profiled nmethods': size=120000Kb used=10789Kb max_used=10789Kb free=109210Kb
 bounds [0x0000026325760000, 0x00000263261f0000, 0x000002632cc90000]
CodeHeap 'profiled nmethods': size=120000Kb used=39493Kb max_used=39493Kb free=80506Kb
 bounds [0x000002631e230000, 0x00000263208d0000, 0x0000026325760000]
CodeHeap 'non-nmethods': size=5760Kb used=2491Kb max_used=2561Kb free=3268Kb
 bounds [0x000002631dc90000, 0x000002631df20000, 0x000002631e230000]
 total_blobs=20010 nmethods=18984 adapters=936
 compilation: enabled
              stopped_count=0, restarted_count=0
 full_count=0

Compilation events (20 events):
Event: 6299.244 Thread 0x0000026334e60000 19785       3       com.google.common.base.CharMatcher::lastIndexIn (37 bytes)
Event: 6299.244 Thread 0x0000026334e60000 nmethod 19785 0x00000263208ab090 code [0x00000263208ab280, 0x00000263208ab6c8]
Event: 6299.244 Thread 0x0000026334e60000 19784       3       com.google.common.collect.HashBiMap::putInverse (203 bytes)
Event: 6299.246 Thread 0x0000026334e60000 nmethod 19784 0x00000263208ab810 code [0x00000263208abc00, 0x00000263208ad848]
Event: 6299.248 Thread 0x0000026334e60000 19796       3       com.google.common.collect.HashBiMap$Inverse::get (16 bytes)
Event: 6299.249 Thread 0x0000026334e60000 nmethod 19796 0x00000263208ae310 code [0x00000263208ae520, 0x00000263208aeab8]
Event: 6299.249 Thread 0x0000026334e60000 19798       3       org.gradle.api.internal.tasks.compile.incremental.serialization.HierarchicalNameSerializer::writeName (88 bytes)
Event: 6299.250 Thread 0x0000026334e60000 nmethod 19798 0x00000263208aed10 code [0x00000263208aefa0, 0x00000263208afb48]
Event: 6299.250 Thread 0x0000026334e60000 19799       3       it.unimi.dsi.fastutil.ints.IntOpenHashSet::iterator (10 bytes)
Event: 6299.250 Thread 0x0000026334e60000 nmethod 19799 0x00000263208aff10 code [0x00000263208b00e0, 0x00000263208b02e8]
Event: 6299.250 Thread 0x0000026334e60000 19800       3       it.unimi.dsi.fastutil.ints.IntOpenHashSet$SetIterator::<init> (6 bytes)
Event: 6299.250 Thread 0x0000026334e60000 nmethod 19800 0x00000263208b0410 code [0x00000263208b05c0, 0x00000263208b06e8]
Event: 6299.250 Thread 0x0000026334e60000 19801       3       it.unimi.dsi.fastutil.ints.IntOpenHashSet$SetIterator::<init> (48 bytes)
Event: 6299.250 Thread 0x0000026334e60000 nmethod 19801 0x00000263208b0790 code [0x00000263208b0940, 0x00000263208b0b18]
Event: 6299.281 Thread 0x0000026334e60000 19806       3       org.objectweb.asm.ClassReader::readByte (11 bytes)
Event: 6299.281 Thread 0x0000026334e60000 nmethod 19806 0x00000263208b0c10 code [0x00000263208b0dc0, 0x00000263208b0ef8]
Event: 6299.281 Thread 0x0000026334e60000 19804       3       org.objectweb.asm.ClassReader::getItemCount (6 bytes)
Event: 6299.281 Thread 0x0000026334e60000 nmethod 19804 0x00000263208b1010 code [0x00000263208b11c0, 0x00000263208b12d8]
Event: 6299.281 Thread 0x0000026334e60000 19805       3       org.objectweb.asm.ClassReader::getItem (7 bytes)
Event: 6299.282 Thread 0x0000026334e60000 nmethod 19805 0x00000263208b1390 code [0x00000263208b1540, 0x00000263208b1678]

GC Heap History (20 events):
Event: 6287.923 GC heap before
{Heap before GC invocations=44 (full 0):
 garbage-first heap   total 227328K, used 173473K [0x0000000080000000, 0x0000000100000000)
  region size 1024K, 63 young (64512K), 1 survivors (1024K)
 Metaspace       used 120560K, capacity 123286K, committed 126124K, reserved 1159168K
  class space    used 15385K, capacity 16496K, committed 17408K, reserved 1048576K
}
Event: 6287.944 GC heap after
{Heap after GC invocations=45 (full 0):
 garbage-first heap   total 227328K, used 111291K [0x0000000080000000, 0x0000000100000000)
  region size 1024K, 2 young (2048K), 2 survivors (2048K)
 Metaspace       used 120560K, capacity 123286K, committed 126124K, reserved 1159168K
  class space    used 15385K, capacity 16496K, committed 17408K, reserved 1048576K
}
Event: 6288.307 GC heap before
{Heap before GC invocations=45 (full 0):
 garbage-first heap   total 227328K, used 120507K [0x0000000080000000, 0x0000000100000000)
  region size 1024K, 11 young (11264K), 2 survivors (2048K)
 Metaspace       used 120745K, capacity 123565K, committed 126124K, reserved 1159168K
  class space    used 15408K, capacity 16537K, committed 17408K, reserved 1048576K
}
Event: 6288.349 GC heap after
{Heap after GC invocations=46 (full 0):
 garbage-first heap   total 227328K, used 94513K [0x0000000080000000, 0x0000000100000000)
  region size 1024K, 2 young (2048K), 2 survivors (2048K)
 Metaspace       used 120745K, capacity 123565K, committed 126124K, reserved 1159168K
  class space    used 15408K, capacity 16537K, committed 17408K, reserved 1048576K
}
Event: 6288.651 GC heap before
{Heap before GC invocations=46 (full 0):
 garbage-first heap   total 227328K, used 102705K [0x0000000080000000, 0x0000000100000000)
  region size 1024K, 11 young (11264K), 2 survivors (2048K)
 Metaspace       used 120917K, capacity 123700K, committed 126380K, reserved 1159168K
  class space    used 15408K, capacity 16537K, committed 17408K, reserved 1048576K
}
Event: 6288.697 GC heap after
{Heap after GC invocations=47 (full 0):
 garbage-first heap   total 227328K, used 83392K [0x0000000080000000, 0x0000000100000000)
  region size 1024K, 1 young (1024K), 1 survivors (1024K)
 Metaspace       used 120917K, capacity 123700K, committed 126380K, reserved 1159168K
  class space    used 15408K, capacity 16537K, committed 17408K, reserved 1048576K
}
Event: 6289.334 GC heap before
{Heap before GC invocations=47 (full 0):
 garbage-first heap   total 227328K, used 164288K [0x0000000080000000, 0x0000000100000000)
  region size 1024K, 81 young (82944K), 1 survivors (1024K)
 Metaspace       used 121135K, capacity 123993K, committed 126380K, reserved 1159168K
  class space    used 15415K, capacity 16551K, committed 17408K, reserved 1048576K
}
Event: 6289.369 GC heap after
{Heap after GC invocations=48 (full 0):
 garbage-first heap   total 227328K, used 87731K [0x0000000080000000, 0x0000000100000000)
  region size 1024K, 6 young (6144K), 6 survivors (6144K)
 Metaspace       used 121135K, capacity 123993K, committed 126380K, reserved 1159168K
  class space    used 15415K, capacity 16551K, committed 17408K, reserved 1048576K
}
Event: 6290.217 GC heap before
{Heap before GC invocations=49 (full 0):
 garbage-first heap   total 227328K, used 178867K [0x0000000080000000, 0x0000000100000000)
  region size 1024K, 86 young (88064K), 6 survivors (6144K)
 Metaspace       used 121380K, capacity 124185K, committed 126892K, reserved 1159168K
  class space    used 15378K, capacity 16476K, committed 17408K, reserved 1048576K
}
Event: 6290.253 GC heap after
{Heap after GC invocations=50 (full 0):
 garbage-first heap   total 227328K, used 112000K [0x0000000080000000, 0x0000000100000000)
  region size 1024K, 11 young (11264K), 11 survivors (11264K)
 Metaspace       used 121380K, capacity 124185K, committed 126892K, reserved 1159168K
  class space    used 15378K, capacity 16476K, committed 17408K, reserved 1048576K
}
Event: 6290.259 GC heap before
{Heap before GC invocations=50 (full 0):
 garbage-first heap   total 227328K, used 113024K [0x0000000080000000, 0x0000000100000000)
  region size 1024K, 12 young (12288K), 11 survivors (11264K)
 Metaspace       used 121382K, capacity 124185K, committed 126892K, reserved 1159168K
  class space    used 15378K, capacity 16476K, committed 17408K, reserved 1048576K
}
Event: 6290.277 GC heap after
{Heap after GC invocations=51 (full 0):
 garbage-first heap   total 227328K, used 111405K [0x0000000080000000, 0x0000000100000000)
  region size 1024K, 2 young (2048K), 2 survivors (2048K)
 Metaspace       used 121382K, capacity 124185K, committed 126892K, reserved 1159168K
  class space    used 15378K, capacity 16476K, committed 17408K, reserved 1048576K
}
Event: 6290.366 GC heap before
{Heap before GC invocations=51 (full 0):
 garbage-first heap   total 227328K, used 121645K [0x0000000080000000, 0x0000000100000000)
  region size 1024K, 13 young (13312K), 2 survivors (2048K)
 Metaspace       used 121391K, capacity 124249K, committed 126892K, reserved 1159168K
  class space    used 15378K, capacity 16476K, committed 17408K, reserved 1048576K
}
Event: 6290.375 GC heap after
{Heap after GC invocations=52 (full 0):
 garbage-first heap   total 227328K, used 116123K [0x0000000080000000, 0x0000000100000000)
  region size 1024K, 6 young (6144K), 6 survivors (6144K)
 Metaspace       used 121391K, capacity 124249K, committed 126892K, reserved 1159168K
  class space    used 15378K, capacity 16476K, committed 17408K, reserved 1048576K
}
Event: 6290.895 GC heap before
{Heap before GC invocations=53 (full 0):
 garbage-first heap   total 227328K, used 189851K [0x0000000080000000, 0x0000000100000000)
  region size 1024K, 63 young (64512K), 6 survivors (6144K)
 Metaspace       used 122095K, capacity 124915K, committed 127404K, reserved 1159168K
  class space    used 15454K, capacity 16572K, committed 17408K, reserved 1048576K
}
Event: 6290.900 GC heap after
{Heap after GC invocations=54 (full 0):
 garbage-first heap   total 227328K, used 112674K [0x0000000080000000, 0x0000000100000000)
  region size 1024K, 2 young (2048K), 2 survivors (2048K)
 Metaspace       used 122095K, capacity 124915K, committed 127404K, reserved 1159168K
  class space    used 15454K, capacity 16572K, committed 17408K, reserved 1048576K
}
Event: 6291.040 GC heap before
{Heap before GC invocations=54 (full 0):
 garbage-first heap   total 227328K, used 120866K [0x0000000080000000, 0x0000000100000000)
  region size 1024K, 11 young (11264K), 2 survivors (2048K)
 Metaspace       used 122481K, capacity 125293K, committed 127660K, reserved 1159168K
  class space    used 15494K, capacity 16609K, committed 17408K, reserved 1048576K
}
Event: 6291.048 GC heap after
{Heap after GC invocations=55 (full 0):
 garbage-first heap   total 227328K, used 110688K [0x0000000080000000, 0x0000000100000000)
  region size 1024K, 2 young (2048K), 2 survivors (2048K)
 Metaspace       used 122481K, capacity 125293K, committed 127660K, reserved 1159168K
  class space    used 15494K, capacity 16609K, committed 17408K, reserved 1048576K
}
Event: 6293.205 GC heap before
{Heap before GC invocations=55 (full 0):
 garbage-first heap   total 227328K, used 177248K [0x0000000080000000, 0x0000000100000000)
  region size 1024K, 68 young (69632K), 2 survivors (2048K)
 Metaspace       used 122993K, capacity 125956K, committed 127916K, reserved 1159168K
  class space    used 15523K, capacity 16662K, committed 17408K, reserved 1048576K
}
Event: 6293.213 GC heap after
{Heap after GC invocations=56 (full 0):
 garbage-first heap   total 227328K, used 116232K [0x0000000080000000, 0x0000000100000000)
  region size 1024K, 7 young (7168K), 7 survivors (7168K)
 Metaspace       used 122993K, capacity 125956K, committed 127916K, reserved 1159168K
  class space    used 15523K, capacity 16662K, committed 17408K, reserved 1048576K
}

Deoptimization events (20 events):
Event: 6299.164 Thread 0x00000263381bb800 Uncommon trap: trap_request=0xffffffde fr.pc=0x00000263261caa60 relative=0x0000000000001420
Event: 6299.164 Thread 0x00000263381bb800 Uncommon trap: reason=class_check action=maybe_recompile pc=0x00000263261caa60 method=org.objectweb.asm.ClassReader.readField(Lorg/objectweb/asm/ClassVisitor;Lorg/objectweb/asm/Context;I)I @ 332 c2
Event: 6299.164 Thread 0x00000263381bb800 DEOPT PACKING pc=0x00000263261caa60 sp=0x0000008dc1ffd590
Event: 6299.164 Thread 0x00000263381bb800 DEOPT UNPACKING pc=0x000002631dcda1af sp=0x0000008dc1ffd4f0 mode 2
Event: 6299.164 Thread 0x00000263381bb800 Uncommon trap: trap_request=0xffffffde fr.pc=0x00000263261caa60 relative=0x0000000000001420
Event: 6299.164 Thread 0x00000263381bb800 Uncommon trap: reason=class_check action=maybe_recompile pc=0x00000263261caa60 method=org.objectweb.asm.ClassReader.readField(Lorg/objectweb/asm/ClassVisitor;Lorg/objectweb/asm/Context;I)I @ 332 c2
Event: 6299.164 Thread 0x00000263381bb800 DEOPT PACKING pc=0x00000263261caa60 sp=0x0000008dc1ffd590
Event: 6299.164 Thread 0x00000263381bb800 DEOPT UNPACKING pc=0x000002631dcda1af sp=0x0000008dc1ffd4f0 mode 2
Event: 6299.164 Thread 0x00000263381bb800 Uncommon trap: trap_request=0xffffffde fr.pc=0x00000263261caa60 relative=0x0000000000001420
Event: 6299.164 Thread 0x00000263381bb800 Uncommon trap: reason=class_check action=maybe_recompile pc=0x00000263261caa60 method=org.objectweb.asm.ClassReader.readField(Lorg/objectweb/asm/ClassVisitor;Lorg/objectweb/asm/Context;I)I @ 332 c2
Event: 6299.164 Thread 0x00000263381bb800 DEOPT PACKING pc=0x00000263261caa60 sp=0x0000008dc1ffd590
Event: 6299.164 Thread 0x00000263381bb800 DEOPT UNPACKING pc=0x000002631dcda1af sp=0x0000008dc1ffd4f0 mode 2
Event: 6299.164 Thread 0x00000263381bb800 Uncommon trap: trap_request=0xffffffde fr.pc=0x00000263261caa60 relative=0x0000000000001420
Event: 6299.164 Thread 0x00000263381bb800 Uncommon trap: reason=class_check action=maybe_recompile pc=0x00000263261caa60 method=org.objectweb.asm.ClassReader.readField(Lorg/objectweb/asm/ClassVisitor;Lorg/objectweb/asm/Context;I)I @ 332 c2
Event: 6299.164 Thread 0x00000263381bb800 DEOPT PACKING pc=0x00000263261caa60 sp=0x0000008dc1ffd590
Event: 6299.164 Thread 0x00000263381bb800 DEOPT UNPACKING pc=0x000002631dcda1af sp=0x0000008dc1ffd4f0 mode 2
Event: 6299.164 Thread 0x00000263381bb800 Uncommon trap: trap_request=0xffffffcc fr.pc=0x00000263261e8e3c relative=0x000000000000017c
Event: 6299.164 Thread 0x00000263381bb800 Uncommon trap: reason=intrinsic_or_type_checked_inlining action=make_not_entrant pc=0x00000263261e8e3c method=java.util.ArrayList$SubList.toArray([Ljava/lang/Object;)[Ljava/lang/Object; @ 58 c2
Event: 6299.164 Thread 0x00000263381bb800 DEOPT PACKING pc=0x00000263261e8e3c sp=0x0000008dc1ffda80
Event: 6299.164 Thread 0x00000263381bb800 DEOPT UNPACKING pc=0x000002631dcda1af sp=0x0000008dc1ffda30 mode 2

Classes redefined (0 events):
No events

Internal exceptions (20 events):
Event: 6291.126 Thread 0x0000026341ac6800 Exception <a 'java/lang/NoSuchMethodError'{0x000000008d9bd548}: <clinit>> (0x000000008d9bd548) thrown at [./src/hotspot/share/prims/jni.cpp, line 1365]
Event: 6291.126 Thread 0x0000026341ac6800 Exception <a 'java/lang/NoSuchMethodError'{0x000000008d9be780}: <clinit>> (0x000000008d9be780) thrown at [./src/hotspot/share/prims/jni.cpp, line 1365]
Event: 6291.190 Thread 0x0000026341ac6800 Exception <a 'java/lang/NoSuchMethodError'{0x000000008d5cde80}: <clinit>> (0x000000008d5cde80) thrown at [./src/hotspot/share/prims/jni.cpp, line 1365]
Event: 6291.193 Thread 0x0000026341ac6800 Exception <a 'java/lang/NoSuchMethodError'{0x000000008d5fe348}: <clinit>> (0x000000008d5fe348) thrown at [./src/hotspot/share/prims/jni.cpp, line 1365]
Event: 6291.193 Thread 0x0000026341ac6800 Exception <a 'java/lang/NoSuchMethodError'{0x000000008d211518}: <clinit>> (0x000000008d211518) thrown at [./src/hotspot/share/prims/jni.cpp, line 1365]
Event: 6292.843 Thread 0x0000026341acf000 Exception <a 'sun/nio/fs/WindowsException'{0x000000008bbd47a0}> (0x000000008bbd47a0) thrown at [./src/hotspot/share/prims/jni.cpp, line 615]
Event: 6292.843 Thread 0x0000026341acf000 Exception <a 'sun/nio/fs/WindowsException'{0x000000008bbd4888}> (0x000000008bbd4888) thrown at [./src/hotspot/share/prims/jni.cpp, line 615]
Event: 6293.167 Thread 0x0000026341ac6800 Exception <a 'java/lang/NoSuchMethodError'{0x0000000089cf3af0}: <clinit>> (0x0000000089cf3af0) thrown at [./src/hotspot/share/prims/jni.cpp, line 1365]
Event: 6293.168 Thread 0x0000026341ac6800 Exception <a 'java/lang/NoSuchMethodError'{0x0000000089b06070}: <clinit>> (0x0000000089b06070) thrown at [./src/hotspot/share/prims/jni.cpp, line 1365]
Event: 6293.172 Thread 0x0000026341ac6800 Exception <a 'java/lang/NoSuchMethodError'{0x0000000089b0e8a0}: <clinit>> (0x0000000089b0e8a0) thrown at [./src/hotspot/share/prims/jni.cpp, line 1365]
Event: 6293.175 Thread 0x0000026341ac6800 Exception <a 'java/lang/NoSuchMethodError'{0x0000000089b43838}: <clinit>> (0x0000000089b43838) thrown at [./src/hotspot/share/prims/jni.cpp, line 1365]
Event: 6293.178 Thread 0x0000026341acf800 Exception <a 'java/lang/InterruptedException'{0x0000000089b82358}> (0x0000000089b82358) thrown at [./src/hotspot/share/runtime/objectMonitor.cpp, line 1635]
Event: 6293.191 Thread 0x0000026341ac6800 Exception <a 'java/lang/NoSuchMethodError'{0x0000000089b56020}: <clinit>> (0x0000000089b56020) thrown at [./src/hotspot/share/prims/jni.cpp, line 1365]
Event: 6293.192 Thread 0x0000026341ac6800 Exception <a 'java/lang/NoSuchMethodError'{0x0000000089b67e30}: <clinit>> (0x0000000089b67e30) thrown at [./src/hotspot/share/prims/jni.cpp, line 1365]
Event: 6293.192 Thread 0x0000026341ac6800 Exception <a 'java/lang/NoSuchMethodError'{0x0000000089b79c18}: <clinit>> (0x0000000089b79c18) thrown at [./src/hotspot/share/prims/jni.cpp, line 1365]
Event: 6293.195 Thread 0x0000026341ac6800 Exception <a 'java/lang/NoSuchMethodError'{0x0000000089b9bbf0}: <clinit>> (0x0000000089b9bbf0) thrown at [./src/hotspot/share/prims/jni.cpp, line 1365]
Event: 6293.201 Thread 0x0000026341ac6800 Exception <a 'java/lang/NoSuchMethodError'{0x0000000089a202b0}: <clinit>> (0x0000000089a202b0) thrown at [./src/hotspot/share/prims/jni.cpp, line 1365]
Event: 6293.204 Thread 0x0000026341ac6800 Exception <a 'java/lang/NoSuchMethodError'{0x0000000089a69078}: <clinit>> (0x0000000089a69078) thrown at [./src/hotspot/share/prims/jni.cpp, line 1365]
Event: 6293.204 Thread 0x0000026341ac6800 Exception <a 'java/lang/NoSuchMethodError'{0x0000000089a88e48}: <clinit>> (0x0000000089a88e48) thrown at [./src/hotspot/share/prims/jni.cpp, line 1365]
Event: 6293.204 Thread 0x0000026341ac6800 Exception <a 'java/lang/NoSuchMethodError'{0x0000000089aa8c90}: <clinit>> (0x0000000089aa8c90) thrown at [./src/hotspot/share/prims/jni.cpp, line 1365]

Events (20 events):
Event: 6297.966 loading class org/gradle/internal/normalization/java/impl/AnnotationValue done
Event: 6298.439 loading class org/gradle/internal/normalization/java/impl/ArrayAnnotationValue
Event: 6298.439 loading class org/gradle/internal/normalization/java/impl/ArrayAnnotationValue done
Event: 6298.455 loading class org/gradle/internal/normalization/java/impl/SimpleAnnotationValue
Event: 6298.455 loading class org/gradle/internal/normalization/java/impl/SimpleAnnotationValue done
Event: 6298.478 loading class org/gradle/internal/normalization/java/impl/EnumAnnotationValue
Event: 6298.478 loading class org/gradle/internal/normalization/java/impl/EnumAnnotationValue done
Event: 6298.646 Thread 0x000002633b126000 Thread exited: 0x000002633b126000
Event: 6298.999 Thread 0x00000263381bb800 Thread added: 0x00000263381bb800
Event: 6299.009 Thread 0x00000263381bf800 Thread added: 0x00000263381bf800
Event: 6299.009 Thread 0x00000263381c2000 Thread added: 0x00000263381c2000
Event: 6299.009 Thread 0x00000263381bd000 Thread added: 0x00000263381bd000
Event: 6299.009 Thread 0x00000263381be800 Thread added: 0x00000263381be800
Event: 6299.009 Thread 0x00000263381bc000 Thread added: 0x00000263381bc000
Event: 6299.009 Thread 0x00000263381c2800 Thread added: 0x00000263381c2800
Event: 6299.009 Thread 0x00000263381c3800 Thread added: 0x00000263381c3800
Event: 6299.031 loading class org/gradle/api/internal/tasks/compile/incremental/classpath/DefaultClassSetAnalyzer$DirectoryEntryVisitor
Event: 6299.031 loading class org/gradle/api/internal/tasks/compile/incremental/classpath/DefaultClassSetAnalyzer$DirectoryEntryVisitor done
Event: 6299.285 loading class it/unimi/dsi/fastutil/ints/IntIterators
Event: 6299.285 loading class it/unimi/dsi/fastutil/ints/IntIterators done


Dynamic libraries:
0x00007ff7d4250000 - 0x00007ff7d425a000 	C:\Program Files\Android\Android Studio\jre\bin\java.exe
0x00007ff93dc30000 - 0x00007ff93de28000 	C:\WINDOWS\SYSTEM32\ntdll.dll
0x00007ff93bd50000 - 0x00007ff93be0d000 	C:\WINDOWS\System32\KERNEL32.DLL
0x00007ff93b380000 - 0x00007ff93b64e000 	C:\WINDOWS\System32\KERNELBASE.dll
0x00007ff93ba40000 - 0x00007ff93bb40000 	C:\WINDOWS\System32\ucrtbase.dll
0x00007ff933950000 - 0x00007ff933969000 	C:\Program Files\Android\Android Studio\jre\bin\jli.dll
0x00007ff933930000 - 0x00007ff933947000 	C:\Program Files\Android\Android Studio\jre\bin\VCRUNTIME140.dll
0x00007ff93ca90000 - 0x00007ff93cc30000 	C:\WINDOWS\System32\USER32.dll
0x00007ff928490000 - 0x00007ff92872a000 	C:\WINDOWS\WinSxS\amd64_microsoft.windows.common-controls_6595b64144ccf1df_6.0.19041.1110_none_60b5254171f9507e\COMCTL32.dll
0x00007ff93b350000 - 0x00007ff93b372000 	C:\WINDOWS\System32\win32u.dll
0x00007ff93db50000 - 0x00007ff93dbee000 	C:\WINDOWS\System32\msvcrt.dll
0x00007ff93be80000 - 0x00007ff93beaa000 	C:\WINDOWS\System32\GDI32.dll
0x00007ff93b7b0000 - 0x00007ff93b8bb000 	C:\WINDOWS\System32\gdi32full.dll
0x00007ff93b8c0000 - 0x00007ff93b95d000 	C:\WINDOWS\System32\msvcp_win.dll
0x00007ff93d0e0000 - 0x00007ff93d110000 	C:\WINDOWS\System32\IMM32.DLL
0x00007ff8f0690000 - 0x00007ff8f072d000 	C:\Program Files\Android\Android Studio\jre\bin\msvcp140.dll
0x00007ff8ff900000 - 0x00007ff9003e5000 	C:\Program Files\Android\Android Studio\jre\bin\server\jvm.dll
0x00007ff93c9e0000 - 0x00007ff93ca8e000 	C:\WINDOWS\System32\ADVAPI32.dll
0x00007ff93cc30000 - 0x00007ff93cccc000 	C:\WINDOWS\System32\sechost.dll
0x00007ff93beb0000 - 0x00007ff93bfd5000 	C:\WINDOWS\System32\RPCRT4.dll
0x00007ff93bd40000 - 0x00007ff93bd48000 	C:\WINDOWS\System32\PSAPI.DLL
0x00007ff925e00000 - 0x00007ff925e09000 	C:\WINDOWS\SYSTEM32\WSOCK32.dll
0x00007ff926260000 - 0x00007ff926287000 	C:\WINDOWS\SYSTEM32\WINMM.dll
0x00007ff9315d0000 - 0x00007ff9315da000 	C:\WINDOWS\SYSTEM32\VERSION.dll
0x00007ff93c820000 - 0x00007ff93c88b000 	C:\WINDOWS\System32\WS2_32.dll
0x00007ff939c10000 - 0x00007ff939c22000 	C:\WINDOWS\SYSTEM32\kernel.appcore.dll
0x00007ff935600000 - 0x00007ff935611000 	C:\Program Files\Android\Android Studio\jre\bin\verify.dll
0x00007ff9398c0000 - 0x00007ff939aa4000 	C:\WINDOWS\SYSTEM32\DBGHELP.DLL
0x00007ff928840000 - 0x00007ff92886c000 	C:\WINDOWS\SYSTEM32\dbgcore.DLL
0x00007ff93b960000 - 0x00007ff93b9e2000 	C:\WINDOWS\System32\bcryptPrimitives.dll
0x00007ff934ff0000 - 0x00007ff935019000 	C:\Program Files\Android\Android Studio\jre\bin\java.dll
0x00007ff9380e0000 - 0x00007ff9380eb000 	C:\Program Files\Android\Android Studio\jre\bin\jimage.dll
0x00007ff934fd0000 - 0x00007ff934fe8000 	C:\Program Files\Android\Android Studio\jre\bin\zip.dll
0x00007ff93c0b0000 - 0x00007ff93c7f4000 	C:\WINDOWS\System32\SHELL32.dll
0x00007ff939060000 - 0x00007ff9397f4000 	C:\WINDOWS\SYSTEM32\windows.storage.dll
0x00007ff93d110000 - 0x00007ff93d464000 	C:\WINDOWS\System32\combase.dll
0x00007ff93adb0000 - 0x00007ff93ade0000 	C:\WINDOWS\SYSTEM32\Wldp.dll
0x00007ff93bc90000 - 0x00007ff93bd3d000 	C:\WINDOWS\System32\SHCORE.dll
0x00007ff93d000000 - 0x00007ff93d055000 	C:\WINDOWS\System32\shlwapi.dll
0x00007ff93b290000 - 0x00007ff93b2af000 	C:\WINDOWS\SYSTEM32\profapi.dll
0x00007ff934dd0000 - 0x00007ff934dea000 	C:\Program Files\Android\Android Studio\jre\bin\net.dll
0x00007ff92f7e0000 - 0x00007ff92f8ea000 	C:\WINDOWS\SYSTEM32\WINHTTP.dll
0x00007ff93ab10000 - 0x00007ff93ab7a000 	C:\WINDOWS\system32\mswsock.dll
0x00007ff934560000 - 0x00007ff934574000 	C:\Program Files\Android\Android Studio\jre\bin\nio.dll
0x00007ff925e10000 - 0x00007ff925e37000 	C:\Users\79269\.gradle\native\e1d6ef7f7dcc3fd88c89a11ec53ec762bb8ba0a96d01ffa2cd45eb1d1d8dd5c5\windows-amd64\native-platform.dll
0x00007ff8ed150000 - 0x00007ff8ed294000 	C:\Users\79269\.gradle\native\5664cfc778a61ccfe75a443a1ab52a65af34e5dc3c78e0209fed803814484fcb\windows-amd64\native-platform-file-events.dll
0x00007ff9355f0000 - 0x00007ff9355fa000 	C:\Program Files\Android\Android Studio\jre\bin\management.dll
0x00007ff935540000 - 0x00007ff93554d000 	C:\Program Files\Android\Android Studio\jre\bin\management_ext.dll
0x00007ff93ad10000 - 0x00007ff93ad28000 	C:\WINDOWS\SYSTEM32\CRYPTSP.dll
0x00007ff93a420000 - 0x00007ff93a454000 	C:\WINDOWS\system32\rsaenh.dll
0x00007ff93bbf0000 - 0x00007ff93bc17000 	C:\WINDOWS\System32\bcrypt.dll
0x00007ff93b250000 - 0x00007ff93b27e000 	C:\WINDOWS\SYSTEM32\USERENV.dll
0x00007ff93ad00000 - 0x00007ff93ad0c000 	C:\WINDOWS\SYSTEM32\CRYPTBASE.dll
0x00007ff93a7b0000 - 0x00007ff93a7eb000 	C:\WINDOWS\SYSTEM32\IPHLPAPI.DLL
0x00007ff93c9d0000 - 0x00007ff93c9d8000 	C:\WINDOWS\System32\NSI.dll
0x00007ff932460000 - 0x00007ff932477000 	C:\WINDOWS\SYSTEM32\dhcpcsvc6.DLL
0x00007ff932fd0000 - 0x00007ff932fed000 	C:\WINDOWS\SYSTEM32\dhcpcsvc.DLL
0x00007ff93a7f0000 - 0x00007ff93a8bb000 	C:\WINDOWS\SYSTEM32\DNSAPI.dll
0x00007ff93a150000 - 0x00007ff93a183000 	C:\WINDOWS\SYSTEM32\ntmarta.dll
0x00007ff934bf0000 - 0x00007ff934c0e000 	C:\Users\79269\AppData\Local\Temp\native-platform18047961292753861290dir\native-platform.dll
0x00007ff934510000 - 0x00007ff934518000 	C:\Program Files\Android\Android Studio\jre\bin\rmi.dll
0x00007ff934160000 - 0x00007ff934177000 	C:\WINDOWS\system32\napinsp.dll
0x00007ff933fa0000 - 0x00007ff933fbb000 	C:\WINDOWS\system32\pnrpnsp.dll
0x00007ff935b50000 - 0x00007ff935b65000 	C:\WINDOWS\system32\wshbth.dll
0x00007ff938080000 - 0x00007ff93809d000 	C:\WINDOWS\system32\NLAapi.dll
0x00007ff933f80000 - 0x00007ff933f92000 	C:\WINDOWS\System32\winrnr.dll
0x00007ff927490000 - 0x00007ff92749a000 	C:\Windows\System32\rasadhlp.dll
0x00007ff9277c0000 - 0x00007ff927840000 	C:\WINDOWS\System32\fwpuclnt.dll
0x00007ff933280000 - 0x00007ff9332a7000 	C:\Program Files\Android\Android Studio\jre\bin\sunec.dll

dbghelp: loaded successfully - version: 4.0.5 - missing functions: none
symbol engine: initialized successfully - sym options: 0x614 - pdb path: .;C:\Program Files\Android\Android Studio\jre\bin;C:\WINDOWS\SYSTEM32;C:\WINDOWS\WinSxS\amd64_microsoft.windows.common-controls_6595b64144ccf1df_6.0.19041.1110_none_60b5254171f9507e;C:\Program Files\Android\Android Studio\jre\bin\server;C:\Users\79269\.gradle\native\e1d6ef7f7dcc3fd88c89a11ec53ec762bb8ba0a96d01ffa2cd45eb1d1d8dd5c5\windows-amd64;C:\Users\79269\.gradle\native\5664cfc778a61ccfe75a443a1ab52a65af34e5dc3c78e0209fed803814484fcb\windows-amd64;C:\Users\79269\AppData\Local\Temp\native-platform18047961292753861290dir

VM Arguments:
jvm_args: --add-opens=java.base/java.util=ALL-UNNAMED --add-opens=java.base/java.lang=ALL-UNNAMED --add-opens=java.base/java.lang.invoke=ALL-UNNAMED --add-opens=java.base/java.util=ALL-UNNAMED --add-opens=java.prefs/java.util.prefs=ALL-UNNAMED --add-opens=java.prefs/java.util.prefs=ALL-UNNAMED --add-opens=java.base/java.nio.charset=ALL-UNNAMED --add-opens=java.base/java.net=ALL-UNNAMED --add-opens=java.base/java.util.concurrent.atomic=ALL-UNNAMED -Xmx2048m -Dfile.encoding=UTF-8 -Duser.country=RU -Duser.language=ru -Duser.variant 
java_command: org.gradle.launcher.daemon.bootstrap.GradleDaemon 7.3.3
java_class_path (initial): C:\Users\79269\.gradle\wrapper\dists\gradle-7.3.3-bin\6a41zxkdtcxs8rphpq6y0069z\gradle-7.3.3\lib\gradle-launcher-7.3.3.jar
Launcher Type: SUN_STANDARD

[Global flags]
     intx CICompilerCount                          = 4                                         {product} {ergonomic}
     uint ConcGCThreads                            = 2                                         {product} {ergonomic}
     uint G1ConcRefinementThreads                  = 8                                         {product} {ergonomic}
   size_t G1HeapRegionSize                         = 1048576                                   {product} {ergonomic}
    uintx GCDrainStackTargetSize                   = 64                                        {product} {ergonomic}
   size_t InitialHeapSize                          = 134217728                                 {product} {ergonomic}
   size_t MarkStackSize                            = 4194304                                   {product} {ergonomic}
   size_t MaxHeapSize                              = 2147483648                                {product} {command line}
   size_t MaxNewSize                               = 1287651328                                {product} {ergonomic}
   size_t MinHeapDeltaBytes                        = 1048576                                   {product} {ergonomic}
    uintx NonNMethodCodeHeapSize                   = 5836300                                {pd product} {ergonomic}
    uintx NonProfiledCodeHeapSize                  = 122910970                              {pd product} {ergonomic}
    uintx ProfiledCodeHeapSize                     = 122910970                              {pd product} {ergonomic}
    uintx ReservedCodeCacheSize                    = 251658240                              {pd product} {ergonomic}
     bool SegmentedCodeCache                       = true                                      {product} {ergonomic}
     bool UseCompressedClassPointers               = true                                 {lp64_product} {ergonomic}
     bool UseCompressedOops                        = true                                 {lp64_product} {ergonomic}
     bool UseG1GC                                  = true                                      {product} {ergonomic}
     bool UseLargePagesIndividualAllocation        = false                                  {pd product} {ergonomic}

Logging:
Log output configuration:
 #0: stdout all=warning uptime,level,tags
 #1: stderr all=off uptime,level,tags

Environment Variables:
PATH=C:\Program Files\Common Files\Oracle\Java\javapath;C:\WINDOWS\system32;C:\WINDOWS;C:\WINDOWS\System32\Wbem;C:\WINDOWS\System32\WindowsPowerShell\v1.0\;C:\WINDOWS\System32\OpenSSH\;C:\Program Files\PuTTY\;C:\Program Files (x86)\Intel\Intel(R) Management Engine Components\DAL;C:\Program Files\Intel\Intel(R) Management Engine Components\DAL;C:\Users\79269\AppData\Local\Microsoft\WindowsApps;;C:\Program Files\JetBrains\IntelliJ IDEA Community Edition 2022.1.3\bin;
USERNAME=zh3ncorp
OS=Windows_NT
PROCESSOR_IDENTIFIER=Intel64 Family 6 Model 142 Stepping 10, GenuineIntel



---------------  S Y S T E M  ---------------

OS: Windows 10 , 64 bit Build 19041 (10.0.19041.1806)
OS uptime: 0 days 23:11 hours

CPU:total 8 (initial active 8) (4 cores per cpu, 2 threads per core) family 6 model 142 stepping 10 microcode 0xf0, cmov, cx8, fxsr, mmx, sse, sse2, sse3, ssse3, sse4.1, sse4.2, popcnt, avx, avx2, aes, clmul, erms, 3dnowpref, lzcnt, ht, tsc, tscinvbit, bmi1, bmi2, adx, fma

Memory: 4k page, system-wide physical 8089M (113M free)
TotalPageFile size 12185M (AvailPageFile size 0M)
current process WorkingSet (physical memory assigned to process): 402M, peak: 500M
current process commit charge ("private bytes"): 601M, peak: 623M

vm_info: OpenJDK 64-Bit Server VM (11.0.12+7-b1504.28-7817840) for windows-amd64 JRE (11.0.12+7-b1504.28-7817840), built on Oct 13 2021 22:12:33 by "builder" with MS VC++ 14.0 (VS2015)

END.
